[0.867s] Invoking command in '/home/femi/Mybot2_ws/src/teleop_keyboard': PYTHONPATH=/home/femi/Mybot2_ws/build/teleop_keyboard/prefix_override:/home/femi/Mybot2_ws/install/teleop_keyboard/lib/python3.10/site-packages:${PYTHONPATH} /usr/bin/python3 setup.py egg_info --egg-base ../../build/teleop_keyboard build --build-base /home/femi/Mybot2_ws/build/teleop_keyboard/build install --record /home/femi/Mybot2_ws/build/teleop_keyboard/install.log --single-version-externally-managed
[1.108s] running egg_info
[1.109s] writing ../../build/teleop_keyboard/teleop_keyboard.egg-info/PKG-INFO
[1.110s] writing dependency_links to ../../build/teleop_keyboard/teleop_keyboard.egg-info/dependency_links.txt
[1.110s] writing entry points to ../../build/teleop_keyboard/teleop_keyboard.egg-info/entry_points.txt
[1.111s] writing requirements to ../../build/teleop_keyboard/teleop_keyboard.egg-info/requires.txt
[1.111s] writing top-level names to ../../build/teleop_keyboard/teleop_keyboard.egg-info/top_level.txt
[1.113s] reading manifest file '../../build/teleop_keyboard/teleop_keyboard.egg-info/SOURCES.txt'
[1.115s] writing manifest file '../../build/teleop_keyboard/teleop_keyboard.egg-info/SOURCES.txt'
[1.115s] running build
[1.115s] running build_py
[1.115s] copying teleop_keyboard/teleop_keyboard.py -> /home/femi/Mybot2_ws/build/teleop_keyboard/build/lib/teleop_keyboard
[1.116s] running install
[1.116s] /usr/lib/python3/dist-packages/setuptools/command/install.py:34: SetuptoolsDeprecationWarning: setup.py install is deprecated. Use build and pip and other standards-based tools.
[1.116s]   warnings.warn(
[1.117s] running install_lib
[1.117s] copying /home/femi/Mybot2_ws/build/teleop_keyboard/build/lib/teleop_keyboard/teleop_keyboard.py -> /home/femi/Mybot2_ws/install/teleop_keyboard/lib/python3.10/site-packages/teleop_keyboard
[1.118s] byte-compiling /home/femi/Mybot2_ws/install/teleop_keyboard/lib/python3.10/site-packages/teleop_keyboard/teleop_keyboard.py to teleop_keyboard.cpython-310.pyc
[1.120s] running install_data
[1.120s] running install_egg_info
[1.122s] removing '/home/femi/Mybot2_ws/install/teleop_keyboard/lib/python3.10/site-packages/teleop_keyboard-0.0.0-py3.10.egg-info' (and everything under it)
[1.123s] Copying ../../build/teleop_keyboard/teleop_keyboard.egg-info to /home/femi/Mybot2_ws/install/teleop_keyboard/lib/python3.10/site-packages/teleop_keyboard-0.0.0-py3.10.egg-info
[1.124s] running install_scripts
[1.148s] Installing teleopNode script to /home/femi/Mybot2_ws/install/teleop_keyboard/lib/teleop_keyboard
[1.148s] writing list of installed files to '/home/femi/Mybot2_ws/build/teleop_keyboard/install.log'
[1.178s] Invoked command in '/home/femi/Mybot2_ws/src/teleop_keyboard' returned '0': PYTHONPATH=/home/femi/Mybot2_ws/build/teleop_keyboard/prefix_override:/home/femi/Mybot2_ws/install/teleop_keyboard/lib/python3.10/site-packages:${PYTHONPATH} /usr/bin/python3 setup.py egg_info --egg-base ../../build/teleop_keyboard build --build-base /home/femi/Mybot2_ws/build/teleop_keyboard/build install --record /home/femi/Mybot2_ws/build/teleop_keyboard/install.log --single-version-externally-managed
