[2.654s] DEBUG:colcon:Command line arguments: ['/usr/bin/colcon', 'build', '--packages-select', 'Diff_drive_custom_plugin']
[2.655s] DEBUG:colcon:Parsed command line arguments: Namespace(log_base=None, log_level=None, verb_name='build', build_base='build', install_base='install', merge_install=False, symlink_install=False, test_result_base=None, continue_on_error=False, executor='parallel', parallel_workers=6, event_handlers=None, ignore_user_meta=False, metas=['./colcon.meta'], base_paths=['.'], packages_ignore=None, packages_ignore_regex=None, paths=None, packages_up_to=None, packages_up_to_regex=None, packages_above=None, packages_above_and_dependencies=None, packages_above_depth=None, packages_select_by_dep=None, packages_skip_by_dep=None, packages_skip_up_to=None, packages_select_build_failed=False, packages_skip_build_finished=False, packages_select_test_failures=False, packages_skip_test_passed=False, packages_select=['Diff_drive_custom_plugin'], packages_skip=None, packages_select_regex=None, packages_skip_regex=None, packages_start=None, packages_end=None, allow_overriding=[], cmake_args=None, cmake_target=None, cmake_target_skip_unavailable=False, cmake_clean_cache=False, cmake_clean_first=False, cmake_force_configure=False, ament_cmake_args=None, catkin_cmake_args=None, catkin_skip_building_tests=False, verb_parser=<colcon_defaults.argument_parser.defaults.DefaultArgumentsDecorator object at 0x7f46a66933a0>, verb_extension=<colcon_core.verb.build.BuildVerb object at 0x7f46a6f9c4f0>, main=<bound method BuildVerb.main of <colcon_core.verb.build.BuildVerb object at 0x7f46a6f9c4f0>>)
[2.781s] Level 1:colcon.colcon_core.package_discovery:discover_packages(colcon_meta) check parameters
[2.781s] Level 1:colcon.colcon_core.package_discovery:discover_packages(recursive) check parameters
[2.781s] Level 1:colcon.colcon_core.package_discovery:discover_packages(ignore) check parameters
[2.781s] Level 1:colcon.colcon_core.package_discovery:discover_packages(path) check parameters
[2.781s] Level 1:colcon.colcon_core.package_discovery:discover_packages(colcon_meta) discover
[2.782s] Level 1:colcon.colcon_core.package_discovery:discover_packages(recursive) discover
[2.782s] INFO:colcon.colcon_core.package_discovery:Crawling recursively for packages in '/home/femi/Mybot2_ws'
[2.783s] Level 1:colcon.colcon_core.package_identification:_identify(.) by extensions ['ignore', 'ignore_ament_install']
[2.783s] Level 1:colcon.colcon_core.package_identification:_identify(.) by extension 'ignore'
[2.784s] Level 1:colcon.colcon_core.package_identification:_identify(.) by extension 'ignore_ament_install'
[2.784s] Level 1:colcon.colcon_core.package_identification:_identify(.) by extensions ['colcon_pkg']
[2.784s] Level 1:colcon.colcon_core.package_identification:_identify(.) by extension 'colcon_pkg'
[2.784s] Level 1:colcon.colcon_core.package_identification:_identify(.) by extensions ['colcon_meta']
[2.784s] Level 1:colcon.colcon_core.package_identification:_identify(.) by extension 'colcon_meta'
[2.784s] Level 1:colcon.colcon_core.package_identification:_identify(.) by extensions ['ros']
[2.785s] Level 1:colcon.colcon_core.package_identification:_identify(.) by extension 'ros'
[2.810s] Level 1:colcon.colcon_core.package_identification:_identify(.) by extensions ['cmake', 'python']
[2.810s] Level 1:colcon.colcon_core.package_identification:_identify(.) by extension 'cmake'
[2.811s] Level 1:colcon.colcon_core.package_identification:_identify(.) by extension 'python'
[2.811s] Level 1:colcon.colcon_core.package_identification:_identify(.) by extensions ['python_setup_py']
[2.811s] Level 1:colcon.colcon_core.package_identification:_identify(.) by extension 'python_setup_py'
[2.811s] Level 1:colcon.colcon_core.package_identification:_identify(build) by extensions ['ignore', 'ignore_ament_install']
[2.811s] Level 1:colcon.colcon_core.package_identification:_identify(build) by extension 'ignore'
[2.812s] Level 1:colcon.colcon_core.package_identification:_identify(build) ignored
[2.812s] Level 1:colcon.colcon_core.package_identification:_identify(install) by extensions ['ignore', 'ignore_ament_install']
[2.813s] Level 1:colcon.colcon_core.package_identification:_identify(install) by extension 'ignore'
[2.814s] Level 1:colcon.colcon_core.package_identification:_identify(install) ignored
[2.815s] Level 1:colcon.colcon_core.package_identification:_identify(log) by extensions ['ignore', 'ignore_ament_install']
[2.815s] Level 1:colcon.colcon_core.package_identification:_identify(log) by extension 'ignore'
[2.815s] Level 1:colcon.colcon_core.package_identification:_identify(log) ignored
[2.816s] Level 1:colcon.colcon_core.package_identification:_identify(src) by extensions ['ignore', 'ignore_ament_install']
[2.816s] Level 1:colcon.colcon_core.package_identification:_identify(src) by extension 'ignore'
[2.816s] Level 1:colcon.colcon_core.package_identification:_identify(src) by extension 'ignore_ament_install'
[2.816s] Level 1:colcon.colcon_core.package_identification:_identify(src) by extensions ['colcon_pkg']
[2.816s] Level 1:colcon.colcon_core.package_identification:_identify(src) by extension 'colcon_pkg'
[2.816s] Level 1:colcon.colcon_core.package_identification:_identify(src) by extensions ['colcon_meta']
[2.816s] Level 1:colcon.colcon_core.package_identification:_identify(src) by extension 'colcon_meta'
[2.817s] Level 1:colcon.colcon_core.package_identification:_identify(src) by extensions ['ros']
[2.817s] Level 1:colcon.colcon_core.package_identification:_identify(src) by extension 'ros'
[2.817s] Level 1:colcon.colcon_core.package_identification:_identify(src) by extensions ['cmake', 'python']
[2.817s] Level 1:colcon.colcon_core.package_identification:_identify(src) by extension 'cmake'
[2.817s] Level 1:colcon.colcon_core.package_identification:_identify(src) by extension 'python'
[2.817s] Level 1:colcon.colcon_core.package_identification:_identify(src) by extensions ['python_setup_py']
[2.817s] Level 1:colcon.colcon_core.package_identification:_identify(src) by extension 'python_setup_py'
[2.818s] Level 1:colcon.colcon_core.package_identification:_identify(src/Diff_drive_custom_plugin) by extensions ['ignore', 'ignore_ament_install']
[2.819s] Level 1:colcon.colcon_core.package_identification:_identify(src/Diff_drive_custom_plugin) by extension 'ignore'
[2.819s] Level 1:colcon.colcon_core.package_identification:_identify(src/Diff_drive_custom_plugin) by extension 'ignore_ament_install'
[2.819s] Level 1:colcon.colcon_core.package_identification:_identify(src/Diff_drive_custom_plugin) by extensions ['colcon_pkg']
[2.819s] Level 1:colcon.colcon_core.package_identification:_identify(src/Diff_drive_custom_plugin) by extension 'colcon_pkg'
[2.820s] Level 1:colcon.colcon_core.package_identification:_identify(src/Diff_drive_custom_plugin) by extensions ['colcon_meta']
[2.820s] Level 1:colcon.colcon_core.package_identification:_identify(src/Diff_drive_custom_plugin) by extension 'colcon_meta'
[2.821s] Level 1:colcon.colcon_core.package_identification:_identify(src/Diff_drive_custom_plugin) by extensions ['ros']
[2.821s] Level 1:colcon.colcon_core.package_identification:_identify(src/Diff_drive_custom_plugin) by extension 'ros'
[2.828s] DEBUG:colcon.colcon_core.package_identification:Package 'src/Diff_drive_custom_plugin' with type 'ros.ament_cmake' and name 'Diff_drive_custom_plugin'
[2.828s] Level 1:colcon.colcon_core.package_discovery:discover_packages(recursive) using defaults
[2.828s] Level 1:colcon.colcon_core.package_discovery:discover_packages(ignore) discover
[2.828s] Level 1:colcon.colcon_core.package_discovery:discover_packages(ignore) using defaults
[2.829s] Level 1:colcon.colcon_core.package_discovery:discover_packages(path) discover
[2.829s] Level 1:colcon.colcon_core.package_discovery:discover_packages(path) using defaults
[3.136s] Level 1:colcon.colcon_core.package_discovery:discover_packages(prefix_path) check parameters
[3.136s] Level 1:colcon.colcon_core.package_discovery:discover_packages(prefix_path) discover
[3.213s] DEBUG:colcon.colcon_installed_package_information.package_discovery:Found 366 installed packages in /opt/ros/humble
[3.216s] Level 1:colcon.colcon_core.package_discovery:discover_packages(prefix_path) using defaults
[3.450s] Level 5:colcon.colcon_core.verb:set package 'Diff_drive_custom_plugin' build argument 'cmake_args' from command line to 'None'
[3.450s] Level 5:colcon.colcon_core.verb:set package 'Diff_drive_custom_plugin' build argument 'cmake_target' from command line to 'None'
[3.451s] Level 5:colcon.colcon_core.verb:set package 'Diff_drive_custom_plugin' build argument 'cmake_target_skip_unavailable' from command line to 'False'
[3.451s] Level 5:colcon.colcon_core.verb:set package 'Diff_drive_custom_plugin' build argument 'cmake_clean_cache' from command line to 'False'
[3.451s] Level 5:colcon.colcon_core.verb:set package 'Diff_drive_custom_plugin' build argument 'cmake_clean_first' from command line to 'False'
[3.451s] Level 5:colcon.colcon_core.verb:set package 'Diff_drive_custom_plugin' build argument 'cmake_force_configure' from command line to 'False'
[3.451s] Level 5:colcon.colcon_core.verb:set package 'Diff_drive_custom_plugin' build argument 'ament_cmake_args' from command line to 'None'
[3.451s] Level 5:colcon.colcon_core.verb:set package 'Diff_drive_custom_plugin' build argument 'catkin_cmake_args' from command line to 'None'
[3.451s] Level 5:colcon.colcon_core.verb:set package 'Diff_drive_custom_plugin' build argument 'catkin_skip_building_tests' from command line to 'False'
[3.451s] DEBUG:colcon.colcon_core.verb:Building package 'Diff_drive_custom_plugin' with the following arguments: {'ament_cmake_args': None, 'build_base': '/home/femi/Mybot2_ws/build/Diff_drive_custom_plugin', 'catkin_cmake_args': None, 'catkin_skip_building_tests': False, 'cmake_args': None, 'cmake_clean_cache': False, 'cmake_clean_first': False, 'cmake_force_configure': False, 'cmake_target': None, 'cmake_target_skip_unavailable': False, 'install_base': '/home/femi/Mybot2_ws/install/Diff_drive_custom_plugin', 'merge_install': False, 'path': '/home/femi/Mybot2_ws/src/Diff_drive_custom_plugin', 'symlink_install': False, 'test_result_base': None}
[3.483s] INFO:colcon.colcon_core.executor:Executing jobs using 'parallel' executor
[3.523s] DEBUG:colcon.colcon_parallel_executor.executor.parallel:run_until_complete
[3.525s] INFO:colcon.colcon_ros.task.ament_cmake.build:Building ROS package in '/home/femi/Mybot2_ws/src/Diff_drive_custom_plugin' with build type 'ament_cmake'
[3.525s] INFO:colcon.colcon_cmake.task.cmake.build:Building CMake package in '/home/femi/Mybot2_ws/src/Diff_drive_custom_plugin'
[3.577s] INFO:colcon.colcon_core.plugin_system:Skipping extension 'colcon_core.shell.bat': Not used on non-Windows systems
[3.578s] INFO:colcon.colcon_core.shell:Skip shell extension 'powershell' for command environment: Not usable outside of PowerShell
[3.578s] DEBUG:colcon.colcon_core.shell:Skip shell extension 'dsv' for command environment
[3.739s] DEBUG:colcon.colcon_core.event_handler.log_command:Invoking command in '/home/femi/Mybot2_ws/build/Diff_drive_custom_plugin': CMAKE_PREFIX_PATH=/opt/ros/humble /usr/bin/cmake --build /home/femi/Mybot2_ws/build/Diff_drive_custom_plugin -- -j6 -l6
[88.643s] DEBUG:colcon.colcon_core.event_handler.log_command:Invoked command in '/home/femi/Mybot2_ws/build/Diff_drive_custom_plugin' returned '0': CMAKE_PREFIX_PATH=/opt/ros/humble /usr/bin/cmake --build /home/femi/Mybot2_ws/build/Diff_drive_custom_plugin -- -j6 -l6
[88.788s] DEBUG:colcon.colcon_core.event_handler.log_command:Invoking command in '/home/femi/Mybot2_ws/build/Diff_drive_custom_plugin': CMAKE_PREFIX_PATH=/opt/ros/humble /usr/bin/cmake --install /home/femi/Mybot2_ws/build/Diff_drive_custom_plugin
[88.912s] Level 1:colcon.colcon_core.environment:create_environment_scripts_only(Diff_drive_custom_plugin)
[88.919s] DEBUG:colcon.colcon_core.event_handler.log_command:Invoked command in '/home/femi/Mybot2_ws/build/Diff_drive_custom_plugin' returned '0': CMAKE_PREFIX_PATH=/opt/ros/humble /usr/bin/cmake --install /home/femi/Mybot2_ws/build/Diff_drive_custom_plugin
[89.054s] Level 1:colcon.colcon_core.environment:checking '/home/femi/Mybot2_ws/install/Diff_drive_custom_plugin' for CMake module files
[89.056s] Level 1:colcon.colcon_core.environment:checking '/home/femi/Mybot2_ws/install/Diff_drive_custom_plugin' for CMake config files
[89.058s] Level 1:colcon.colcon_core.shell:create_environment_hook('Diff_drive_custom_plugin', 'cmake_prefix_path')
[89.149s] INFO:colcon.colcon_core.shell:Creating environment hook '/home/femi/Mybot2_ws/install/Diff_drive_custom_plugin/share/Diff_drive_custom_plugin/hook/cmake_prefix_path.ps1'
[89.166s] INFO:colcon.colcon_core.shell:Creating environment descriptor '/home/femi/Mybot2_ws/install/Diff_drive_custom_plugin/share/Diff_drive_custom_plugin/hook/cmake_prefix_path.dsv'
[89.191s] INFO:colcon.colcon_core.shell:Creating environment hook '/home/femi/Mybot2_ws/install/Diff_drive_custom_plugin/share/Diff_drive_custom_plugin/hook/cmake_prefix_path.sh'
[89.223s] Level 1:colcon.colcon_core.environment:checking '/home/femi/Mybot2_ws/install/Diff_drive_custom_plugin/lib'
[89.223s] Level 1:colcon.colcon_core.environment:checking '/home/femi/Mybot2_ws/install/Diff_drive_custom_plugin/bin'
[89.224s] Level 1:colcon.colcon_core.environment:checking '/home/femi/Mybot2_ws/install/Diff_drive_custom_plugin/lib/pkgconfig/Diff_drive_custom_plugin.pc'
[89.227s] Level 1:colcon.colcon_core.environment:checking '/home/femi/Mybot2_ws/install/Diff_drive_custom_plugin/lib/python3.10/site-packages'
[89.228s] Level 1:colcon.colcon_core.environment:checking '/home/femi/Mybot2_ws/install/Diff_drive_custom_plugin/bin'
[89.287s] INFO:colcon.colcon_core.shell:Creating package script '/home/femi/Mybot2_ws/install/Diff_drive_custom_plugin/share/Diff_drive_custom_plugin/package.ps1'
[89.292s] INFO:colcon.colcon_core.shell:Creating package descriptor '/home/femi/Mybot2_ws/install/Diff_drive_custom_plugin/share/Diff_drive_custom_plugin/package.dsv'
[89.295s] INFO:colcon.colcon_core.shell:Creating package script '/home/femi/Mybot2_ws/install/Diff_drive_custom_plugin/share/Diff_drive_custom_plugin/package.sh'
[89.299s] INFO:colcon.colcon_core.shell:Creating package script '/home/femi/Mybot2_ws/install/Diff_drive_custom_plugin/share/Diff_drive_custom_plugin/package.bash'
[89.322s] INFO:colcon.colcon_core.shell:Creating package script '/home/femi/Mybot2_ws/install/Diff_drive_custom_plugin/share/Diff_drive_custom_plugin/package.zsh'
[89.337s] Level 1:colcon.colcon_core.environment:create_file_with_runtime_dependencies(/home/femi/Mybot2_ws/install/Diff_drive_custom_plugin/share/colcon-core/packages/Diff_drive_custom_plugin)
[89.518s] Level 1:colcon.colcon_core.environment:create_environment_scripts_only(Diff_drive_custom_plugin)
[89.576s] Level 1:colcon.colcon_core.environment:checking '/home/femi/Mybot2_ws/install/Diff_drive_custom_plugin' for CMake module files
[89.577s] Level 1:colcon.colcon_core.environment:checking '/home/femi/Mybot2_ws/install/Diff_drive_custom_plugin' for CMake config files
[89.578s] Level 1:colcon.colcon_core.shell:create_environment_hook('Diff_drive_custom_plugin', 'cmake_prefix_path')
[89.624s] INFO:colcon.colcon_core.shell:Creating environment hook '/home/femi/Mybot2_ws/install/Diff_drive_custom_plugin/share/Diff_drive_custom_plugin/hook/cmake_prefix_path.ps1'
[89.626s] INFO:colcon.colcon_core.shell:Creating environment descriptor '/home/femi/Mybot2_ws/install/Diff_drive_custom_plugin/share/Diff_drive_custom_plugin/hook/cmake_prefix_path.dsv'
[89.627s] INFO:colcon.colcon_core.shell:Creating environment hook '/home/femi/Mybot2_ws/install/Diff_drive_custom_plugin/share/Diff_drive_custom_plugin/hook/cmake_prefix_path.sh'
[89.631s] Level 1:colcon.colcon_core.environment:checking '/home/femi/Mybot2_ws/install/Diff_drive_custom_plugin/lib'
[89.632s] Level 1:colcon.colcon_core.environment:checking '/home/femi/Mybot2_ws/install/Diff_drive_custom_plugin/bin'
[89.634s] Level 1:colcon.colcon_core.environment:checking '/home/femi/Mybot2_ws/install/Diff_drive_custom_plugin/lib/pkgconfig/Diff_drive_custom_plugin.pc'
[89.635s] Level 1:colcon.colcon_core.environment:checking '/home/femi/Mybot2_ws/install/Diff_drive_custom_plugin/lib/python3.10/site-packages'
[89.636s] Level 1:colcon.colcon_core.environment:checking '/home/femi/Mybot2_ws/install/Diff_drive_custom_plugin/bin'
[89.682s] INFO:colcon.colcon_core.shell:Creating package script '/home/femi/Mybot2_ws/install/Diff_drive_custom_plugin/share/Diff_drive_custom_plugin/package.ps1'
[89.685s] INFO:colcon.colcon_core.shell:Creating package descriptor '/home/femi/Mybot2_ws/install/Diff_drive_custom_plugin/share/Diff_drive_custom_plugin/package.dsv'
[89.688s] INFO:colcon.colcon_core.shell:Creating package script '/home/femi/Mybot2_ws/install/Diff_drive_custom_plugin/share/Diff_drive_custom_plugin/package.sh'
[89.690s] INFO:colcon.colcon_core.shell:Creating package script '/home/femi/Mybot2_ws/install/Diff_drive_custom_plugin/share/Diff_drive_custom_plugin/package.bash'
[89.692s] INFO:colcon.colcon_core.shell:Creating package script '/home/femi/Mybot2_ws/install/Diff_drive_custom_plugin/share/Diff_drive_custom_plugin/package.zsh'
[89.695s] Level 1:colcon.colcon_core.environment:create_file_with_runtime_dependencies(/home/femi/Mybot2_ws/install/Diff_drive_custom_plugin/share/colcon-core/packages/Diff_drive_custom_plugin)
[89.696s] DEBUG:colcon.colcon_parallel_executor.executor.parallel:closing loop
[89.697s] DEBUG:colcon.colcon_parallel_executor.executor.parallel:loop closed
[89.697s] DEBUG:colcon.colcon_parallel_executor.executor.parallel:run_until_complete finished with '0'
[89.698s] DEBUG:colcon.colcon_core.event_reactor:joining thread
[89.853s] INFO:colcon.colcon_core.plugin_system:Skipping extension 'colcon_notification.desktop_notification.terminal_notifier': Not used on non-Darwin systems
[89.853s] INFO:colcon.colcon_core.plugin_system:Skipping extension 'colcon_notification.desktop_notification.win32': Not used on non-Windows systems
[89.854s] INFO:colcon.colcon_notification.desktop_notification:Sending desktop notification using 'notify2'
[89.964s] DEBUG:colcon.colcon_core.event_reactor:joined thread
[90.021s] INFO:colcon.colcon_core.shell:Creating prefix script '/home/femi/Mybot2_ws/install/local_setup.ps1'
[90.025s] INFO:colcon.colcon_core.shell:Creating prefix util module '/home/femi/Mybot2_ws/install/_local_setup_util_ps1.py'
[90.031s] INFO:colcon.colcon_core.shell:Creating prefix chain script '/home/femi/Mybot2_ws/install/setup.ps1'
[90.098s] INFO:colcon.colcon_core.shell:Creating prefix script '/home/femi/Mybot2_ws/install/local_setup.sh'
[90.101s] INFO:colcon.colcon_core.shell:Creating prefix util module '/home/femi/Mybot2_ws/install/_local_setup_util_sh.py'
[90.103s] INFO:colcon.colcon_core.shell:Creating prefix chain script '/home/femi/Mybot2_ws/install/setup.sh'
[90.152s] INFO:colcon.colcon_core.shell:Creating prefix script '/home/femi/Mybot2_ws/install/local_setup.bash'
[90.153s] INFO:colcon.colcon_core.shell:Creating prefix chain script '/home/femi/Mybot2_ws/install/setup.bash'
[90.196s] INFO:colcon.colcon_core.shell:Creating prefix script '/home/femi/Mybot2_ws/install/local_setup.zsh'
[90.198s] INFO:colcon.colcon_core.shell:Creating prefix chain script '/home/femi/Mybot2_ws/install/setup.zsh'
