In file included from [01m[K/home/femi/Mybot2_ws/src/Diff_drive_custom_plugin/src/Diff_drive_custom.cpp:30[m[K:
[01m[K/opt/ros/humble/include/tf2_geometry_msgs/tf2_geometry_msgs/tf2_geometry_msgs.h:35:2:[m[K [01;35m[Kwarning: [m[K#warning This header is obsolete, please include tf2_geometry_msgs/tf2_geometry_msgs.hpp instead [[01;35m[K]8;;https://gcc.gnu.org/onlinedocs/gcc/Warning-Options.html#index-Wcpp-Wcpp]8;;[m[K]
   35 | #[01;35m[Kwarning[m[K This header is obsolete, please include tf2_geometry_msgs/tf2_geometry_msgs.hpp instead
      |  [01;35m[K^~~~~~~[m[K
[01m[K/home/femi/Mybot2_ws/src/Diff_drive_custom_plugin/src/Diff_drive_custom.cpp:407:1:[m[K [01;31m[Kerror: [m[Kstray ‘[01m[K`[m[K’ in program
  407 | [01;31m[K`[m[K
      | [01;31m[K^[m[K
In file included from [01m[K/usr/include/boost/smart_ptr/detail/sp_thread_sleep.hpp:22[m[K,
                 from [01m[K/usr/include/boost/smart_ptr/detail/yield_k.hpp:23[m[K,
                 from [01m[K/usr/include/boost/smart_ptr/detail/spinlock_gcc_atomic.hpp:14[m[K,
                 from [01m[K/usr/include/boost/smart_ptr/detail/spinlock.hpp:42[m[K,
                 from [01m[K/usr/include/boost/smart_ptr/detail/spinlock_pool.hpp:25[m[K,
                 from [01m[K/usr/include/boost/smart_ptr/shared_ptr.hpp:29[m[K,
                 from [01m[K/usr/include/boost/shared_ptr.hpp:17[m[K,
                 from [01m[K/usr/include/gazebo-11/gazebo/common/CommonTypes.hh:24[m[K,
                 from [01m[K/usr/include/gazebo-11/gazebo/common/Time.hh:26[m[K,
                 from [01m[K/home/femi/Mybot2_ws/src/Diff_drive_custom_plugin/src/Diff_drive_custom.cpp:2[m[K:
[01m[K/usr/include/boost/bind.hpp:36:1:[m[K [01;36m[Knote: [m[K‘[01m[K#pragma message: The practice of declaring the Bind placeholders (_1, _2, ...) in the global namespace is deprecated. Please use <boost/bind/bind.hpp> + using namespace boost::placeholders, or define BOOST_BIND_GLOBAL_PLACEHOLDERS to retain the current behavior.[m[K’
   36 | [01;36m[KBOOST_PRAGMA_MESSAGE[m[K(
      | [01;36m[K^~~~~~~~~~~~~~~~~~~~[m[K
[01m[K/home/femi/Mybot2_ws/src/Diff_drive_custom_plugin/src/Diff_drive_custom.cpp:37:5:[m[K [01;31m[Kerror: [m[Knew types may not be defined in a return type
   37 |     [01;31m[Kclass[m[K GazeboPrivateDiffDrive{
      |     [01;31m[K^~~~~[m[K
[01m[K/home/femi/Mybot2_ws/src/Diff_drive_custom_plugin/src/Diff_drive_custom.cpp:37:5:[m[K [01;36m[Knote: [m[K(perhaps a semicolon is missing after the definition of ‘[01m[Kgazebo_plugins::GazeboPrivateDiffDrive[m[K’)
[01m[K/home/femi/Mybot2_ws/src/Diff_drive_custom_plugin/src/Diff_drive_custom.cpp:37:5:[m[K [01;31m[Kerror: [m[Kreturn type specification for constructor invalid
[01m[K/home/femi/Mybot2_ws/src/Diff_drive_custom_plugin/src/Diff_drive_custom.cpp:95:5:[m[K [01;31m[Kerror: [m[KISO C++ forbids declaration of ‘[01m[KLoad[m[K’ with no type [[01;31m[K]8;;https://gcc.gnu.org/onlinedocs/gcc/Warning-Options.html#index-fpermissive-fpermissive]8;;[m[K]
   95 |     [01;31m[KGazeboDiffDrive[m[K::Load(gazebo::physics::ModelPtr _parent, sdf::ElementPtr _sdf)
      |     [01;31m[K^~~~~~~~~~~~~~~[m[K
[01m[K/home/femi/Mybot2_ws/src/Diff_drive_custom_plugin/src/Diff_drive_custom.cpp:95:5:[m[K [01;31m[Kerror: [m[Kno declaration matches ‘[01m[Kint gazebo_plugins::GazeboDiffDrive::Load(gazebo::physics::ModelPtr, sdf::v9::ElementPtr)[m[K’
In file included from [01m[K/home/femi/Mybot2_ws/src/Diff_drive_custom_plugin/src/Diff_drive_custom.cpp:10[m[K:
[01m[K/home/femi/Mybot2_ws/src/Diff_drive_custom_plugin/include/Diff_drive_custom_plugin/Diff_drive_custom.hpp:22:18:[m[K [01;36m[Knote: [m[Kcandidate is: ‘[01m[Kvirtual void gazebo_plugins::GazeboDiffDrive::Load(gazebo::physics::ModelPtr, sdf::v9::ElementPtr)[m[K’
   22 |             void [01;36m[KLoad[m[K(gazebo::physics::ModelPtr _parent, sdf::ElementPtr _sdf) override;
      |                  [01;36m[K^~~~[m[K
[01m[K/home/femi/Mybot2_ws/src/Diff_drive_custom_plugin/include/Diff_drive_custom_plugin/Diff_drive_custom.hpp:14:11:[m[K [01;36m[Knote: [m[K‘[01m[Kclass gazebo_plugins::GazeboDiffDrive[m[K’ defined here
   14 |     class [01;36m[KGazeboDiffDrive[m[K : public gazebo::ModelPlugin
      |           [01;36m[K^~~~~~~~~~~~~~~[m[K
[01m[K/home/femi/Mybot2_ws/src/Diff_drive_custom_plugin/src/Diff_drive_custom.cpp:[m[K In member function ‘[01m[Kvirtual void gazebo_plugins::GazeboDiffDrive::Reset()[m[K’:
[01m[K/home/femi/Mybot2_ws/src/Diff_drive_custom_plugin/src/Diff_drive_custom.cpp:246:21:[m[K [01;31m[Kerror: [m[K‘[01m[Kgazebo::common::Time gazebo_plugins::GazeboPrivateDiffDrive::last_update_time_[m[K’ is private within this context
  246 |         _driveImpl->[01;31m[Klast_update_time_[m[K =
      |                     [01;31m[K^~~~~~~~~~~~~~~~~[m[K
[01m[K/home/femi/Mybot2_ws/src/Diff_drive_custom_plugin/src/Diff_drive_custom.cpp:65:30:[m[K [01;36m[Knote: [m[Kdeclared private here
   65 |         gazebo::common::Time [01;36m[Klast_update_time_[m[K;
      |                              [01;36m[K^~~~~~~~~~~~~~~~~[m[K
[01m[K/home/femi/Mybot2_ws/src/Diff_drive_custom_plugin/src/Diff_drive_custom.cpp:247:25:[m[K [01;31m[Kerror: [m[K‘[01m[Kstd::vector<boost::shared_ptr<gazebo::physics::Joint> > gazebo_plugins::GazeboPrivateDiffDrive::joints_[m[K’ is private within this context
  247 |             _driveImpl->[01;31m[Kjoints_[m[K[GazeboRosDiffDrivePrivate::LEFT]->GetWorld()->SimTime();
      |                         [01;31m[K^~~~~~~[m[K
[01m[K/home/femi/Mybot2_ws/src/Diff_drive_custom_plugin/src/Diff_drive_custom.cpp:58:48:[m[K [01;36m[Knote: [m[Kdeclared private here
   58 |         std::vector<gazebo::physics::JointPtr> [01;36m[Kjoints_[m[K;
      |                                                [01;36m[K^~~~~~~[m[K
[01m[K/home/femi/Mybot2_ws/src/Diff_drive_custom_plugin/src/Diff_drive_custom.cpp:247:33:[m[K [01;31m[Kerror: [m[K‘[01m[KGazeboRosDiffDrivePrivate[m[K’ has not been declared
  247 |             _driveImpl->joints_[[01;31m[KGazeboRosDiffDrivePrivate[m[K::LEFT]->GetWorld()->SimTime();
      |                                 [01;31m[K^~~~~~~~~~~~~~~~~~~~~~~~~[m[K
[01m[K/home/femi/Mybot2_ws/src/Diff_drive_custom_plugin/src/Diff_drive_custom.cpp:248:50:[m[K [01;31m[Kerror: [m[K‘[01m[Kclass gazebo_plugins::GazeboPrivateDiffDrive[m[K’ has no member named ‘[01m[Knum_wheel_pairs_[m[K’
  248 |         for (unsigned int i = 0; i < _driveImpl->[01;31m[Knum_wheel_pairs_[m[K; ++i) {
      |                                                  [01;31m[K^~~~~~~~~~~~~~~~[m[K
[01m[K/home/femi/Mybot2_ws/src/Diff_drive_custom_plugin/src/Diff_drive_custom.cpp:249:29:[m[K [01;31m[Kerror: [m[K‘[01m[Kstd::vector<boost::shared_ptr<gazebo::physics::Joint> > gazebo_plugins::GazeboPrivateDiffDrive::joints_[m[K’ is private within this context
  249 |             if (_driveImpl->[01;31m[Kjoints_[m[K[2 * i + GazeboRosDiffDrivePrivate::LEFT] &&
      |                             [01;31m[K^~~~~~~[m[K
[01m[K/home/femi/Mybot2_ws/src/Diff_drive_custom_plugin/src/Diff_drive_custom.cpp:58:48:[m[K [01;36m[Knote: [m[Kdeclared private here
   58 |         std::vector<gazebo::physics::JointPtr> [01;36m[Kjoints_[m[K;
      |                                                [01;36m[K^~~~~~~[m[K
[01m[K/home/femi/Mybot2_ws/src/Diff_drive_custom_plugin/src/Diff_drive_custom.cpp:249:45:[m[K [01;31m[Kerror: [m[K‘[01m[KGazeboRosDiffDrivePrivate[m[K’ has not been declared
  249 |             if (_driveImpl->joints_[2 * i + [01;31m[KGazeboRosDiffDrivePrivate[m[K::LEFT] &&
      |                                             [01;31m[K^~~~~~~~~~~~~~~~~~~~~~~~~[m[K
[01m[K/home/femi/Mybot2_ws/src/Diff_drive_custom_plugin/src/Diff_drive_custom.cpp:250:25:[m[K [01;31m[Kerror: [m[K‘[01m[Kstd::vector<boost::shared_ptr<gazebo::physics::Joint> > gazebo_plugins::GazeboPrivateDiffDrive::joints_[m[K’ is private within this context
  250 |             _driveImpl->[01;31m[Kjoints_[m[K[2 * i + GazeboRosDiffDrivePrivate::RIGHT])
      |                         [01;31m[K^~~~~~~[m[K
[01m[K/home/femi/Mybot2_ws/src/Diff_drive_custom_plugin/src/Diff_drive_custom.cpp:58:48:[m[K [01;36m[Knote: [m[Kdeclared private here
   58 |         std::vector<gazebo::physics::JointPtr> [01;36m[Kjoints_[m[K;
      |                                                [01;36m[K^~~~~~~[m[K
[01m[K/home/femi/Mybot2_ws/src/Diff_drive_custom_plugin/src/Diff_drive_custom.cpp:250:41:[m[K [01;31m[Kerror: [m[K‘[01m[KGazeboRosDiffDrivePrivate[m[K’ has not been declared
  250 |             _driveImpl->joints_[2 * i + [01;31m[KGazeboRosDiffDrivePrivate[m[K::RIGHT])
      |                                         [01;31m[K^~~~~~~~~~~~~~~~~~~~~~~~~[m[K
[01m[K/home/femi/Mybot2_ws/src/Diff_drive_custom_plugin/src/Diff_drive_custom.cpp:252:25:[m[K [01;31m[Kerror: [m[K‘[01m[Kstd::vector<boost::shared_ptr<gazebo::physics::Joint> > gazebo_plugins::GazeboPrivateDiffDrive::joints_[m[K’ is private within this context
  252 |             _driveImpl->[01;31m[Kjoints_[m[K[2 * i + GazeboRosDiffDrivePrivate::LEFT]->SetParam(
      |                         [01;31m[K^~~~~~~[m[K
[01m[K/home/femi/Mybot2_ws/src/Diff_drive_custom_plugin/src/Diff_drive_custom.cpp:58:48:[m[K [01;36m[Knote: [m[Kdeclared private here
   58 |         std::vector<gazebo::physics::JointPtr> [01;36m[Kjoints_[m[K;
      |                                                [01;36m[K^~~~~~~[m[K
[01m[K/home/femi/Mybot2_ws/src/Diff_drive_custom_plugin/src/Diff_drive_custom.cpp:252:41:[m[K [01;31m[Kerror: [m[K‘[01m[KGazeboRosDiffDrivePrivate[m[K’ has not been declared
  252 |             _driveImpl->joints_[2 * i + [01;31m[KGazeboRosDiffDrivePrivate[m[K::LEFT]->SetParam(
      |                                         [01;31m[K^~~~~~~~~~~~~~~~~~~~~~~~~[m[K
[01m[K/home/femi/Mybot2_ws/src/Diff_drive_custom_plugin/src/Diff_drive_custom.cpp:253:40:[m[K [01;31m[Kerror: [m[K‘[01m[Kclass gazebo_plugins::GazeboPrivateDiffDrive[m[K’ has no member named ‘[01m[Kmax_wheel_torque_[m[K’; did you mean ‘[01m[Kdouble gazebo_plugins::GazeboPrivateDiffDrive::max_wheel_torque[m[K’? (not accessible from this context)
  253 |                 "fmax", 0, _driveImpl->[01;31m[Kmax_wheel_torque_[m[K);
      |                                        [01;31m[K^~~~~~~~~~~~~~~~~[m[K
[01m[K/home/femi/Mybot2_ws/src/Diff_drive_custom_plugin/src/Diff_drive_custom.cpp:50:16:[m[K [01;36m[Knote: [m[Kdeclared private here
   50 |         double [01;36m[Kmax_wheel_torque[m[K; // max torque of each wheel
      |                [01;36m[K^~~~~~~~~~~~~~~~[m[K
[01m[K/home/femi/Mybot2_ws/src/Diff_drive_custom_plugin/src/Diff_drive_custom.cpp:254:25:[m[K [01;31m[Kerror: [m[K‘[01m[Kstd::vector<boost::shared_ptr<gazebo::physics::Joint> > gazebo_plugins::GazeboPrivateDiffDrive::joints_[m[K’ is private within this context
  254 |             _driveImpl->[01;31m[Kjoints_[m[K[2 * i + GazeboRosDiffDrivePrivate::RIGHT]->SetParam(
      |                         [01;31m[K^~~~~~~[m[K
[01m[K/home/femi/Mybot2_ws/src/Diff_drive_custom_plugin/src/Diff_drive_custom.cpp:58:48:[m[K [01;36m[Knote: [m[Kdeclared private here
   58 |         std::vector<gazebo::physics::JointPtr> [01;36m[Kjoints_[m[K;
      |                                                [01;36m[K^~~~~~~[m[K
[01m[K/home/femi/Mybot2_ws/src/Diff_drive_custom_plugin/src/Diff_drive_custom.cpp:254:41:[m[K [01;31m[Kerror: [m[K‘[01m[KGazeboRosDiffDrivePrivate[m[K’ has not been declared
  254 |             _driveImpl->joints_[2 * i + [01;31m[KGazeboRosDiffDrivePrivate[m[K::RIGHT]->SetParam(
      |                                         [01;31m[K^~~~~~~~~~~~~~~~~~~~~~~~~[m[K
[01m[K/home/femi/Mybot2_ws/src/Diff_drive_custom_plugin/src/Diff_drive_custom.cpp:255:40:[m[K [01;31m[Kerror: [m[K‘[01m[Kclass gazebo_plugins::GazeboPrivateDiffDrive[m[K’ has no member named ‘[01m[Kmax_wheel_torque_[m[K’; did you mean ‘[01m[Kdouble gazebo_plugins::GazeboPrivateDiffDrive::max_wheel_torque[m[K’? (not accessible from this context)
  255 |                 "fmax", 0, _driveImpl->[01;31m[Kmax_wheel_torque_[m[K);
      |                                        [01;31m[K^~~~~~~~~~~~~~~~~[m[K
[01m[K/home/femi/Mybot2_ws/src/Diff_drive_custom_plugin/src/Diff_drive_custom.cpp:50:16:[m[K [01;36m[Knote: [m[Kdeclared private here
   50 |         double [01;36m[Kmax_wheel_torque[m[K; // max torque of each wheel
      |                [01;36m[K^~~~~~~~~~~~~~~~[m[K
[01m[K/home/femi/Mybot2_ws/src/Diff_drive_custom_plugin/src/Diff_drive_custom.cpp:259:25:[m[K [01;31m[Kerror: [m[K‘[01m[Kclass gazebo_plugins::GazeboPrivateDiffDrive[m[K’ has no member named ‘[01m[Kpose_encoder_[m[K’; did you mean ‘[01m[Kgeometry_msgs::msg::Pose2D gazebo_plugins::GazeboPrivateDiffDrive::pose_ed_[m[K’? (not accessible from this context)
  259 |             _driveImpl->[01;31m[Kpose_encoder_[m[K.x = 0;
      |                         [01;31m[K^~~~~~~~~~~~~[m[K
[01m[K/home/femi/Mybot2_ws/src/Diff_drive_custom_plugin/src/Diff_drive_custom.cpp:67:36:[m[K [01;36m[Knote: [m[Kdeclared private here
   67 |         geometry_msgs::msg::Pose2D [01;36m[Kpose_ed_[m[K;
      |                                    [01;36m[K^~~~~~~~[m[K
[01m[K/home/femi/Mybot2_ws/src/Diff_drive_custom_plugin/src/Diff_drive_custom.cpp:260:25:[m[K [01;31m[Kerror: [m[K‘[01m[Kclass gazebo_plugins::GazeboPrivateDiffDrive[m[K’ has no member named ‘[01m[Kpose_encoder_[m[K’; did you mean ‘[01m[Kgeometry_msgs::msg::Pose2D gazebo_plugins::GazeboPrivateDiffDrive::pose_ed_[m[K’? (not accessible from this context)
  260 |             _driveImpl->[01;31m[Kpose_encoder_[m[K.y = 0;
      |                         [01;31m[K^~~~~~~~~~~~~[m[K
[01m[K/home/femi/Mybot2_ws/src/Diff_drive_custom_plugin/src/Diff_drive_custom.cpp:67:36:[m[K [01;36m[Knote: [m[Kdeclared private here
   67 |         geometry_msgs::msg::Pose2D [01;36m[Kpose_ed_[m[K;
      |                                    [01;36m[K^~~~~~~~[m[K
[01m[K/home/femi/Mybot2_ws/src/Diff_drive_custom_plugin/src/Diff_drive_custom.cpp:261:25:[m[K [01;31m[Kerror: [m[K‘[01m[Kclass gazebo_plugins::GazeboPrivateDiffDrive[m[K’ has no member named ‘[01m[Kpose_encoder_[m[K’; did you mean ‘[01m[Kgeometry_msgs::msg::Pose2D gazebo_plugins::GazeboPrivateDiffDrive::pose_ed_[m[K’? (not accessible from this context)
  261 |             _driveImpl->[01;31m[Kpose_encoder_[m[K.theta = 0;
      |                         [01;31m[K^~~~~~~~~~~~~[m[K
[01m[K/home/femi/Mybot2_ws/src/Diff_drive_custom_plugin/src/Diff_drive_custom.cpp:67:36:[m[K [01;36m[Knote: [m[Kdeclared private here
   67 |         geometry_msgs::msg::Pose2D [01;36m[Kpose_ed_[m[K;
      |                                    [01;36m[K^~~~~~~~[m[K
[01m[K/home/femi/Mybot2_ws/src/Diff_drive_custom_plugin/src/Diff_drive_custom.cpp:262:25:[m[K [01;31m[Kerror: [m[K‘[01m[Kdouble gazebo_plugins::GazeboPrivateDiffDrive::targetX_[m[K’ is private within this context
  262 |             _driveImpl->[01;31m[KtargetX_[m[K = 0;
      |                         [01;31m[K^~~~~~~~[m[K
[01m[K/home/femi/Mybot2_ws/src/Diff_drive_custom_plugin/src/Diff_drive_custom.cpp:63:16:[m[K [01;36m[Knote: [m[Kdeclared private here
   63 |         double [01;36m[KtargetX_[m[K{0.0}; //linear velocity from feedback cmd
      |                [01;36m[K^~~~~~~~[m[K
[01m[K/home/femi/Mybot2_ws/src/Diff_drive_custom_plugin/src/Diff_drive_custom.cpp:263:25:[m[K [01;31m[Kerror: [m[K‘[01m[Kdouble gazebo_plugins::GazeboPrivateDiffDrive::targetZ[m[K’ is private within this context
  263 |             _driveImpl->[01;31m[KtargetZ[m[K= 0;
      |                         [01;31m[K^~~~~~~[m[K
[01m[K/home/femi/Mybot2_ws/src/Diff_drive_custom_plugin/src/Diff_drive_custom.cpp:64:16:[m[K [01;36m[Knote: [m[Kdeclared private here
   64 |         double [01;36m[KtargetZ[m[K{0.0}; //angular velocity from feedback command
      |                [01;36m[K^~~~~~~[m[K
[01m[K/home/femi/Mybot2_ws/src/Diff_drive_custom_plugin/src/Diff_drive_custom.cpp:[m[K In member function ‘[01m[Kvoid gazebo_plugins::GazeboPrivateDiffDrive::onChildUpdate(const gazebo::common::UpdateInfo&)[m[K’:
[01m[K/home/femi/Mybot2_ws/src/Diff_drive_custom_plugin/src/Diff_drive_custom.cpp:282:61:[m[K [01;31m[Kerror: [m[K‘[01m[Klast_actuator_update_[m[K’ was not declared in this scope; did you mean ‘[01m[Klast_encoder_update_[m[K’?
  282 |         double seconds_since_last_update = ( current_time - [01;31m[Klast_actuator_update_[m[K ).Double();
      |                                                             [01;31m[K^~~~~~~~~~~~~~~~~~~~~[m[K
      |                                                             [32m[Klast_encoder_update_[m[K
[01m[K/home/femi/Mybot2_ws/src/Diff_drive_custom_plugin/src/Diff_drive_custom.cpp:330:51:[m[K [01;31m[Kerror: [m[Kvoid value not ignored as it ought to be
  330 |                 [01;31m[Kjoints_[2 * i + LEFT]->SetVelocity(0,  wheel_speed[2 * i + LEFT] * wheel_diameter_[i] / 2.0)[m[K;
      |                 [01;31m[K~~~~~~~~~~~~~~~~~~~~~~~~~~~~~~~~~~^~~~~~~~~~~~~~~~~~~~~~~~~~~~~~~~~~~~~~~~~~~~~~~~~~~~~~~~~~[m[K
[01m[K/home/femi/Mybot2_ws/src/Diff_drive_custom_plugin/src/Diff_drive_custom.cpp:332:52:[m[K [01;31m[Kerror: [m[Kvoid value not ignored as it ought to be
  332 |                 [01;31m[Kjoints_[2 * i + RIGHT]->SetVelocity(0, wheel_speed[2 * i + RIGHT] * wheel_diameter_[i] / 2.0)[m[K;
      |                 [01;31m[K~~~~~~~~~~~~~~~~~~~~~~~~~~~~~~~~~~~^~~~~~~~~~~~~~~~~~~~~~~~~~~~~~~~~~~~~~~~~~~~~~~~~~~~~~~~~~[m[K
[01m[K/home/femi/Mybot2_ws/src/Diff_drive_custom_plugin/src/Diff_drive_custom.cpp:[m[K In member function ‘[01m[Kvoid gazebo_plugins::GazeboPrivateDiffDrive::PublishOdometry(const gazebo::common::Time&)[m[K’:
[01m[K/home/femi/Mybot2_ws/src/Diff_drive_custom_plugin/src/Diff_drive_custom.cpp:348:18:[m[K [01;31m[Kerror: [m[Kexpected ‘[01m[K;[m[K’ before ‘[01m[Kmemcpy[m[K’
  348 |                 }
      |                  [01;31m[K^[m[K
      |                  [32m[K;[m[K
  349 |             // Copy values from cov to odom_.pose.covariance
  350 |         [32m[Kmemcpy[m[K(&odom_.pose.covariance[0], cov.data(), sizeof(double)*36);
      |         [32m[K~~~~~~[m[K    
[01m[K/home/femi/Mybot2_ws/src/Diff_drive_custom_plugin/src/Diff_drive_custom.cpp:[m[K In member function ‘[01m[Kvoid gazebo_plugins::GazeboPrivateDiffDrive::updateOdometry(const gazebo::common::Time&)[m[K’:
[01m[K/home/femi/Mybot2_ws/src/Diff_drive_custom_plugin/src/Diff_drive_custom.cpp:369:55:[m[K [01;31m[Kerror: [m[Kcannot resolve overloaded function ‘[01m[KX[m[K’ based on conversion to type ‘[01m[Kgeometry_msgs::msg::Quaternion_<std::allocator<void> >::_x_type[m[K’ {aka ‘[01m[Kdouble[m[K’}
  369 |             odom_.pose.pose.orientation.x = pos.Rot().[01;31m[KX[m[K;
      |                                                       [01;31m[K^[m[K
[01m[K/home/femi/Mybot2_ws/src/Diff_drive_custom_plugin/src/Diff_drive_custom.cpp:370:55:[m[K [01;31m[Kerror: [m[Kcannot resolve overloaded function ‘[01m[KY[m[K’ based on conversion to type ‘[01m[Kgeometry_msgs::msg::Quaternion_<std::allocator<void> >::_y_type[m[K’ {aka ‘[01m[Kdouble[m[K’}
  370 |             odom_.pose.pose.orientation.y = pos.Rot().[01;31m[KY[m[K;
      |                                                       [01;31m[K^[m[K
[01m[K/home/femi/Mybot2_ws/src/Diff_drive_custom_plugin/src/Diff_drive_custom.cpp:371:55:[m[K [01;31m[Kerror: [m[Kcannot resolve overloaded function ‘[01m[KZ[m[K’ based on conversion to type ‘[01m[Kgeometry_msgs::msg::Quaternion_<std::allocator<void> >::_z_type[m[K’ {aka ‘[01m[Kdouble[m[K’}
  371 |             odom_.pose.pose.orientation.z = pos.Rot().[01;31m[KZ[m[K;
      |                                                       [01;31m[K^[m[K
[01m[K/home/femi/Mybot2_ws/src/Diff_drive_custom_plugin/src/Diff_drive_custom.cpp:372:55:[m[K [01;31m[Kerror: [m[Kcannot resolve overloaded function ‘[01m[KW[m[K’ based on conversion to type ‘[01m[Kgeometry_msgs::msg::Quaternion_<std::allocator<void> >::_w_type[m[K’ {aka ‘[01m[Kdouble[m[K’}
  372 |             odom_.pose.pose.orientation.w = pos.Rot().[01;31m[KW[m[K;
      |                                                       [01;31m[K^[m[K
[01m[K/home/femi/Mybot2_ws/src/Diff_drive_custom_plugin/src/Diff_drive_custom.cpp:380:35:[m[K [01;31m[Kerror: [m[K‘[01m[Kclass ignition::math::v6::Quaternion<double>[m[K’ has no member named ‘[01m[Kyaw[m[K’; did you mean ‘[01m[KYaw[m[K’?
  380 |             float yaw = pos.Rot().[01;31m[Kyaw[m[K();
      |                                   [01;31m[K^~~[m[K
      |                                   [32m[KYaw[m[K
[01m[K/home/femi/Mybot2_ws/src/Diff_drive_custom_plugin/src/Diff_drive_custom.cpp:[m[K In member function ‘[01m[Kvoid gazebo_plugins::GazeboPrivateDiffDrive::updateViaWheelEc(const gazebo::common::Time&)[m[K’:
[01m[K/home/femi/Mybot2_ws/src/Diff_drive_custom_plugin/src/Diff_drive_custom.cpp:424:40:[m[K [01;31m[Kerror: [m[K‘[01m[Kpose_encoder_[m[K’ was not declared in this scope; did you mean ‘[01m[Kpose_ed_[m[K’?
  424 |         double dx = (ssum) / 2.0 * cos([01;31m[Kpose_encoder_[m[K.theta + (sdiff) / (2.0 * b));
      |                                        [01;31m[K^~~~~~~~~~~~~[m[K
      |                                        [32m[Kpose_ed_[m[K
[01m[K/home/femi/Mybot2_ws/src/Diff_drive_custom_plugin/src/Diff_drive_custom.cpp:[m[K In member function ‘[01m[Kvoid gazebo_plugins::GazeboPrivateDiffDrive::odomTFPublisher(const gazebo::common::Time&)[m[K’:
[01m[K/home/femi/Mybot2_ws/src/Diff_drive_custom_plugin/src/Diff_drive_custom.cpp:456:40:[m[K [01;31m[Kerror: [m[K‘[01m[Kconvert[m[K’ is not a member of ‘[01m[Kgazebo_ros[m[K’; did you mean ‘[01m[KConvert[m[K’?
  456 |         msg.header.stamp = gazebo_ros::[01;31m[Kconvert[m[K<builtin_interfaces::msg::Time>(current_time);
      |                                        [01;31m[K^~~~~~~[m[K
      |                                        [32m[KConvert[m[K
[01m[K/home/femi/Mybot2_ws/src/Diff_drive_custom_plugin/src/Diff_drive_custom.cpp:456:77:[m[K [01;31m[Kerror: [m[Kexpected primary-expression before ‘[01m[K>[m[K’ token
  456 | er.stamp = gazebo_ros::convert<builtin_interfaces::msg::Time[01;31m[K>[m[K(current_time);
      |                                                             [01;31m[K^[m[K

[01m[K/home/femi/Mybot2_ws/src/Diff_drive_custom_plugin/src/Diff_drive_custom.cpp:458:13:[m[K [01;31m[Kerror: [m[K‘[01m[Kusing TransformStamped = struct geometry_msgs::msg::TransformStamped_<std::allocator<void> >[m[K’ {aka ‘[01m[Kstruct geometry_msgs::msg::TransformStamped_<std::allocator<void> >[m[K’} has no member named ‘[01m[Kchild[m[K’
  458 |         msg.[01;31m[Kchild[m[K.frame_id = robot_base_frame_;
      |             [01;31m[K^~~~~[m[K
[01m[K/home/femi/Mybot2_ws/src/Diff_drive_custom_plugin/src/Diff_drive_custom.cpp:459:49:[m[K [01;31m[Kerror: [m[K‘[01m[Kconvert[m[K’ is not a member of ‘[01m[Kgazebo_ros[m[K’; did you mean ‘[01m[KConvert[m[K’?
  459 |         msg.transform.translation = gazebo_ros::[01;31m[Kconvert[m[K<geometry_msgs::msg::Vector3>(odom_.pose.position);
      |                                                 [01;31m[K^~~~~~~[m[K
      |                                                 [32m[KConvert[m[K
[01m[K/home/femi/Mybot2_ws/src/Diff_drive_custom_plugin/src/Diff_drive_custom.cpp:459:84:[m[K [01;31m[Kerror: [m[Kexpected primary-expression before ‘[01m[K>[m[K’ token
  459 | ranslation = gazebo_ros::convert<geometry_msgs::msg::Vector3[01;31m[K>[m[K(odom_.pose.position);
      |                                                             [01;31m[K^[m[K

[01m[K/home/femi/Mybot2_ws/src/Diff_drive_custom_plugin/src/Diff_drive_custom.cpp:459:97:[m[K [01;31m[Kerror: [m[K‘[01m[Kusing _pose_type = struct geometry_msgs::msg::PoseWithCovariance_<std::allocator<void> >[m[K’ {aka ‘[01m[Kstruct geometry_msgs::msg::PoseWithCovariance_<std::allocator<void> >[m[K’} has no member named ‘[01m[Kposition[m[K’
  459 |  gazebo_ros::convert<geometry_msgs::msg::Vector3>(odom_.pose.[01;31m[Kposition[m[K);
      |                                                              [01;31m[K^~~~~~~~[m[K

[01m[K/home/femi/Mybot2_ws/src/Diff_drive_custom_plugin/src/Diff_drive_custom.cpp:460:13:[m[K [01;31m[Kerror: [m[K‘[01m[Kusing TransformStamped = struct geometry_msgs::msg::TransformStamped_<std::allocator<void> >[m[K’ {aka ‘[01m[Kstruct geometry_msgs::msg::TransformStamped_<std::allocator<void> >[m[K’} has no member named ‘[01m[Ktranform[m[K’; did you mean ‘[01m[Ktransform[m[K’?
  460 |         msg.[01;31m[Ktranform[m[K.rotation = odom_.pose.pose.orientation;
      |             [01;31m[K^~~~~~~~[m[K
      |             [32m[Ktransform[m[K
[01m[K/home/femi/Mybot2_ws/src/Diff_drive_custom_plugin/src/Diff_drive_custom.cpp:[m[K In member function ‘[01m[Kvoid gazebo_plugins::GazeboPrivateDiffDrive::wheelTFPublisher(const gazebo::common::Time&)[m[K’:
[01m[K/home/femi/Mybot2_ws/src/Diff_drive_custom_plugin/src/Diff_drive_custom.cpp:464:42:[m[K [01;31m[Kerror: [m[K‘[01m[Knum_wheel_pairs_[m[K’ was not declared in this scope
  464 |         for (unsigned int i = 0; i < 2 * [01;31m[Knum_wheel_pairs_[m[K; ++i) {
      |                                          [01;31m[K^~~~~~~~~~~~~~~~[m[K
[01m[K/home/femi/Mybot2_ws/src/Diff_drive_custom_plugin/src/Diff_drive_custom.cpp:468:79:[m[K [01;31m[Kerror: [m[K‘[01m[K_current_time[m[K’ was not declared in this scope; did you mean ‘[01m[Kcurrent_time[m[K’?
  468 | .stamp = gazebo_ros::Convert<builtin_interfaces::msg::Time>([01;31m[K_current_time[m[K);
      |                                                             [01;31m[K^~~~~~~~~~~~~[m[K
      |                                                             [32m[Kcurrent_time[m[K
gmake[2]: *** [CMakeFiles/Diff_drive_custom_plugin.dir/build.make:76: CMakeFiles/Diff_drive_custom_plugin.dir/src/Diff_drive_custom.cpp.o] Error 1
gmake[1]: *** [CMakeFiles/Makefile2:137: CMakeFiles/Diff_drive_custom_plugin.dir/all] Error 2
gmake: *** [Makefile:146: all] Error 2
