[0.428s] Invoking command in '/home/femi/Mybot2_ws/build/Diff_drive_custom_plugin': CMAKE_PREFIX_PATH=${CMAKE_PREFIX_PATH}:/opt/ros/humble /usr/bin/cmake --build /home/femi/Mybot2_ws/build/Diff_drive_custom_plugin -- -j6 -l6
[1.492s] -- Found ament_cmake: 1.3.6 (/opt/ros/humble/share/ament_cmake/cmake)
[2.732s] -- Found rclcpp: 16.0.7 (/opt/ros/humble/share/rclcpp/cmake)
[3.003s] -- Found rosidl_generator_c: 3.1.5 (/opt/ros/humble/share/rosidl_generator_c/cmake)
[3.023s] -- Found rosidl_adapter: 3.1.5 (/opt/ros/humble/share/rosidl_adapter/cmake)
[3.067s] -- Found rosidl_generator_cpp: 3.1.5 (/opt/ros/humble/share/rosidl_generator_cpp/cmake)
[3.152s] -- Using all available rosidl_typesupport_c: rosidl_typesupport_fastrtps_c;rosidl_typesupport_introspection_c
[3.244s] -- Using all available rosidl_typesupport_cpp: rosidl_typesupport_fastrtps_cpp;rosidl_typesupport_introspection_cpp
[3.665s] -- Found rmw_implementation_cmake: 6.1.1 (/opt/ros/humble/share/rmw_implementation_cmake/cmake)
[3.716s] -- Found rmw_fastrtps_cpp: 6.2.5 (/opt/ros/humble/share/rmw_fastrtps_cpp/cmake)
[4.511s] -- Using RMW implementation 'rmw_fastrtps_cpp' as default
[5.327s] -- Found nav_msgs: 4.2.3 (/opt/ros/humble/share/nav_msgs/cmake)
[5.873s] -- Found gazebo_ros: 3.7.0 (/opt/ros/humble/share/gazebo_ros/cmake)
[6.192s] -- Found DART: /usr/include (Required is at least version "6.6") found components: dart 
[6.631s] -- Found Protobuf: /usr/lib/x86_64-linux-gnu/libprotobuf.so (found version "3.12.4") 
[6.691s] -- Looking for ignition-math6 -- found version 6.15.0
[6.819s] -- Searching for dependencies of ignition-math6
[6.844s] -- Looking for OGRE...
[6.912s] -- Found Ogre Ghadamon (1.9.0)
[6.936s] -- Found OGRE: optimized;/usr/lib/x86_64-linux-gnu/libOgreMain.so;debug;/usr/lib/x86_64-linux-gnu/libOgreMain.so
[6.969s] -- Looking for OGRE_Paging...
[6.969s] -- Found OGRE_Paging: optimized;/usr/lib/x86_64-linux-gnu/libOgrePaging.so;debug;/usr/lib/x86_64-linux-gnu/libOgrePaging.so
[6.969s] -- Looking for OGRE_Terrain...
[6.969s] -- Found OGRE_Terrain: optimized;/usr/lib/x86_64-linux-gnu/libOgreTerrain.so;debug;/usr/lib/x86_64-linux-gnu/libOgreTerrain.so
[6.969s] -- Looking for OGRE_Property...
[6.971s] -- Found OGRE_Property: optimized;/usr/lib/x86_64-linux-gnu/libOgreProperty.so;debug;/usr/lib/x86_64-linux-gnu/libOgreProperty.so
[6.971s] -- Looking for OGRE_RTShaderSystem...
[6.972s] -- Found OGRE_RTShaderSystem: optimized;/usr/lib/x86_64-linux-gnu/libOgreRTShaderSystem.so;debug;/usr/lib/x86_64-linux-gnu/libOgreRTShaderSystem.so
[6.972s] -- Looking for OGRE_Volume...
[6.972s] -- Found OGRE_Volume: optimized;/usr/lib/x86_64-linux-gnu/libOgreVolume.so;debug;/usr/lib/x86_64-linux-gnu/libOgreVolume.so
[6.972s] -- Looking for OGRE_Overlay...
[6.972s] -- Found OGRE_Overlay: optimized;/usr/lib/x86_64-linux-gnu/libOgreOverlay.so;debug;/usr/lib/x86_64-linux-gnu/libOgreOverlay.so
[7.459s] -- Looking for ignition-math6 -- found version 6.15.0
[7.499s] -- Looking for ignition-transport8 -- found version 8.2.1
[7.500s] -- Searching for dependencies of ignition-transport8
[7.580s] -- Found Protobuf: /usr/lib/x86_64-linux-gnu/libprotobuf.so (found suitable version "3.12.4", minimum required is "3") 
[7.623s] -- Config-file not installed for ZeroMQ -- checking for pkg-config
[7.644s] -- Checking for module 'libzmq >= 4'
[7.837s] --   Found libzmq , version 4.3.4
[8.047s] -- Checking for module 'uuid'
[8.159s] --   Found uuid, version 2.37.2
[8.336s] -- Looking for ignition-msgs5 -- found version 5.8.1
[8.339s] -- Searching for dependencies of ignition-msgs5
[8.399s] -- Looking for ignition-math6 -- found version 6.15.0
[8.419s] -- Checking for module 'tinyxml2'
[8.527s] --   Found tinyxml2, version 9.0.0
[8.700s] -- Looking for ignition-msgs5 -- found version 5.8.1
[8.707s] -- Looking for ignition-common3 -- found version 3.14.0
[8.708s] -- Searching for dependencies of ignition-common3
[8.712s] -- Looking for dlfcn.h - found
[8.712s] -- Looking for libdl - found
[8.788s] -- Searching for <ignition-common3> component [graphics]
[8.792s] -- Looking for ignition-common3-graphics -- found version 3.14.0
[8.792s] -- Searching for dependencies of ignition-common3-graphics
[8.795s] -- Looking for ignition-math6 -- found version 6.15.0
[8.804s] -- Looking for ignition-fuel_tools4 -- found version 4.4.0
[8.805s] -- Searching for dependencies of ignition-fuel_tools4
[8.988s] -- Checking for module 'jsoncpp'
[9.064s] --   Found jsoncpp, version 1.9.5
[9.284s] -- Checking for module 'libzip'
[9.351s] --   Found libzip, version 1.7.3
[9.511s] -- Looking for ignition-common3 -- found version 3.14.0
[9.512s] -- Looking for ignition-math6 -- found version 6.15.0
[9.512s] -- Looking for ignition-msgs5 -- found version 5.8.1
[9.545s] -- Gazebo version: 11.10
[9.596s] -- Found tf2: 0.25.5 (/opt/ros/humble/share/tf2/cmake)
[9.676s] -- Found tf2_geometry_msgs: 0.25.5 (/opt/ros/humble/share/tf2_geometry_msgs/cmake)
[9.711s] -- Found eigen3_cmake_module: 0.1.1 (/opt/ros/humble/share/eigen3_cmake_module/cmake)
[9.715s] -- Ensuring Eigen3 include directory is part of orocos-kdl CMake target
[11.380s] -- Found pluginlib: 5.1.0 (/opt/ros/humble/share/pluginlib/cmake)
[11.452s] -- Found sensor_msgs: 4.2.3 (/opt/ros/humble/share/sensor_msgs/cmake)
[11.861s] -- Found ament_lint_auto: 0.12.9 (/opt/ros/humble/share/ament_lint_auto/cmake)
[12.041s] WARNING: Package name "Diff_drive_custom_plugin" does not follow the naming conventions. It should start with a lower case letter and only contain lower case letters, digits, underscores, and dashes.
[12.267s] -- Added test 'cppcheck' to perform static code analysis on C / C++ code
[12.267s] -- Configured cppcheck include dirs: /home/femi/Mybot2_ws/src/Diff_drive_custom_plugin/include
[12.268s] -- Configured cppcheck exclude dirs and/or files: 
[12.279s] -- Added test 'flake8' to check Python code syntax and style conventions
[12.283s] -- Added test 'lint_cmake' to check CMake code style
[12.288s] -- Added test 'pep257' to check Python code against some of the docstring style conventions in PEP 257
[12.300s] -- Added test 'uncrustify' to check C / C++ code style
[12.300s] -- Configured uncrustify additional arguments: 
[12.316s] -- Added test 'xmllint' to check XML markup files
[12.351s] -- Configuring done
[13.431s] -- Generating done
[13.447s] -- Build files have been written to: /home/femi/Mybot2_ws/build/Diff_drive_custom_plugin
[13.613s] [35m[1mConsolidate compiler generated dependencies of target Diff_drive_custom_plugin[0m
[13.799s] [100%] Built target Diff_drive_custom_plugin
[13.851s] Invoked command in '/home/femi/Mybot2_ws/build/Diff_drive_custom_plugin' returned '0': CMAKE_PREFIX_PATH=${CMAKE_PREFIX_PATH}:/opt/ros/humble /usr/bin/cmake --build /home/femi/Mybot2_ws/build/Diff_drive_custom_plugin -- -j6 -l6
[14.060s] Invoking command in '/home/femi/Mybot2_ws/build/Diff_drive_custom_plugin': CMAKE_PREFIX_PATH=${CMAKE_PREFIX_PATH}:/opt/ros/humble /usr/bin/cmake --install /home/femi/Mybot2_ws/build/Diff_drive_custom_plugin
[14.092s] -- Install configuration: ""
[14.092s] -- Up-to-date: /home/femi/Mybot2_ws/install/Diff_drive_custom_plugin/share/Diff_drive_custom_plugin/environment/library_path.sh
[14.095s] -- Installing: /home/femi/Mybot2_ws/install/Diff_drive_custom_plugin/share/Diff_drive_custom_plugin/environment/library_path.dsv
[14.096s] -- Up-to-date: /home/femi/Mybot2_ws/install/Diff_drive_custom_plugin/share/Diff_drive_custom_plugin//gazeboModel
[14.096s] -- Installing: /home/femi/Mybot2_ws/install/Diff_drive_custom_plugin/share/Diff_drive_custom_plugin//gazeboModel/urdf
[14.096s] -- Installing: /home/femi/Mybot2_ws/install/Diff_drive_custom_plugin/share/Diff_drive_custom_plugin//gazeboModel/urdf/mybot.xacro
[14.097s] -- Installing: /home/femi/Mybot2_ws/install/Diff_drive_custom_plugin/share/Diff_drive_custom_plugin//gazeboModel/urdf/materials.xacro
[14.097s] -- Installing: /home/femi/Mybot2_ws/install/Diff_drive_custom_plugin/share/Diff_drive_custom_plugin//gazeboModel/urdf/empty_world.world
[14.100s] -- Installing: /home/femi/Mybot2_ws/install/Diff_drive_custom_plugin/share/Diff_drive_custom_plugin//gazeboModel/urdf/mybot.gazebo
[14.101s] -- Up-to-date: /home/femi/Mybot2_ws/install/Diff_drive_custom_plugin/share/Diff_drive_custom_plugin//gazeboModel/modelByAnkitha
[14.104s] -- Up-to-date: /home/femi/Mybot2_ws/install/Diff_drive_custom_plugin/share/Diff_drive_custom_plugin//gazeboModel/modelByAnkitha/thumbnails
[14.104s] -- Up-to-date: /home/femi/Mybot2_ws/install/Diff_drive_custom_plugin/share/Diff_drive_custom_plugin//gazeboModel/modelByAnkitha/thumbnails/3.png
[14.104s] -- Up-to-date: /home/femi/Mybot2_ws/install/Diff_drive_custom_plugin/share/Diff_drive_custom_plugin//gazeboModel/modelByAnkitha/thumbnails/4.png
[14.104s] -- Up-to-date: /home/femi/Mybot2_ws/install/Diff_drive_custom_plugin/share/Diff_drive_custom_plugin//gazeboModel/modelByAnkitha/thumbnails/2.png
[14.104s] -- Up-to-date: /home/femi/Mybot2_ws/install/Diff_drive_custom_plugin/share/Diff_drive_custom_plugin//gazeboModel/modelByAnkitha/thumbnails/1.png
[14.105s] -- Up-to-date: /home/femi/Mybot2_ws/install/Diff_drive_custom_plugin/share/Diff_drive_custom_plugin//gazeboModel/modelByAnkitha/thumbnails/5.png
[14.105s] -- Up-to-date: /home/femi/Mybot2_ws/install/Diff_drive_custom_plugin/share/Diff_drive_custom_plugin//gazeboModel/modelByAnkitha/model-1_4.sdf
[14.107s] -- Up-to-date: /home/femi/Mybot2_ws/install/Diff_drive_custom_plugin/share/Diff_drive_custom_plugin//gazeboModel/modelByAnkitha/model-1_2.sdf
[14.107s] -- Up-to-date: /home/femi/Mybot2_ws/install/Diff_drive_custom_plugin/share/Diff_drive_custom_plugin//gazeboModel/modelByAnkitha/model.config
[14.107s] -- Up-to-date: /home/femi/Mybot2_ws/install/Diff_drive_custom_plugin/share/Diff_drive_custom_plugin//gazeboModel/modelByAnkitha/model.sdf
[14.109s] -- Up-to-date: /home/femi/Mybot2_ws/install/Diff_drive_custom_plugin/share/Diff_drive_custom_plugin//gazeboModel/modelByAnkitha/materials
[14.112s] -- Up-to-date: /home/femi/Mybot2_ws/install/Diff_drive_custom_plugin/share/Diff_drive_custom_plugin//gazeboModel/modelByAnkitha/materials/textures
[14.112s] -- Up-to-date: /home/femi/Mybot2_ws/install/Diff_drive_custom_plugin/share/Diff_drive_custom_plugin//gazeboModel/modelByAnkitha/materials/textures/68-04552-2000-RA_Turtlebot_M-F_Standoff_color.png
[14.115s] -- Up-to-date: /home/femi/Mybot2_ws/install/Diff_drive_custom_plugin/share/Diff_drive_custom_plugin//gazeboModel/modelByAnkitha/materials/textures/plate_0_logo.png
[14.116s] -- Up-to-date: /home/femi/Mybot2_ws/install/Diff_drive_custom_plugin/share/Diff_drive_custom_plugin//gazeboModel/modelByAnkitha/materials/textures/plate_2_logo.png
[14.116s] -- Up-to-date: /home/femi/Mybot2_ws/install/Diff_drive_custom_plugin/share/Diff_drive_custom_plugin//gazeboModel/modelByAnkitha/materials/textures/create_body.png
[14.124s] -- Up-to-date: /home/femi/Mybot2_ws/install/Diff_drive_custom_plugin/share/Diff_drive_custom_plugin//gazeboModel/modelByAnkitha/materials/textures/68-02421-8000-RA_Turtlebot_F-F_Standoff_color.png
[14.124s] -- Up-to-date: /home/femi/Mybot2_ws/install/Diff_drive_custom_plugin/share/Diff_drive_custom_plugin//gazeboModel/modelByAnkitha/materials/textures/68-04552-1000-RA_Turtlebot_M-F_Standoff_color.png
[14.124s] -- Up-to-date: /home/femi/Mybot2_ws/install/Diff_drive_custom_plugin/share/Diff_drive_custom_plugin//gazeboModel/modelByAnkitha/materials/textures/plate_1_logo.png
[14.125s] -- Up-to-date: /home/femi/Mybot2_ws/install/Diff_drive_custom_plugin/share/Diff_drive_custom_plugin//gazeboModel/modelByAnkitha/meshes
[14.125s] -- Up-to-date: /home/femi/Mybot2_ws/install/Diff_drive_custom_plugin/share/Diff_drive_custom_plugin//gazeboModel/modelByAnkitha/meshes/wheel.dae
[14.125s] -- Up-to-date: /home/femi/Mybot2_ws/install/Diff_drive_custom_plugin/share/Diff_drive_custom_plugin//gazeboModel/modelByAnkitha/meshes/chassis.dae
[14.127s] -- Up-to-date: /home/femi/Mybot2_ws/install/Diff_drive_custom_plugin/share/Diff_drive_custom_plugin//gazeboModel/modelByAnkitha/model-1_3.sdf
[14.127s] -- Up-to-date: /home/femi/Mybot2_ws/install/Diff_drive_custom_plugin/share/Diff_drive_custom_plugin//launch
[14.128s] -- Installing: /home/femi/Mybot2_ws/install/Diff_drive_custom_plugin/share/Diff_drive_custom_plugin//launch/gazebo_model.launch.py
[14.128s] -- Installing: /home/femi/Mybot2_ws/install/Diff_drive_custom_plugin/share/Diff_drive_custom_plugin//launch/robot.launch.py
[14.132s] -- Up-to-date: /home/femi/Mybot2_ws/install/Diff_drive_custom_plugin/share/Diff_drive_custom_plugin//launch/__pycache__
[14.133s] -- Up-to-date: /home/femi/Mybot2_ws/install/Diff_drive_custom_plugin/share/Diff_drive_custom_plugin//launch/__pycache__/robot.launch.cpython-310.pyc
[14.133s] [31mCMake Error at cmake_install.cmake:58 (file):
[14.135s]   file INSTALL cannot find
[14.135s]   "/home/femi/Mybot2_ws/src/Diff_drive_custom_plugin/urdf": No such file or
[14.135s]   directory.
[14.135s] 
[14.135s] [0m
[14.136s] Invoked command in '/home/femi/Mybot2_ws/build/Diff_drive_custom_plugin' returned '1': CMAKE_PREFIX_PATH=${CMAKE_PREFIX_PATH}:/opt/ros/humble /usr/bin/cmake --install /home/femi/Mybot2_ws/build/Diff_drive_custom_plugin
