[4.354s] DEBUG:colcon:Command line arguments: ['/usr/bin/colcon', 'build', '--packages-select', 'Diff_drive_custom_plugin']
[4.354s] DEBUG:colcon:Parsed command line arguments: Namespace(log_base=None, log_level=None, verb_name='build', build_base='build', install_base='install', merge_install=False, symlink_install=False, test_result_base=None, continue_on_error=False, executor='parallel', parallel_workers=6, event_handlers=None, ignore_user_meta=False, metas=['./colcon.meta'], base_paths=['.'], packages_ignore=None, packages_ignore_regex=None, paths=None, packages_up_to=None, packages_up_to_regex=None, packages_above=None, packages_above_and_dependencies=None, packages_above_depth=None, packages_select_by_dep=None, packages_skip_by_dep=None, packages_skip_up_to=None, packages_select_build_failed=False, packages_skip_build_finished=False, packages_select_test_failures=False, packages_skip_test_passed=False, packages_select=['Diff_drive_custom_plugin'], packages_skip=None, packages_select_regex=None, packages_skip_regex=None, packages_start=None, packages_end=None, allow_overriding=[], cmake_args=None, cmake_target=None, cmake_target_skip_unavailable=False, cmake_clean_cache=False, cmake_clean_first=False, cmake_force_configure=False, ament_cmake_args=None, catkin_cmake_args=None, catkin_skip_building_tests=False, verb_parser=<colcon_defaults.argument_parser.defaults.DefaultArgumentsDecorator object at 0x7f8be7163070>, verb_extension=<colcon_core.verb.build.BuildVerb object at 0x7f8be75c8790>, main=<bound method BuildVerb.main of <colcon_core.verb.build.BuildVerb object at 0x7f8be75c8790>>)
[4.511s] Level 1:colcon.colcon_core.package_discovery:discover_packages(colcon_meta) check parameters
[4.511s] Level 1:colcon.colcon_core.package_discovery:discover_packages(recursive) check parameters
[4.511s] Level 1:colcon.colcon_core.package_discovery:discover_packages(ignore) check parameters
[4.511s] Level 1:colcon.colcon_core.package_discovery:discover_packages(path) check parameters
[4.511s] Level 1:colcon.colcon_core.package_discovery:discover_packages(colcon_meta) discover
[4.512s] Level 1:colcon.colcon_core.package_discovery:discover_packages(recursive) discover
[4.512s] INFO:colcon.colcon_core.package_discovery:Crawling recursively for packages in '/home/femi/Mybot2_ws'
[4.512s] Level 1:colcon.colcon_core.package_identification:_identify(.) by extensions ['ignore', 'ignore_ament_install']
[4.512s] Level 1:colcon.colcon_core.package_identification:_identify(.) by extension 'ignore'
[4.512s] Level 1:colcon.colcon_core.package_identification:_identify(.) by extension 'ignore_ament_install'
[4.513s] Level 1:colcon.colcon_core.package_identification:_identify(.) by extensions ['colcon_pkg']
[4.513s] Level 1:colcon.colcon_core.package_identification:_identify(.) by extension 'colcon_pkg'
[4.513s] Level 1:colcon.colcon_core.package_identification:_identify(.) by extensions ['colcon_meta']
[4.513s] Level 1:colcon.colcon_core.package_identification:_identify(.) by extension 'colcon_meta'
[4.513s] Level 1:colcon.colcon_core.package_identification:_identify(.) by extensions ['ros']
[4.513s] Level 1:colcon.colcon_core.package_identification:_identify(.) by extension 'ros'
[4.540s] Level 1:colcon.colcon_core.package_identification:_identify(.) by extensions ['cmake', 'python']
[4.540s] Level 1:colcon.colcon_core.package_identification:_identify(.) by extension 'cmake'
[4.540s] Level 1:colcon.colcon_core.package_identification:_identify(.) by extension 'python'
[4.540s] Level 1:colcon.colcon_core.package_identification:_identify(.) by extensions ['python_setup_py']
[4.540s] Level 1:colcon.colcon_core.package_identification:_identify(.) by extension 'python_setup_py'
[4.541s] Level 1:colcon.colcon_core.package_identification:_identify(build) by extensions ['ignore', 'ignore_ament_install']
[4.541s] Level 1:colcon.colcon_core.package_identification:_identify(build) by extension 'ignore'
[4.541s] Level 1:colcon.colcon_core.package_identification:_identify(build) ignored
[4.542s] Level 1:colcon.colcon_core.package_identification:_identify(install) by extensions ['ignore', 'ignore_ament_install']
[4.542s] Level 1:colcon.colcon_core.package_identification:_identify(install) by extension 'ignore'
[4.542s] Level 1:colcon.colcon_core.package_identification:_identify(install) ignored
[4.543s] Level 1:colcon.colcon_core.package_identification:_identify(log) by extensions ['ignore', 'ignore_ament_install']
[4.543s] Level 1:colcon.colcon_core.package_identification:_identify(log) by extension 'ignore'
[4.543s] Level 1:colcon.colcon_core.package_identification:_identify(log) ignored
[4.543s] Level 1:colcon.colcon_core.package_identification:_identify(src) by extensions ['ignore', 'ignore_ament_install']
[4.543s] Level 1:colcon.colcon_core.package_identification:_identify(src) by extension 'ignore'
[4.544s] Level 1:colcon.colcon_core.package_identification:_identify(src) by extension 'ignore_ament_install'
[4.544s] Level 1:colcon.colcon_core.package_identification:_identify(src) by extensions ['colcon_pkg']
[4.544s] Level 1:colcon.colcon_core.package_identification:_identify(src) by extension 'colcon_pkg'
[4.544s] Level 1:colcon.colcon_core.package_identification:_identify(src) by extensions ['colcon_meta']
[4.544s] Level 1:colcon.colcon_core.package_identification:_identify(src) by extension 'colcon_meta'
[4.544s] Level 1:colcon.colcon_core.package_identification:_identify(src) by extensions ['ros']
[4.544s] Level 1:colcon.colcon_core.package_identification:_identify(src) by extension 'ros'
[4.545s] Level 1:colcon.colcon_core.package_identification:_identify(src) by extensions ['cmake', 'python']
[4.545s] Level 1:colcon.colcon_core.package_identification:_identify(src) by extension 'cmake'
[4.545s] Level 1:colcon.colcon_core.package_identification:_identify(src) by extension 'python'
[4.545s] Level 1:colcon.colcon_core.package_identification:_identify(src) by extensions ['python_setup_py']
[4.545s] Level 1:colcon.colcon_core.package_identification:_identify(src) by extension 'python_setup_py'
[4.546s] Level 1:colcon.colcon_core.package_identification:_identify(src/Diff_drive_custom_plugin) by extensions ['ignore', 'ignore_ament_install']
[4.546s] Level 1:colcon.colcon_core.package_identification:_identify(src/Diff_drive_custom_plugin) by extension 'ignore'
[4.546s] Level 1:colcon.colcon_core.package_identification:_identify(src/Diff_drive_custom_plugin) by extension 'ignore_ament_install'
[4.546s] Level 1:colcon.colcon_core.package_identification:_identify(src/Diff_drive_custom_plugin) by extensions ['colcon_pkg']
[4.546s] Level 1:colcon.colcon_core.package_identification:_identify(src/Diff_drive_custom_plugin) by extension 'colcon_pkg'
[4.546s] Level 1:colcon.colcon_core.package_identification:_identify(src/Diff_drive_custom_plugin) by extensions ['colcon_meta']
[4.547s] Level 1:colcon.colcon_core.package_identification:_identify(src/Diff_drive_custom_plugin) by extension 'colcon_meta'
[4.547s] Level 1:colcon.colcon_core.package_identification:_identify(src/Diff_drive_custom_plugin) by extensions ['ros']
[4.547s] Level 1:colcon.colcon_core.package_identification:_identify(src/Diff_drive_custom_plugin) by extension 'ros'
[4.553s] DEBUG:colcon.colcon_core.package_identification:Package 'src/Diff_drive_custom_plugin' with type 'ros.ament_cmake' and name 'Diff_drive_custom_plugin'
[4.553s] Level 1:colcon.colcon_core.package_discovery:discover_packages(recursive) using defaults
[4.553s] Level 1:colcon.colcon_core.package_discovery:discover_packages(ignore) discover
[4.553s] Level 1:colcon.colcon_core.package_discovery:discover_packages(ignore) using defaults
[4.553s] Level 1:colcon.colcon_core.package_discovery:discover_packages(path) discover
[4.553s] Level 1:colcon.colcon_core.package_discovery:discover_packages(path) using defaults
[4.992s] Level 1:colcon.colcon_core.package_discovery:discover_packages(prefix_path) check parameters
[4.992s] Level 1:colcon.colcon_core.package_discovery:discover_packages(prefix_path) discover
[5.114s] DEBUG:colcon.colcon_installed_package_information.package_discovery:Found 1 installed packages in /home/femi/Mybot2_ws/install
[5.175s] DEBUG:colcon.colcon_installed_package_information.package_discovery:Found 366 installed packages in /opt/ros/humble
[5.185s] Level 1:colcon.colcon_core.package_discovery:discover_packages(prefix_path) using defaults
[5.565s] Level 5:colcon.colcon_core.verb:set package 'Diff_drive_custom_plugin' build argument 'cmake_args' from command line to 'None'
[5.565s] Level 5:colcon.colcon_core.verb:set package 'Diff_drive_custom_plugin' build argument 'cmake_target' from command line to 'None'
[5.566s] Level 5:colcon.colcon_core.verb:set package 'Diff_drive_custom_plugin' build argument 'cmake_target_skip_unavailable' from command line to 'False'
[5.566s] Level 5:colcon.colcon_core.verb:set package 'Diff_drive_custom_plugin' build argument 'cmake_clean_cache' from command line to 'False'
[5.566s] Level 5:colcon.colcon_core.verb:set package 'Diff_drive_custom_plugin' build argument 'cmake_clean_first' from command line to 'False'
[5.567s] Level 5:colcon.colcon_core.verb:set package 'Diff_drive_custom_plugin' build argument 'cmake_force_configure' from command line to 'False'
[5.567s] Level 5:colcon.colcon_core.verb:set package 'Diff_drive_custom_plugin' build argument 'ament_cmake_args' from command line to 'None'
[5.567s] Level 5:colcon.colcon_core.verb:set package 'Diff_drive_custom_plugin' build argument 'catkin_cmake_args' from command line to 'None'
[5.567s] Level 5:colcon.colcon_core.verb:set package 'Diff_drive_custom_plugin' build argument 'catkin_skip_building_tests' from command line to 'False'
[5.567s] DEBUG:colcon.colcon_core.verb:Building package 'Diff_drive_custom_plugin' with the following arguments: {'ament_cmake_args': None, 'build_base': '/home/femi/Mybot2_ws/build/Diff_drive_custom_plugin', 'catkin_cmake_args': None, 'catkin_skip_building_tests': False, 'cmake_args': None, 'cmake_clean_cache': False, 'cmake_clean_first': False, 'cmake_force_configure': False, 'cmake_target': None, 'cmake_target_skip_unavailable': False, 'install_base': '/home/femi/Mybot2_ws/install/Diff_drive_custom_plugin', 'merge_install': False, 'path': '/home/femi/Mybot2_ws/src/Diff_drive_custom_plugin', 'symlink_install': False, 'test_result_base': None}
[5.647s] INFO:colcon.colcon_core.executor:Executing jobs using 'parallel' executor
[5.725s] DEBUG:colcon.colcon_parallel_executor.executor.parallel:run_until_complete
[5.727s] INFO:colcon.colcon_ros.task.ament_cmake.build:Building ROS package in '/home/femi/Mybot2_ws/src/Diff_drive_custom_plugin' with build type 'ament_cmake'
[5.728s] INFO:colcon.colcon_cmake.task.cmake.build:Building CMake package in '/home/femi/Mybot2_ws/src/Diff_drive_custom_plugin'
[5.794s] INFO:colcon.colcon_core.plugin_system:Skipping extension 'colcon_core.shell.bat': Not used on non-Windows systems
[5.794s] INFO:colcon.colcon_core.shell:Skip shell extension 'powershell' for command environment: Not usable outside of PowerShell
[5.794s] DEBUG:colcon.colcon_core.shell:Skip shell extension 'dsv' for command environment
[6.077s] DEBUG:colcon.colcon_core.event_handler.log_command:Invoking command in '/home/femi/Mybot2_ws/build/Diff_drive_custom_plugin': CMAKE_PREFIX_PATH=${CMAKE_PREFIX_PATH}:/opt/ros/humble /usr/bin/cmake --build /home/femi/Mybot2_ws/build/Diff_drive_custom_plugin -- -j6 -l6
[66.439s] DEBUG:colcon.colcon_core.event_handler.log_command:Invoked command in '/home/femi/Mybot2_ws/build/Diff_drive_custom_plugin' returned '0': CMAKE_PREFIX_PATH=${CMAKE_PREFIX_PATH}:/opt/ros/humble /usr/bin/cmake --build /home/femi/Mybot2_ws/build/Diff_drive_custom_plugin -- -j6 -l6
[66.748s] DEBUG:colcon.colcon_core.event_handler.log_command:Invoking command in '/home/femi/Mybot2_ws/build/Diff_drive_custom_plugin': CMAKE_PREFIX_PATH=${CMAKE_PREFIX_PATH}:/opt/ros/humble /usr/bin/cmake --install /home/femi/Mybot2_ws/build/Diff_drive_custom_plugin
[66.883s] DEBUG:colcon.colcon_core.event_handler.log_command:Invoked command in '/home/femi/Mybot2_ws/build/Diff_drive_custom_plugin' returned '1': CMAKE_PREFIX_PATH=${CMAKE_PREFIX_PATH}:/opt/ros/humble /usr/bin/cmake --install /home/femi/Mybot2_ws/build/Diff_drive_custom_plugin
[67.211s] Level 1:colcon.colcon_core.environment:create_environment_scripts_only(Diff_drive_custom_plugin)
[67.297s] Level 1:colcon.colcon_core.environment:checking '/home/femi/Mybot2_ws/install/Diff_drive_custom_plugin' for CMake module files
[67.301s] Level 1:colcon.colcon_core.environment:checking '/home/femi/Mybot2_ws/install/Diff_drive_custom_plugin' for CMake config files
[67.303s] Level 1:colcon.colcon_core.shell:create_environment_hook('Diff_drive_custom_plugin', 'cmake_prefix_path')
[67.374s] INFO:colcon.colcon_core.shell:Creating environment hook '/home/femi/Mybot2_ws/install/Diff_drive_custom_plugin/share/Diff_drive_custom_plugin/hook/cmake_prefix_path.ps1'
[67.375s] INFO:colcon.colcon_core.shell:Creating environment descriptor '/home/femi/Mybot2_ws/install/Diff_drive_custom_plugin/share/Diff_drive_custom_plugin/hook/cmake_prefix_path.dsv'
[67.377s] INFO:colcon.colcon_core.shell:Creating environment hook '/home/femi/Mybot2_ws/install/Diff_drive_custom_plugin/share/Diff_drive_custom_plugin/hook/cmake_prefix_path.sh'
[67.381s] Level 1:colcon.colcon_core.environment:checking '/home/femi/Mybot2_ws/install/Diff_drive_custom_plugin/bin'
[67.381s] Level 1:colcon.colcon_core.environment:checking '/home/femi/Mybot2_ws/install/Diff_drive_custom_plugin/lib/pkgconfig/Diff_drive_custom_plugin.pc'
[67.382s] Level 1:colcon.colcon_core.environment:checking '/home/femi/Mybot2_ws/install/Diff_drive_custom_plugin/lib/python3.10/site-packages'
[67.383s] Level 1:colcon.colcon_core.environment:checking '/home/femi/Mybot2_ws/install/Diff_drive_custom_plugin/bin'
[67.446s] INFO:colcon.colcon_core.shell:Creating package script '/home/femi/Mybot2_ws/install/Diff_drive_custom_plugin/share/Diff_drive_custom_plugin/package.ps1'
[67.448s] INFO:colcon.colcon_core.shell:Creating package descriptor '/home/femi/Mybot2_ws/install/Diff_drive_custom_plugin/share/Diff_drive_custom_plugin/package.dsv'
[67.449s] INFO:colcon.colcon_core.shell:Creating package script '/home/femi/Mybot2_ws/install/Diff_drive_custom_plugin/share/Diff_drive_custom_plugin/package.sh'
[67.451s] INFO:colcon.colcon_core.shell:Creating package script '/home/femi/Mybot2_ws/install/Diff_drive_custom_plugin/share/Diff_drive_custom_plugin/package.bash'
[67.453s] INFO:colcon.colcon_core.shell:Creating package script '/home/femi/Mybot2_ws/install/Diff_drive_custom_plugin/share/Diff_drive_custom_plugin/package.zsh'
[67.455s] Level 1:colcon.colcon_core.environment:create_file_with_runtime_dependencies(/home/femi/Mybot2_ws/install/Diff_drive_custom_plugin/share/colcon-core/packages/Diff_drive_custom_plugin)
[67.468s] DEBUG:colcon.colcon_parallel_executor.executor.parallel:closing loop
[67.468s] DEBUG:colcon.colcon_parallel_executor.executor.parallel:loop closed
[67.469s] DEBUG:colcon.colcon_parallel_executor.executor.parallel:run_until_complete finished with '1'
[67.469s] DEBUG:colcon.colcon_core.event_reactor:joining thread
[67.563s] INFO:colcon.colcon_core.plugin_system:Skipping extension 'colcon_notification.desktop_notification.terminal_notifier': Not used on non-Darwin systems
[67.563s] INFO:colcon.colcon_core.plugin_system:Skipping extension 'colcon_notification.desktop_notification.win32': Not used on non-Windows systems
[67.563s] INFO:colcon.colcon_notification.desktop_notification:Sending desktop notification using 'notify2'
[67.606s] DEBUG:colcon.colcon_core.event_reactor:joined thread
[67.687s] INFO:colcon.colcon_core.shell:Creating prefix script '/home/femi/Mybot2_ws/install/local_setup.ps1'
[67.693s] INFO:colcon.colcon_core.shell:Creating prefix util module '/home/femi/Mybot2_ws/install/_local_setup_util_ps1.py'
[67.695s] INFO:colcon.colcon_core.shell:Creating prefix chain script '/home/femi/Mybot2_ws/install/setup.ps1'
[67.759s] INFO:colcon.colcon_core.shell:Creating prefix script '/home/femi/Mybot2_ws/install/local_setup.sh'
[67.761s] INFO:colcon.colcon_core.shell:Creating prefix util module '/home/femi/Mybot2_ws/install/_local_setup_util_sh.py'
[67.763s] INFO:colcon.colcon_core.shell:Creating prefix chain script '/home/femi/Mybot2_ws/install/setup.sh'
[67.832s] INFO:colcon.colcon_core.shell:Creating prefix script '/home/femi/Mybot2_ws/install/local_setup.bash'
[67.834s] INFO:colcon.colcon_core.shell:Creating prefix chain script '/home/femi/Mybot2_ws/install/setup.bash'
[67.914s] INFO:colcon.colcon_core.shell:Creating prefix script '/home/femi/Mybot2_ws/install/local_setup.zsh'
[67.916s] INFO:colcon.colcon_core.shell:Creating prefix chain script '/home/femi/Mybot2_ws/install/setup.zsh'
