[0.300s] Invoking command in '/home/femi/Mybot2_ws/build/Diff_drive_custom_plugin': CMAKE_PREFIX_PATH=${CMAKE_PREFIX_PATH}:/opt/ros/humble /usr/bin/cmake --build /home/femi/Mybot2_ws/build/Diff_drive_custom_plugin -- -j6 -l6
[0.624s] [100%] Built target Diff_drive_custom_plugin
[0.684s] Invoked command in '/home/femi/Mybot2_ws/build/Diff_drive_custom_plugin' returned '0': CMAKE_PREFIX_PATH=${CMAKE_PREFIX_PATH}:/opt/ros/humble /usr/bin/cmake --build /home/femi/Mybot2_ws/build/Diff_drive_custom_plugin -- -j6 -l6
[0.919s] Invoking command in '/home/femi/Mybot2_ws/build/Diff_drive_custom_plugin': CMAKE_PREFIX_PATH=${CMAKE_PREFIX_PATH}:/opt/ros/humble /usr/bin/cmake --install /home/femi/Mybot2_ws/build/Diff_drive_custom_plugin
[0.947s] -- Install configuration: ""
[0.947s] -- Up-to-date: /home/femi/Mybot2_ws/install/Diff_drive_custom_plugin/share/Diff_drive_custom_plugin/environment/library_path.sh
[0.952s] -- Up-to-date: /home/femi/Mybot2_ws/install/Diff_drive_custom_plugin/share/Diff_drive_custom_plugin/environment/library_path.dsv
[0.955s] -- Up-to-date: /home/femi/Mybot2_ws/install/Diff_drive_custom_plugin/share/Diff_drive_custom_plugin//gazeboModel
[0.955s] -- Up-to-date: /home/femi/Mybot2_ws/install/Diff_drive_custom_plugin/share/Diff_drive_custom_plugin//gazeboModel/modelByAnkitha
[0.956s] -- Up-to-date: /home/femi/Mybot2_ws/install/Diff_drive_custom_plugin/share/Diff_drive_custom_plugin//gazeboModel/modelByAnkitha/thumbnails
[0.956s] -- Up-to-date: /home/femi/Mybot2_ws/install/Diff_drive_custom_plugin/share/Diff_drive_custom_plugin//gazeboModel/modelByAnkitha/thumbnails/3.png
[0.956s] -- Up-to-date: /home/femi/Mybot2_ws/install/Diff_drive_custom_plugin/share/Diff_drive_custom_plugin//gazeboModel/modelByAnkitha/thumbnails/4.png
[0.956s] -- Up-to-date: /home/femi/Mybot2_ws/install/Diff_drive_custom_plugin/share/Diff_drive_custom_plugin//gazeboModel/modelByAnkitha/thumbnails/2.png
[0.956s] -- Up-to-date: /home/femi/Mybot2_ws/install/Diff_drive_custom_plugin/share/Diff_drive_custom_plugin//gazeboModel/modelByAnkitha/thumbnails/1.png
[0.956s] -- Up-to-date: /home/femi/Mybot2_ws/install/Diff_drive_custom_plugin/share/Diff_drive_custom_plugin//gazeboModel/modelByAnkitha/thumbnails/5.png
[0.956s] -- Up-to-date: /home/femi/Mybot2_ws/install/Diff_drive_custom_plugin/share/Diff_drive_custom_plugin//gazeboModel/modelByAnkitha/model-1_4.sdf
[0.957s] -- Up-to-date: /home/femi/Mybot2_ws/install/Diff_drive_custom_plugin/share/Diff_drive_custom_plugin//gazeboModel/modelByAnkitha/model-1_2.sdf
[0.957s] -- Up-to-date: /home/femi/Mybot2_ws/install/Diff_drive_custom_plugin/share/Diff_drive_custom_plugin//gazeboModel/modelByAnkitha/model.config
[0.959s] -- Up-to-date: /home/femi/Mybot2_ws/install/Diff_drive_custom_plugin/share/Diff_drive_custom_plugin//gazeboModel/modelByAnkitha/model.sdf
[0.959s] -- Up-to-date: /home/femi/Mybot2_ws/install/Diff_drive_custom_plugin/share/Diff_drive_custom_plugin//gazeboModel/modelByAnkitha/materials
[0.960s] -- Up-to-date: /home/femi/Mybot2_ws/install/Diff_drive_custom_plugin/share/Diff_drive_custom_plugin//gazeboModel/modelByAnkitha/materials/textures
[0.960s] -- Up-to-date: /home/femi/Mybot2_ws/install/Diff_drive_custom_plugin/share/Diff_drive_custom_plugin//gazeboModel/modelByAnkitha/materials/textures/68-04552-2000-RA_Turtlebot_M-F_Standoff_color.png
[0.960s] -- Up-to-date: /home/femi/Mybot2_ws/install/Diff_drive_custom_plugin/share/Diff_drive_custom_plugin//gazeboModel/modelByAnkitha/materials/textures/plate_0_logo.png
[0.963s] -- Up-to-date: /home/femi/Mybot2_ws/install/Diff_drive_custom_plugin/share/Diff_drive_custom_plugin//gazeboModel/modelByAnkitha/materials/textures/plate_2_logo.png
[0.963s] -- Up-to-date: /home/femi/Mybot2_ws/install/Diff_drive_custom_plugin/share/Diff_drive_custom_plugin//gazeboModel/modelByAnkitha/materials/textures/create_body.png
[0.964s] -- Up-to-date: /home/femi/Mybot2_ws/install/Diff_drive_custom_plugin/share/Diff_drive_custom_plugin//gazeboModel/modelByAnkitha/materials/textures/68-02421-8000-RA_Turtlebot_F-F_Standoff_color.png
[0.964s] -- Up-to-date: /home/femi/Mybot2_ws/install/Diff_drive_custom_plugin/share/Diff_drive_custom_plugin//gazeboModel/modelByAnkitha/materials/textures/68-04552-1000-RA_Turtlebot_M-F_Standoff_color.png
[0.964s] -- Up-to-date: /home/femi/Mybot2_ws/install/Diff_drive_custom_plugin/share/Diff_drive_custom_plugin//gazeboModel/modelByAnkitha/materials/textures/plate_1_logo.png
[0.964s] -- Up-to-date: /home/femi/Mybot2_ws/install/Diff_drive_custom_plugin/share/Diff_drive_custom_plugin//gazeboModel/modelByAnkitha/meshes
[0.964s] -- Up-to-date: /home/femi/Mybot2_ws/install/Diff_drive_custom_plugin/share/Diff_drive_custom_plugin//gazeboModel/modelByAnkitha/meshes/wheel.dae
[0.964s] -- Up-to-date: /home/femi/Mybot2_ws/install/Diff_drive_custom_plugin/share/Diff_drive_custom_plugin//gazeboModel/modelByAnkitha/meshes/chassis.dae
[0.964s] -- Up-to-date: /home/femi/Mybot2_ws/install/Diff_drive_custom_plugin/share/Diff_drive_custom_plugin//gazeboModel/modelByAnkitha/model-1_3.sdf
[0.964s] -- Up-to-date: /home/femi/Mybot2_ws/install/Diff_drive_custom_plugin/share/Diff_drive_custom_plugin//launch
[0.965s] -- Up-to-date: /home/femi/Mybot2_ws/install/Diff_drive_custom_plugin/share/Diff_drive_custom_plugin//launch/gazebo_model.launch.py
[0.965s] -- Up-to-date: /home/femi/Mybot2_ws/install/Diff_drive_custom_plugin/share/Diff_drive_custom_plugin//launch/robot.launch.py
[0.965s] -- Up-to-date: /home/femi/Mybot2_ws/install/Diff_drive_custom_plugin/share/Diff_drive_custom_plugin//launch/__pycache__
[0.967s] -- Up-to-date: /home/femi/Mybot2_ws/install/Diff_drive_custom_plugin/share/Diff_drive_custom_plugin//launch/__pycache__/robot.launch.cpython-310.pyc
[0.967s] -- Installing: /home/femi/Mybot2_ws/install/Diff_drive_custom_plugin/share/Diff_drive_custom_plugin//urdf
[0.967s] -- Installing: /home/femi/Mybot2_ws/install/Diff_drive_custom_plugin/share/Diff_drive_custom_plugin//urdf/mybot.xacro
[0.968s] -- Installing: /home/femi/Mybot2_ws/install/Diff_drive_custom_plugin/share/Diff_drive_custom_plugin//urdf/materials.xacro
[0.968s] -- Installing: /home/femi/Mybot2_ws/install/Diff_drive_custom_plugin/share/Diff_drive_custom_plugin//urdf/empty_world.world
[0.968s] -- Installing: /home/femi/Mybot2_ws/install/Diff_drive_custom_plugin/share/Diff_drive_custom_plugin//urdf/mybot.gazebo
[1.028s] -- Up-to-date: /home/femi/Mybot2_ws/install/Diff_drive_custom_plugin/lib/Diff_drive_custom_plugin/libDiff_drive_custom_plugin.so
[1.032s] -- Installing: /home/femi/Mybot2_ws/install/Diff_drive_custom_plugin/share/ament_index/resource_index/package_run_dependencies/Diff_drive_custom_plugin
[1.033s] -- Installing: /home/femi/Mybot2_ws/install/Diff_drive_custom_plugin/share/ament_index/resource_index/parent_prefix_path/Diff_drive_custom_plugin
[1.036s] -- Up-to-date: /home/femi/Mybot2_ws/install/Diff_drive_custom_plugin/share/Diff_drive_custom_plugin/environment/ament_prefix_path.sh
[1.036s] -- Installing: /home/femi/Mybot2_ws/install/Diff_drive_custom_plugin/share/Diff_drive_custom_plugin/environment/ament_prefix_path.dsv
[1.039s] -- Up-to-date: /home/femi/Mybot2_ws/install/Diff_drive_custom_plugin/share/Diff_drive_custom_plugin/environment/path.sh
[1.039s] -- Installing: /home/femi/Mybot2_ws/install/Diff_drive_custom_plugin/share/Diff_drive_custom_plugin/environment/path.dsv
[1.039s] -- Up-to-date: /home/femi/Mybot2_ws/install/Diff_drive_custom_plugin/share/Diff_drive_custom_plugin/local_setup.bash
[1.040s] -- Up-to-date: /home/femi/Mybot2_ws/install/Diff_drive_custom_plugin/share/Diff_drive_custom_plugin/local_setup.sh
[1.040s] -- Up-to-date: /home/femi/Mybot2_ws/install/Diff_drive_custom_plugin/share/Diff_drive_custom_plugin/local_setup.zsh
[1.040s] -- Installing: /home/femi/Mybot2_ws/install/Diff_drive_custom_plugin/share/Diff_drive_custom_plugin/local_setup.dsv
[1.040s] -- Installing: /home/femi/Mybot2_ws/install/Diff_drive_custom_plugin/share/Diff_drive_custom_plugin/package.dsv
[1.043s] -- Up-to-date: /home/femi/Mybot2_ws/install/Diff_drive_custom_plugin/share/ament_index/resource_index/packages/Diff_drive_custom_plugin
[1.043s] -- Up-to-date: /home/femi/Mybot2_ws/install/Diff_drive_custom_plugin/share/Diff_drive_custom_plugin/cmake/ament_cmake_export_libraries-extras.cmake
[1.043s] -- Up-to-date: /home/femi/Mybot2_ws/install/Diff_drive_custom_plugin/share/Diff_drive_custom_plugin/cmake/Diff_drive_custom_pluginConfig.cmake
[1.043s] -- Up-to-date: /home/femi/Mybot2_ws/install/Diff_drive_custom_plugin/share/Diff_drive_custom_plugin/cmake/Diff_drive_custom_pluginConfig-version.cmake
[1.044s] -- Installing: /home/femi/Mybot2_ws/install/Diff_drive_custom_plugin/share/Diff_drive_custom_plugin/package.xml
[1.048s] Invoked command in '/home/femi/Mybot2_ws/build/Diff_drive_custom_plugin' returned '0': CMAKE_PREFIX_PATH=${CMAKE_PREFIX_PATH}:/opt/ros/humble /usr/bin/cmake --install /home/femi/Mybot2_ws/build/Diff_drive_custom_plugin
