running egg_info
creating ../../build/teleop_keyboard/teleop_keyboard.egg-info
writing ../../build/teleop_keyboard/teleop_keyboard.egg-info/PKG-INFO
writing dependency_links to ../../build/teleop_keyboard/teleop_keyboard.egg-info/dependency_links.txt
writing entry points to ../../build/teleop_keyboard/teleop_keyboard.egg-info/entry_points.txt
writing requirements to ../../build/teleop_keyboard/teleop_keyboard.egg-info/requires.txt
writing top-level names to ../../build/teleop_keyboard/teleop_keyboard.egg-info/top_level.txt
writing manifest file '../../build/teleop_keyboard/teleop_keyboard.egg-info/SOURCES.txt'
reading manifest file '../../build/teleop_keyboard/teleop_keyboard.egg-info/SOURCES.txt'
writing manifest file '../../build/teleop_keyboard/teleop_keyboard.egg-info/SOURCES.txt'
running build
running build_py
creating /home/femi/Mybot2_ws/build/teleop_keyboard/build
creating /home/femi/Mybot2_ws/build/teleop_keyboard/build/lib
creating /home/femi/Mybot2_ws/build/teleop_keyboard/build/lib/teleop_keyboard
copying teleop_keyboard/__init__.py -> /home/femi/Mybot2_ws/build/teleop_keyboard/build/lib/teleop_keyboard
copying teleop_keyboard/teleop_keyboard.py -> /home/femi/Mybot2_ws/build/teleop_keyboard/build/lib/teleop_keyboard
running install
running install_lib
creating /home/femi/Mybot2_ws/install/teleop_keyboard/lib/python3.10/site-packages/teleop_keyboard
copying /home/femi/Mybot2_ws/build/teleop_keyboard/build/lib/teleop_keyboard/__init__.py -> /home/femi/Mybot2_ws/install/teleop_keyboard/lib/python3.10/site-packages/teleop_keyboard
copying /home/femi/Mybot2_ws/build/teleop_keyboard/build/lib/teleop_keyboard/teleop_keyboard.py -> /home/femi/Mybot2_ws/install/teleop_keyboard/lib/python3.10/site-packages/teleop_keyboard
byte-compiling /home/femi/Mybot2_ws/install/teleop_keyboard/lib/python3.10/site-packages/teleop_keyboard/__init__.py to __init__.cpython-310.pyc
byte-compiling /home/femi/Mybot2_ws/install/teleop_keyboard/lib/python3.10/site-packages/teleop_keyboard/teleop_keyboard.py to teleop_keyboard.cpython-310.pyc
running install_data
creating /home/femi/Mybot2_ws/install/teleop_keyboard/share/ament_index
creating /home/femi/Mybot2_ws/install/teleop_keyboard/share/ament_index/resource_index
creating /home/femi/Mybot2_ws/install/teleop_keyboard/share/ament_index/resource_index/packages
copying resource/teleop_keyboard -> /home/femi/Mybot2_ws/install/teleop_keyboard/share/ament_index/resource_index/packages
copying package.xml -> /home/femi/Mybot2_ws/install/teleop_keyboard/share/teleop_keyboard
running install_egg_info
Copying ../../build/teleop_keyboard/teleop_keyboard.egg-info to /home/femi/Mybot2_ws/install/teleop_keyboard/lib/python3.10/site-packages/teleop_keyboard-0.0.0-py3.10.egg-info
running install_scripts
Installing teleopNode script to /home/femi/Mybot2_ws/install/teleop_keyboard/lib/teleop_keyboard
writing list of installed files to '/home/femi/Mybot2_ws/build/teleop_keyboard/install.log'
