[2.640s] Invoking command in '/home/femi/Mybot2_ws/src/teleop_keyboard': PYTHONPATH=/home/femi/Mybot2_ws/build/teleop_keyboard/prefix_override:/home/femi/Mybot2_ws/install/teleop_keyboard/lib/python3.10/site-packages:${PYTHONPATH} /usr/bin/python3 setup.py egg_info --egg-base ../../build/teleop_keyboard build --build-base /home/femi/Mybot2_ws/build/teleop_keyboard/build install --record /home/femi/Mybot2_ws/build/teleop_keyboard/install.log --single-version-externally-managed
[3.021s] running egg_info
[3.022s] creating ../../build/teleop_keyboard/teleop_keyboard.egg-info
[3.022s] writing ../../build/teleop_keyboard/teleop_keyboard.egg-info/PKG-INFO
[3.023s] writing dependency_links to ../../build/teleop_keyboard/teleop_keyboard.egg-info/dependency_links.txt
[3.024s] writing entry points to ../../build/teleop_keyboard/teleop_keyboard.egg-info/entry_points.txt
[3.024s] writing requirements to ../../build/teleop_keyboard/teleop_keyboard.egg-info/requires.txt
[3.024s] writing top-level names to ../../build/teleop_keyboard/teleop_keyboard.egg-info/top_level.txt
[3.025s] writing manifest file '../../build/teleop_keyboard/teleop_keyboard.egg-info/SOURCES.txt'
[3.029s] reading manifest file '../../build/teleop_keyboard/teleop_keyboard.egg-info/SOURCES.txt'
[3.032s] writing manifest file '../../build/teleop_keyboard/teleop_keyboard.egg-info/SOURCES.txt'
[3.032s] running build
[3.033s] running build_py
[3.033s] creating /home/femi/Mybot2_ws/build/teleop_keyboard/build
[3.033s] creating /home/femi/Mybot2_ws/build/teleop_keyboard/build/lib
[3.033s] creating /home/femi/Mybot2_ws/build/teleop_keyboard/build/lib/teleop_keyboard
[3.034s] copying teleop_keyboard/__init__.py -> /home/femi/Mybot2_ws/build/teleop_keyboard/build/lib/teleop_keyboard
[3.034s] copying teleop_keyboard/teleop_keyboard.py -> /home/femi/Mybot2_ws/build/teleop_keyboard/build/lib/teleop_keyboard
[3.034s] running install
[3.074s] /usr/lib/python3/dist-packages/setuptools/command/install.py:34: SetuptoolsDeprecationWarning: setup.py install is deprecated. Use build and pip and other standards-based tools.
[3.074s]   warnings.warn(
[3.075s] running install_lib
[3.077s] creating /home/femi/Mybot2_ws/install/teleop_keyboard/lib/python3.10/site-packages/teleop_keyboard
[3.077s] copying /home/femi/Mybot2_ws/build/teleop_keyboard/build/lib/teleop_keyboard/__init__.py -> /home/femi/Mybot2_ws/install/teleop_keyboard/lib/python3.10/site-packages/teleop_keyboard
[3.077s] copying /home/femi/Mybot2_ws/build/teleop_keyboard/build/lib/teleop_keyboard/teleop_keyboard.py -> /home/femi/Mybot2_ws/install/teleop_keyboard/lib/python3.10/site-packages/teleop_keyboard
[3.078s] byte-compiling /home/femi/Mybot2_ws/install/teleop_keyboard/lib/python3.10/site-packages/teleop_keyboard/__init__.py to __init__.cpython-310.pyc
[3.078s] byte-compiling /home/femi/Mybot2_ws/install/teleop_keyboard/lib/python3.10/site-packages/teleop_keyboard/teleop_keyboard.py to teleop_keyboard.cpython-310.pyc
[3.080s] running install_data
[3.082s] creating /home/femi/Mybot2_ws/install/teleop_keyboard/share/ament_index
[3.083s] creating /home/femi/Mybot2_ws/install/teleop_keyboard/share/ament_index/resource_index
[3.083s] creating /home/femi/Mybot2_ws/install/teleop_keyboard/share/ament_index/resource_index/packages
[3.084s] copying resource/teleop_keyboard -> /home/femi/Mybot2_ws/install/teleop_keyboard/share/ament_index/resource_index/packages
[3.084s] copying package.xml -> /home/femi/Mybot2_ws/install/teleop_keyboard/share/teleop_keyboard
[3.084s] running install_egg_info
[3.090s] Copying ../../build/teleop_keyboard/teleop_keyboard.egg-info to /home/femi/Mybot2_ws/install/teleop_keyboard/lib/python3.10/site-packages/teleop_keyboard-0.0.0-py3.10.egg-info
[3.092s] running install_scripts
[3.121s] Installing teleopNode script to /home/femi/Mybot2_ws/install/teleop_keyboard/lib/teleop_keyboard
[3.122s] writing list of installed files to '/home/femi/Mybot2_ws/build/teleop_keyboard/install.log'
[3.152s] Invoked command in '/home/femi/Mybot2_ws/src/teleop_keyboard' returned '0': PYTHONPATH=/home/femi/Mybot2_ws/build/teleop_keyboard/prefix_override:/home/femi/Mybot2_ws/install/teleop_keyboard/lib/python3.10/site-packages:${PYTHONPATH} /usr/bin/python3 setup.py egg_info --egg-base ../../build/teleop_keyboard build --build-base /home/femi/Mybot2_ws/build/teleop_keyboard/build install --record /home/femi/Mybot2_ws/build/teleop_keyboard/install.log --single-version-externally-managed
