[0.346s] Invoking command in '/home/femi/Mybot2_ws/build/Diff_drive_custom_plugin': CMAKE_PREFIX_PATH=${CMAKE_PREFIX_PATH}:/opt/ros/humble /usr/bin/cmake --build /home/femi/Mybot2_ws/build/Diff_drive_custom_plugin -- -j6 -l6
[0.716s] [35m[1mConsolidate compiler generated dependencies of target Diff_drive_custom_plugin[0m
[1.070s] [ 50%] [32mBuilding CXX object CMakeFiles/Diff_drive_custom_plugin.dir/src/Diff_drive_custom.cpp.o[0m
[18.244s] In file included from [01m[K/home/femi/Mybot2_ws/src/Diff_drive_custom_plugin/src/Diff_drive_custom.cpp:30[m[K:
[18.245s] [01m[K/opt/ros/humble/include/tf2_geometry_msgs/tf2_geometry_msgs/tf2_geometry_msgs.h:35:2:[m[K [01;35m[Kwarning: [m[K#warning This header is obsolete, please include tf2_geometry_msgs/tf2_geometry_msgs.hpp instead [[01;35m[K]8;;https://gcc.gnu.org/onlinedocs/gcc/Warning-Options.html#index-Wcpp-Wcpp]8;;[m[K]
[18.245s]    35 | #[01;35m[Kwarning[m[K This header is obsolete, please include tf2_geometry_msgs/tf2_geometry_msgs.hpp instead
[18.246s]       |  [01;35m[K^~~~~~~[m[K
[33.516s] In file included from [01m[K/usr/include/boost/smart_ptr/detail/sp_thread_sleep.hpp:22[m[K,
[33.517s]                  from [01m[K/usr/include/boost/smart_ptr/detail/yield_k.hpp:23[m[K,
[33.517s]                  from [01m[K/usr/include/boost/smart_ptr/detail/spinlock_gcc_atomic.hpp:14[m[K,
[33.517s]                  from [01m[K/usr/include/boost/smart_ptr/detail/spinlock.hpp:42[m[K,
[33.518s]                  from [01m[K/usr/include/boost/smart_ptr/detail/spinlock_pool.hpp:25[m[K,
[33.518s]                  from [01m[K/usr/include/boost/smart_ptr/shared_ptr.hpp:29[m[K,
[33.518s]                  from [01m[K/usr/include/boost/shared_ptr.hpp:17[m[K,
[33.518s]                  from [01m[K/usr/include/gazebo-11/gazebo/common/CommonTypes.hh:24[m[K,
[33.519s]                  from [01m[K/usr/include/gazebo-11/gazebo/common/Time.hh:26[m[K,
[33.519s]                  from [01m[K/home/femi/Mybot2_ws/src/Diff_drive_custom_plugin/src/Diff_drive_custom.cpp:2[m[K:
[33.519s] [01m[K/usr/include/boost/bind.hpp:36:1:[m[K [01;36m[Knote: [m[K‘[01m[K#pragma message: The practice of declaring the Bind placeholders (_1, _2, ...) in the global namespace is deprecated. Please use <boost/bind/bind.hpp> + using namespace boost::placeholders, or define BOOST_BIND_GLOBAL_PLACEHOLDERS to retain the current behavior.[m[K’
[33.520s]    36 | [01;36m[KBOOST_PRAGMA_MESSAGE[m[K(
[33.520s]       | [01;36m[K^~~~~~~~~~~~~~~~~~~~[m[K
[54.849s] [100%] [32m[1mLinking CXX shared library libDiff_drive_custom_plugin.so[0m
[60.634s] [100%] Built target Diff_drive_custom_plugin
[60.708s] Invoked command in '/home/femi/Mybot2_ws/build/Diff_drive_custom_plugin' returned '0': CMAKE_PREFIX_PATH=${CMAKE_PREFIX_PATH}:/opt/ros/humble /usr/bin/cmake --build /home/femi/Mybot2_ws/build/Diff_drive_custom_plugin -- -j6 -l6
[61.017s] Invoking command in '/home/femi/Mybot2_ws/build/Diff_drive_custom_plugin': CMAKE_PREFIX_PATH=${CMAKE_PREFIX_PATH}:/opt/ros/humble /usr/bin/cmake --install /home/femi/Mybot2_ws/build/Diff_drive_custom_plugin
[61.107s] -- Install configuration: ""
[61.128s] -- Installing: /home/femi/Mybot2_ws/install/Diff_drive_custom_plugin/share/Diff_drive_custom_plugin/environment/library_path.sh
[61.140s] -- Installing: /home/femi/Mybot2_ws/install/Diff_drive_custom_plugin/share/Diff_drive_custom_plugin/environment/library_path.dsv
[61.142s] -- Up-to-date: /home/femi/Mybot2_ws/install/Diff_drive_custom_plugin/share/Diff_drive_custom_plugin/
[61.144s] [31mCMake Error at cmake_install.cmake:58 (file):
[61.145s]   file INSTALL cannot find
[61.146s]   "/home/femi/Mybot2_ws/src/Diff_drive_custom_plugin/launch": No such file or
[61.146s]   directory.
[61.147s] 
[61.147s] [0m
[61.151s] Invoked command in '/home/femi/Mybot2_ws/build/Diff_drive_custom_plugin' returned '1': CMAKE_PREFIX_PATH=${CMAKE_PREFIX_PATH}:/opt/ros/humble /usr/bin/cmake --install /home/femi/Mybot2_ws/build/Diff_drive_custom_plugin
