[100%] Built target Diff_drive_custom_plugin
-- Install configuration: ""
-- Up-to-date: /home/femi/Mybot2_ws/install/Diff_drive_custom_plugin/share/Diff_drive_custom_plugin/environment/library_path.sh
-- Up-to-date: /home/femi/Mybot2_ws/install/Diff_drive_custom_plugin/share/Diff_drive_custom_plugin/environment/library_path.dsv
-- Up-to-date: /home/femi/Mybot2_ws/install/Diff_drive_custom_plugin/share/Diff_drive_custom_plugin//gazeboModel
-- Up-to-date: /home/femi/Mybot2_ws/install/Diff_drive_custom_plugin/share/Diff_drive_custom_plugin//gazeboModel/modelByAnkitha
-- Up-to-date: /home/femi/Mybot2_ws/install/Diff_drive_custom_plugin/share/Diff_drive_custom_plugin//gazeboModel/modelByAnkitha/thumbnails
-- Up-to-date: /home/femi/Mybot2_ws/install/Diff_drive_custom_plugin/share/Diff_drive_custom_plugin//gazeboModel/modelByAnkitha/thumbnails/3.png
-- Up-to-date: /home/femi/Mybot2_ws/install/Diff_drive_custom_plugin/share/Diff_drive_custom_plugin//gazeboModel/modelByAnkitha/thumbnails/4.png
-- Up-to-date: /home/femi/Mybot2_ws/install/Diff_drive_custom_plugin/share/Diff_drive_custom_plugin//gazeboModel/modelByAnkitha/thumbnails/2.png
-- Up-to-date: /home/femi/Mybot2_ws/install/Diff_drive_custom_plugin/share/Diff_drive_custom_plugin//gazeboModel/modelByAnkitha/thumbnails/1.png
-- Up-to-date: /home/femi/Mybot2_ws/install/Diff_drive_custom_plugin/share/Diff_drive_custom_plugin//gazeboModel/modelByAnkitha/thumbnails/5.png
-- Up-to-date: /home/femi/Mybot2_ws/install/Diff_drive_custom_plugin/share/Diff_drive_custom_plugin//gazeboModel/modelByAnkitha/model-1_4.sdf
-- Up-to-date: /home/femi/Mybot2_ws/install/Diff_drive_custom_plugin/share/Diff_drive_custom_plugin//gazeboModel/modelByAnkitha/model-1_2.sdf
-- Up-to-date: /home/femi/Mybot2_ws/install/Diff_drive_custom_plugin/share/Diff_drive_custom_plugin//gazeboModel/modelByAnkitha/model.config
-- Up-to-date: /home/femi/Mybot2_ws/install/Diff_drive_custom_plugin/share/Diff_drive_custom_plugin//gazeboModel/modelByAnkitha/model.sdf
-- Up-to-date: /home/femi/Mybot2_ws/install/Diff_drive_custom_plugin/share/Diff_drive_custom_plugin//gazeboModel/modelByAnkitha/materials
-- Up-to-date: /home/femi/Mybot2_ws/install/Diff_drive_custom_plugin/share/Diff_drive_custom_plugin//gazeboModel/modelByAnkitha/materials/textures
-- Up-to-date: /home/femi/Mybot2_ws/install/Diff_drive_custom_plugin/share/Diff_drive_custom_plugin//gazeboModel/modelByAnkitha/materials/textures/68-04552-2000-RA_Turtlebot_M-F_Standoff_color.png
-- Up-to-date: /home/femi/Mybot2_ws/install/Diff_drive_custom_plugin/share/Diff_drive_custom_plugin//gazeboModel/modelByAnkitha/materials/textures/plate_0_logo.png
-- Up-to-date: /home/femi/Mybot2_ws/install/Diff_drive_custom_plugin/share/Diff_drive_custom_plugin//gazeboModel/modelByAnkitha/materials/textures/plate_2_logo.png
-- Up-to-date: /home/femi/Mybot2_ws/install/Diff_drive_custom_plugin/share/Diff_drive_custom_plugin//gazeboModel/modelByAnkitha/materials/textures/create_body.png
-- Up-to-date: /home/femi/Mybot2_ws/install/Diff_drive_custom_plugin/share/Diff_drive_custom_plugin//gazeboModel/modelByAnkitha/materials/textures/68-02421-8000-RA_Turtlebot_F-F_Standoff_color.png
-- Up-to-date: /home/femi/Mybot2_ws/install/Diff_drive_custom_plugin/share/Diff_drive_custom_plugin//gazeboModel/modelByAnkitha/materials/textures/68-04552-1000-RA_Turtlebot_M-F_Standoff_color.png
-- Up-to-date: /home/femi/Mybot2_ws/install/Diff_drive_custom_plugin/share/Diff_drive_custom_plugin//gazeboModel/modelByAnkitha/materials/textures/plate_1_logo.png
-- Up-to-date: /home/femi/Mybot2_ws/install/Diff_drive_custom_plugin/share/Diff_drive_custom_plugin//gazeboModel/modelByAnkitha/meshes
-- Up-to-date: /home/femi/Mybot2_ws/install/Diff_drive_custom_plugin/share/Diff_drive_custom_plugin//gazeboModel/modelByAnkitha/meshes/wheel.dae
-- Up-to-date: /home/femi/Mybot2_ws/install/Diff_drive_custom_plugin/share/Diff_drive_custom_plugin//gazeboModel/modelByAnkitha/meshes/chassis.dae
-- Up-to-date: /home/femi/Mybot2_ws/install/Diff_drive_custom_plugin/share/Diff_drive_custom_plugin//gazeboModel/modelByAnkitha/model-1_3.sdf
-- Up-to-date: /home/femi/Mybot2_ws/install/Diff_drive_custom_plugin/share/Diff_drive_custom_plugin//launch
-- Up-to-date: /home/femi/Mybot2_ws/install/Diff_drive_custom_plugin/share/Diff_drive_custom_plugin//launch/gazebo_model.launch.py
-- Up-to-date: /home/femi/Mybot2_ws/install/Diff_drive_custom_plugin/share/Diff_drive_custom_plugin//launch/robot.launch.py
-- Up-to-date: /home/femi/Mybot2_ws/install/Diff_drive_custom_plugin/share/Diff_drive_custom_plugin//launch/__pycache__
-- Up-to-date: /home/femi/Mybot2_ws/install/Diff_drive_custom_plugin/share/Diff_drive_custom_plugin//launch/__pycache__/robot.launch.cpython-310.pyc
-- Up-to-date: /home/femi/Mybot2_ws/install/Diff_drive_custom_plugin/share/Diff_drive_custom_plugin//launch/__pycache__/gazebo_model.launch.cpython-310.pyc
-- Up-to-date: /home/femi/Mybot2_ws/install/Diff_drive_custom_plugin/share/Diff_drive_custom_plugin//urdf
-- Up-to-date: /home/femi/Mybot2_ws/install/Diff_drive_custom_plugin/share/Diff_drive_custom_plugin//urdf/mybot.xacro
-- Up-to-date: /home/femi/Mybot2_ws/install/Diff_drive_custom_plugin/share/Diff_drive_custom_plugin//urdf/materials.xacro
-- Up-to-date: /home/femi/Mybot2_ws/install/Diff_drive_custom_plugin/share/Diff_drive_custom_plugin//urdf/empty_world.world
-- Installing: /home/femi/Mybot2_ws/install/Diff_drive_custom_plugin/share/Diff_drive_custom_plugin//urdf/mybot.gazebo
-- Up-to-date: /home/femi/Mybot2_ws/install/Diff_drive_custom_plugin/lib/Diff_drive_custom_plugin/libDiff_drive_custom_plugin.so
-- Up-to-date: /home/femi/Mybot2_ws/install/Diff_drive_custom_plugin/share/ament_index/resource_index/package_run_dependencies/Diff_drive_custom_plugin
-- Up-to-date: /home/femi/Mybot2_ws/install/Diff_drive_custom_plugin/share/ament_index/resource_index/parent_prefix_path/Diff_drive_custom_plugin
-- Up-to-date: /home/femi/Mybot2_ws/install/Diff_drive_custom_plugin/share/Diff_drive_custom_plugin/environment/ament_prefix_path.sh
-- Up-to-date: /home/femi/Mybot2_ws/install/Diff_drive_custom_plugin/share/Diff_drive_custom_plugin/environment/ament_prefix_path.dsv
-- Up-to-date: /home/femi/Mybot2_ws/install/Diff_drive_custom_plugin/share/Diff_drive_custom_plugin/environment/path.sh
-- Up-to-date: /home/femi/Mybot2_ws/install/Diff_drive_custom_plugin/share/Diff_drive_custom_plugin/environment/path.dsv
-- Up-to-date: /home/femi/Mybot2_ws/install/Diff_drive_custom_plugin/share/Diff_drive_custom_plugin/local_setup.bash
-- Up-to-date: /home/femi/Mybot2_ws/install/Diff_drive_custom_plugin/share/Diff_drive_custom_plugin/local_setup.sh
-- Up-to-date: /home/femi/Mybot2_ws/install/Diff_drive_custom_plugin/share/Diff_drive_custom_plugin/local_setup.zsh
-- Up-to-date: /home/femi/Mybot2_ws/install/Diff_drive_custom_plugin/share/Diff_drive_custom_plugin/local_setup.dsv
-- Installing: /home/femi/Mybot2_ws/install/Diff_drive_custom_plugin/share/Diff_drive_custom_plugin/package.dsv
-- Up-to-date: /home/femi/Mybot2_ws/install/Diff_drive_custom_plugin/share/ament_index/resource_index/packages/Diff_drive_custom_plugin
-- Up-to-date: /home/femi/Mybot2_ws/install/Diff_drive_custom_plugin/share/Diff_drive_custom_plugin/cmake/ament_cmake_export_libraries-extras.cmake
-- Up-to-date: /home/femi/Mybot2_ws/install/Diff_drive_custom_plugin/share/Diff_drive_custom_plugin/cmake/Diff_drive_custom_pluginConfig.cmake
-- Up-to-date: /home/femi/Mybot2_ws/install/Diff_drive_custom_plugin/share/Diff_drive_custom_plugin/cmake/Diff_drive_custom_pluginConfig-version.cmake
-- Up-to-date: /home/femi/Mybot2_ws/install/Diff_drive_custom_plugin/share/Diff_drive_custom_plugin/package.xml
