[0.097s] Invoking command in '/home/femi/Mybot2_ws/build/Diff_drive_custom_plugin': CMAKE_PREFIX_PATH=/opt/ros/humble /usr/bin/cmake --build /home/femi/Mybot2_ws/build/Diff_drive_custom_plugin -- -j6 -l6
[0.145s] -- Found ament_cmake: 1.3.6 (/opt/ros/humble/share/ament_cmake/cmake)
[0.353s] -- Found rclcpp: 16.0.7 (/opt/ros/humble/share/rclcpp/cmake)
[0.396s] -- Found rosidl_generator_c: 3.1.5 (/opt/ros/humble/share/rosidl_generator_c/cmake)
[0.399s] -- Found rosidl_adapter: 3.1.5 (/opt/ros/humble/share/rosidl_adapter/cmake)
[0.410s] -- Found rosidl_generator_cpp: 3.1.5 (/opt/ros/humble/share/rosidl_generator_cpp/cmake)
[0.424s] -- Using all available rosidl_typesupport_c: rosidl_typesupport_fastrtps_c;rosidl_typesupport_introspection_c
[0.451s] -- Using all available rosidl_typesupport_cpp: rosidl_typesupport_fastrtps_cpp;rosidl_typesupport_introspection_cpp
[0.527s] -- Found rmw_implementation_cmake: 6.1.1 (/opt/ros/humble/share/rmw_implementation_cmake/cmake)
[0.529s] -- Found rmw_fastrtps_cpp: 6.2.5 (/opt/ros/humble/share/rmw_fastrtps_cpp/cmake)
[0.701s] -- Using RMW implementation 'rmw_fastrtps_cpp' as default
[0.945s] -- Found nav_msgs: 4.2.3 (/opt/ros/humble/share/nav_msgs/cmake)
[1.121s] -- Found gazebo_ros: 3.7.0 (/opt/ros/humble/share/gazebo_ros/cmake)
[1.177s] -- Found DART: /usr/include (Required is at least version "6.6") found components: dart 
[1.217s] -- Found Protobuf: /usr/lib/x86_64-linux-gnu/libprotobuf.so (found version "3.12.4") 
[1.219s] -- Looking for ignition-math6 -- found version 6.15.0
[1.225s] -- Searching for dependencies of ignition-math6
[1.226s] -- Looking for OGRE...
[1.239s] -- Found Ogre Ghadamon (1.9.0)
[1.239s] -- Found OGRE: optimized;/usr/lib/x86_64-linux-gnu/libOgreMain.so;debug;/usr/lib/x86_64-linux-gnu/libOgreMain.so
[1.261s] -- Looking for OGRE_Paging...
[1.261s] -- Found OGRE_Paging: optimized;/usr/lib/x86_64-linux-gnu/libOgrePaging.so;debug;/usr/lib/x86_64-linux-gnu/libOgrePaging.so
[1.262s] -- Looking for OGRE_Terrain...
[1.262s] -- Found OGRE_Terrain: optimized;/usr/lib/x86_64-linux-gnu/libOgreTerrain.so;debug;/usr/lib/x86_64-linux-gnu/libOgreTerrain.so
[1.262s] -- Looking for OGRE_Property...
[1.263s] -- Found OGRE_Property: optimized;/usr/lib/x86_64-linux-gnu/libOgreProperty.so;debug;/usr/lib/x86_64-linux-gnu/libOgreProperty.so
[1.263s] -- Looking for OGRE_RTShaderSystem...
[1.263s] -- Found OGRE_RTShaderSystem: optimized;/usr/lib/x86_64-linux-gnu/libOgreRTShaderSystem.so;debug;/usr/lib/x86_64-linux-gnu/libOgreRTShaderSystem.so
[1.263s] -- Looking for OGRE_Volume...
[1.264s] -- Found OGRE_Volume: optimized;/usr/lib/x86_64-linux-gnu/libOgreVolume.so;debug;/usr/lib/x86_64-linux-gnu/libOgreVolume.so
[1.264s] -- Looking for OGRE_Overlay...
[1.264s] -- Found OGRE_Overlay: optimized;/usr/lib/x86_64-linux-gnu/libOgreOverlay.so;debug;/usr/lib/x86_64-linux-gnu/libOgreOverlay.so
[1.475s] -- Looking for ignition-math6 -- found version 6.15.0
[1.475s] -- Looking for ignition-transport8 -- found version 8.2.1
[1.476s] -- Searching for dependencies of ignition-transport8
[1.508s] -- Found Protobuf: /usr/lib/x86_64-linux-gnu/libprotobuf.so (found suitable version "3.12.4", minimum required is "3") 
[1.523s] -- Config-file not installed for ZeroMQ -- checking for pkg-config
[1.531s] -- Checking for module 'libzmq >= 4'
[1.567s] --   Found libzmq , version 4.3.4
[1.667s] -- Checking for module 'uuid'
[1.697s] --   Found uuid, version 2.37.2
[1.780s] -- Looking for ignition-msgs5 -- found version 5.8.1
[1.781s] -- Searching for dependencies of ignition-msgs5
[1.811s] -- Looking for ignition-math6 -- found version 6.15.0
[1.822s] -- Checking for module 'tinyxml2'
[1.854s] --   Found tinyxml2, version 9.0.0
[1.939s] -- Looking for ignition-msgs5 -- found version 5.8.1
[1.939s] -- Looking for ignition-common3 -- found version 3.14.0
[1.941s] -- Searching for dependencies of ignition-common3
[1.941s] -- Looking for dlfcn.h - found
[1.941s] -- Looking for libdl - found
[1.964s] -- Searching for <ignition-common3> component [graphics]
[1.965s] -- Looking for ignition-common3-graphics -- found version 3.14.0
[1.966s] -- Searching for dependencies of ignition-common3-graphics
[1.967s] -- Looking for ignition-math6 -- found version 6.15.0
[1.969s] -- Looking for ignition-fuel_tools4 -- found version 4.4.0
[1.969s] -- Searching for dependencies of ignition-fuel_tools4
[2.048s] -- Checking for module 'jsoncpp'
[2.092s] --   Found jsoncpp, version 1.9.5
[2.184s] -- Checking for module 'libzip'
[2.212s] --   Found libzip, version 1.7.3
[2.293s] -- Looking for ignition-common3 -- found version 3.14.0
[2.294s] -- Looking for ignition-math6 -- found version 6.15.0
[2.294s] -- Looking for ignition-msgs5 -- found version 5.8.1
[2.296s] -- Gazebo version: 11.10
[2.303s] -- Found tf2: 0.25.5 (/opt/ros/humble/share/tf2/cmake)
[2.313s] -- Found tf2_geometry_msgs: 0.25.5 (/opt/ros/humble/share/tf2_geometry_msgs/cmake)
[2.319s] -- Found eigen3_cmake_module: 0.1.1 (/opt/ros/humble/share/eigen3_cmake_module/cmake)
[2.321s] -- Ensuring Eigen3 include directory is part of orocos-kdl CMake target
[2.831s] -- Found pluginlib: 5.1.0 (/opt/ros/humble/share/pluginlib/cmake)
[2.853s] -- Found sensor_msgs: 4.2.3 (/opt/ros/humble/share/sensor_msgs/cmake)
[2.985s] -- Found ament_lint_auto: 0.12.9 (/opt/ros/humble/share/ament_lint_auto/cmake)
[3.059s] WARNING: Package name "Diff_drive_custom_plugin" does not follow the naming conventions. It should start with a lower case letter and only contain lower case letters, digits, underscores, and dashes.
[3.089s] -- Added test 'cppcheck' to perform static code analysis on C / C++ code
[3.090s] -- Configured cppcheck include dirs: /home/femi/Mybot2_ws/src/Diff_drive_custom_plugin/include
[3.090s] -- Configured cppcheck exclude dirs and/or files: 
[3.090s] -- Added test 'flake8' to check Python code syntax and style conventions
[3.092s] -- Added test 'lint_cmake' to check CMake code style
[3.092s] -- Added test 'pep257' to check Python code against some of the docstring style conventions in PEP 257
[3.095s] -- Added test 'uncrustify' to check C / C++ code style
[3.095s] -- Configured uncrustify additional arguments: 
[3.096s] -- Added test 'xmllint' to check XML markup files
[3.097s] -- Configuring done
[3.137s] -- Generating done
[3.142s] -- Build files have been written to: /home/femi/Mybot2_ws/build/Diff_drive_custom_plugin
[3.200s] [35m[1mConsolidate compiler generated dependencies of target Diff_drive_custom_plugin[0m
[3.262s] [100%] Built target Diff_drive_custom_plugin
[3.287s] Invoked command in '/home/femi/Mybot2_ws/build/Diff_drive_custom_plugin' returned '0': CMAKE_PREFIX_PATH=/opt/ros/humble /usr/bin/cmake --build /home/femi/Mybot2_ws/build/Diff_drive_custom_plugin -- -j6 -l6
[3.384s] Invoking command in '/home/femi/Mybot2_ws/build/Diff_drive_custom_plugin': CMAKE_PREFIX_PATH=/opt/ros/humble /usr/bin/cmake --install /home/femi/Mybot2_ws/build/Diff_drive_custom_plugin
[3.398s] -- Install configuration: ""
[3.399s] -- Up-to-date: /home/femi/Mybot2_ws/install/Diff_drive_custom_plugin/share/Diff_drive_custom_plugin/environment/library_path.sh
[3.399s] -- Installing: /home/femi/Mybot2_ws/install/Diff_drive_custom_plugin/share/Diff_drive_custom_plugin/environment/library_path.dsv
[3.399s] [31mCMake Error at cmake_install.cmake:54 (file):
[3.400s]   file INSTALL cannot find
[3.400s]   "/home/femi/Mybot2_ws/src/Diff_drive_custom_plugin/gazebozModel": No such
[3.400s]   file or directory.
[3.401s] 
[3.401s] [0m
[3.404s] Invoked command in '/home/femi/Mybot2_ws/build/Diff_drive_custom_plugin' returned '1': CMAKE_PREFIX_PATH=/opt/ros/humble /usr/bin/cmake --install /home/femi/Mybot2_ws/build/Diff_drive_custom_plugin
