[0.828s] DEBUG:colcon:Command line arguments: ['/usr/bin/colcon', 'build']
[0.828s] DEBUG:colcon:Parsed command line arguments: Namespace(log_base=None, log_level=None, verb_name='build', build_base='build', install_base='install', merge_install=False, symlink_install=False, test_result_base=None, continue_on_error=False, executor='parallel', parallel_workers=6, event_handlers=None, ignore_user_meta=False, metas=['./colcon.meta'], base_paths=['.'], packages_ignore=None, packages_ignore_regex=None, paths=None, packages_up_to=None, packages_up_to_regex=None, packages_above=None, packages_above_and_dependencies=None, packages_above_depth=None, packages_select_by_dep=None, packages_skip_by_dep=None, packages_skip_up_to=None, packages_select_build_failed=False, packages_skip_build_finished=False, packages_select_test_failures=False, packages_skip_test_passed=False, packages_select=None, packages_skip=None, packages_select_regex=None, packages_skip_regex=None, packages_start=None, packages_end=None, allow_overriding=[], cmake_args=None, cmake_target=None, cmake_target_skip_unavailable=False, cmake_clean_cache=False, cmake_clean_first=False, cmake_force_configure=False, ament_cmake_args=None, catkin_cmake_args=None, catkin_skip_building_tests=False, verb_parser=<colcon_defaults.argument_parser.defaults.DefaultArgumentsDecorator object at 0x7f32650b3b80>, verb_extension=<colcon_core.verb.build.BuildVerb object at 0x7f32654b3520>, main=<bound method BuildVerb.main of <colcon_core.verb.build.BuildVerb object at 0x7f32654b3520>>)
[0.872s] Level 1:colcon.colcon_core.package_discovery:discover_packages(colcon_meta) check parameters
[0.872s] Level 1:colcon.colcon_core.package_discovery:discover_packages(recursive) check parameters
[0.872s] Level 1:colcon.colcon_core.package_discovery:discover_packages(ignore) check parameters
[0.872s] Level 1:colcon.colcon_core.package_discovery:discover_packages(path) check parameters
[0.872s] Level 1:colcon.colcon_core.package_discovery:discover_packages(colcon_meta) discover
[0.872s] Level 1:colcon.colcon_core.package_discovery:discover_packages(recursive) discover
[0.872s] INFO:colcon.colcon_core.package_discovery:Crawling recursively for packages in '/home/femi/Mybot2_ws'
[0.872s] Level 1:colcon.colcon_core.package_identification:_identify(.) by extensions ['ignore', 'ignore_ament_install']
[0.873s] Level 1:colcon.colcon_core.package_identification:_identify(.) by extension 'ignore'
[0.873s] Level 1:colcon.colcon_core.package_identification:_identify(.) by extension 'ignore_ament_install'
[0.873s] Level 1:colcon.colcon_core.package_identification:_identify(.) by extensions ['colcon_pkg']
[0.873s] Level 1:colcon.colcon_core.package_identification:_identify(.) by extension 'colcon_pkg'
[0.873s] Level 1:colcon.colcon_core.package_identification:_identify(.) by extensions ['colcon_meta']
[0.873s] Level 1:colcon.colcon_core.package_identification:_identify(.) by extension 'colcon_meta'
[0.873s] Level 1:colcon.colcon_core.package_identification:_identify(.) by extensions ['ros']
[0.873s] Level 1:colcon.colcon_core.package_identification:_identify(.) by extension 'ros'
[0.886s] Level 1:colcon.colcon_core.package_identification:_identify(.) by extensions ['cmake', 'python']
[0.886s] Level 1:colcon.colcon_core.package_identification:_identify(.) by extension 'cmake'
[0.886s] Level 1:colcon.colcon_core.package_identification:_identify(.) by extension 'python'
[0.887s] Level 1:colcon.colcon_core.package_identification:_identify(.) by extensions ['python_setup_py']
[0.887s] Level 1:colcon.colcon_core.package_identification:_identify(.) by extension 'python_setup_py'
[0.887s] Level 1:colcon.colcon_core.package_identification:_identify(build) by extensions ['ignore', 'ignore_ament_install']
[0.887s] Level 1:colcon.colcon_core.package_identification:_identify(build) by extension 'ignore'
[0.887s] Level 1:colcon.colcon_core.package_identification:_identify(build) ignored
[0.887s] Level 1:colcon.colcon_core.package_identification:_identify(install) by extensions ['ignore', 'ignore_ament_install']
[0.887s] Level 1:colcon.colcon_core.package_identification:_identify(install) by extension 'ignore'
[0.888s] Level 1:colcon.colcon_core.package_identification:_identify(install) ignored
[0.888s] Level 1:colcon.colcon_core.package_identification:_identify(log) by extensions ['ignore', 'ignore_ament_install']
[0.888s] Level 1:colcon.colcon_core.package_identification:_identify(log) by extension 'ignore'
[0.888s] Level 1:colcon.colcon_core.package_identification:_identify(log) ignored
[0.888s] Level 1:colcon.colcon_core.package_identification:_identify(src) by extensions ['ignore', 'ignore_ament_install']
[0.888s] Level 1:colcon.colcon_core.package_identification:_identify(src) by extension 'ignore'
[0.888s] Level 1:colcon.colcon_core.package_identification:_identify(src) by extension 'ignore_ament_install'
[0.888s] Level 1:colcon.colcon_core.package_identification:_identify(src) by extensions ['colcon_pkg']
[0.889s] Level 1:colcon.colcon_core.package_identification:_identify(src) by extension 'colcon_pkg'
[0.889s] Level 1:colcon.colcon_core.package_identification:_identify(src) by extensions ['colcon_meta']
[0.889s] Level 1:colcon.colcon_core.package_identification:_identify(src) by extension 'colcon_meta'
[0.889s] Level 1:colcon.colcon_core.package_identification:_identify(src) by extensions ['ros']
[0.889s] Level 1:colcon.colcon_core.package_identification:_identify(src) by extension 'ros'
[0.889s] Level 1:colcon.colcon_core.package_identification:_identify(src) by extensions ['cmake', 'python']
[0.889s] Level 1:colcon.colcon_core.package_identification:_identify(src) by extension 'cmake'
[0.889s] Level 1:colcon.colcon_core.package_identification:_identify(src) by extension 'python'
[0.889s] Level 1:colcon.colcon_core.package_identification:_identify(src) by extensions ['python_setup_py']
[0.889s] Level 1:colcon.colcon_core.package_identification:_identify(src) by extension 'python_setup_py'
[0.889s] Level 1:colcon.colcon_core.package_identification:_identify(src/Diff_drive_custom_plugin) by extensions ['ignore', 'ignore_ament_install']
[0.890s] Level 1:colcon.colcon_core.package_identification:_identify(src/Diff_drive_custom_plugin) by extension 'ignore'
[0.890s] Level 1:colcon.colcon_core.package_identification:_identify(src/Diff_drive_custom_plugin) by extension 'ignore_ament_install'
[0.890s] Level 1:colcon.colcon_core.package_identification:_identify(src/Diff_drive_custom_plugin) by extensions ['colcon_pkg']
[0.890s] Level 1:colcon.colcon_core.package_identification:_identify(src/Diff_drive_custom_plugin) by extension 'colcon_pkg'
[0.890s] Level 1:colcon.colcon_core.package_identification:_identify(src/Diff_drive_custom_plugin) by extensions ['colcon_meta']
[0.890s] Level 1:colcon.colcon_core.package_identification:_identify(src/Diff_drive_custom_plugin) by extension 'colcon_meta'
[0.890s] Level 1:colcon.colcon_core.package_identification:_identify(src/Diff_drive_custom_plugin) by extensions ['ros']
[0.890s] Level 1:colcon.colcon_core.package_identification:_identify(src/Diff_drive_custom_plugin) by extension 'ros'
[0.893s] DEBUG:colcon.colcon_core.package_identification:Package 'src/Diff_drive_custom_plugin' with type 'ros.ament_cmake' and name 'Diff_drive_custom_plugin'
[0.894s] Level 1:colcon.colcon_core.package_identification:_identify(src/teleop_keyboard) by extensions ['ignore', 'ignore_ament_install']
[0.894s] Level 1:colcon.colcon_core.package_identification:_identify(src/teleop_keyboard) by extension 'ignore'
[0.894s] Level 1:colcon.colcon_core.package_identification:_identify(src/teleop_keyboard) by extension 'ignore_ament_install'
[0.894s] Level 1:colcon.colcon_core.package_identification:_identify(src/teleop_keyboard) by extensions ['colcon_pkg']
[0.894s] Level 1:colcon.colcon_core.package_identification:_identify(src/teleop_keyboard) by extension 'colcon_pkg'
[0.894s] Level 1:colcon.colcon_core.package_identification:_identify(src/teleop_keyboard) by extensions ['colcon_meta']
[0.894s] Level 1:colcon.colcon_core.package_identification:_identify(src/teleop_keyboard) by extension 'colcon_meta'
[0.894s] Level 1:colcon.colcon_core.package_identification:_identify(src/teleop_keyboard) by extensions ['ros']
[0.894s] Level 1:colcon.colcon_core.package_identification:_identify(src/teleop_keyboard) by extension 'ros'
[0.895s] DEBUG:colcon.colcon_core.package_identification:Package 'src/teleop_keyboard' with type 'ros.ament_python' and name 'teleop_keyboard'
[0.895s] Level 1:colcon.colcon_core.package_discovery:discover_packages(recursive) using defaults
[0.895s] Level 1:colcon.colcon_core.package_discovery:discover_packages(ignore) discover
[0.895s] Level 1:colcon.colcon_core.package_discovery:discover_packages(ignore) using defaults
[0.895s] Level 1:colcon.colcon_core.package_discovery:discover_packages(path) discover
[0.895s] Level 1:colcon.colcon_core.package_discovery:discover_packages(path) using defaults
[0.981s] Level 1:colcon.colcon_core.package_discovery:discover_packages(prefix_path) check parameters
[0.981s] Level 1:colcon.colcon_core.package_discovery:discover_packages(prefix_path) discover
[1.005s] DEBUG:colcon.colcon_installed_package_information.package_discovery:Found 2 installed packages in /home/femi/Mybot2_ws/install
[1.006s] Level 1:colcon.colcon_core.package_discovery:discover_packages(prefix_path) using defaults
[1.032s] Level 5:colcon.colcon_core.verb:set package 'Diff_drive_custom_plugin' build argument 'cmake_args' from command line to 'None'
[1.032s] Level 5:colcon.colcon_core.verb:set package 'Diff_drive_custom_plugin' build argument 'cmake_target' from command line to 'None'
[1.032s] Level 5:colcon.colcon_core.verb:set package 'Diff_drive_custom_plugin' build argument 'cmake_target_skip_unavailable' from command line to 'False'
[1.032s] Level 5:colcon.colcon_core.verb:set package 'Diff_drive_custom_plugin' build argument 'cmake_clean_cache' from command line to 'False'
[1.032s] Level 5:colcon.colcon_core.verb:set package 'Diff_drive_custom_plugin' build argument 'cmake_clean_first' from command line to 'False'
[1.032s] Level 5:colcon.colcon_core.verb:set package 'Diff_drive_custom_plugin' build argument 'cmake_force_configure' from command line to 'False'
[1.032s] Level 5:colcon.colcon_core.verb:set package 'Diff_drive_custom_plugin' build argument 'ament_cmake_args' from command line to 'None'
[1.032s] Level 5:colcon.colcon_core.verb:set package 'Diff_drive_custom_plugin' build argument 'catkin_cmake_args' from command line to 'None'
[1.032s] Level 5:colcon.colcon_core.verb:set package 'Diff_drive_custom_plugin' build argument 'catkin_skip_building_tests' from command line to 'False'
[1.033s] DEBUG:colcon.colcon_core.verb:Building package 'Diff_drive_custom_plugin' with the following arguments: {'ament_cmake_args': None, 'build_base': '/home/femi/Mybot2_ws/build/Diff_drive_custom_plugin', 'catkin_cmake_args': None, 'catkin_skip_building_tests': False, 'cmake_args': None, 'cmake_clean_cache': False, 'cmake_clean_first': False, 'cmake_force_configure': False, 'cmake_target': None, 'cmake_target_skip_unavailable': False, 'install_base': '/home/femi/Mybot2_ws/install/Diff_drive_custom_plugin', 'merge_install': False, 'path': '/home/femi/Mybot2_ws/src/Diff_drive_custom_plugin', 'symlink_install': False, 'test_result_base': None}
[1.044s] Level 5:colcon.colcon_core.verb:set package 'teleop_keyboard' build argument 'cmake_args' from command line to 'None'
[1.044s] Level 5:colcon.colcon_core.verb:set package 'teleop_keyboard' build argument 'cmake_target' from command line to 'None'
[1.044s] Level 5:colcon.colcon_core.verb:set package 'teleop_keyboard' build argument 'cmake_target_skip_unavailable' from command line to 'False'
[1.044s] Level 5:colcon.colcon_core.verb:set package 'teleop_keyboard' build argument 'cmake_clean_cache' from command line to 'False'
[1.044s] Level 5:colcon.colcon_core.verb:set package 'teleop_keyboard' build argument 'cmake_clean_first' from command line to 'False'
[1.044s] Level 5:colcon.colcon_core.verb:set package 'teleop_keyboard' build argument 'cmake_force_configure' from command line to 'False'
[1.044s] Level 5:colcon.colcon_core.verb:set package 'teleop_keyboard' build argument 'ament_cmake_args' from command line to 'None'
[1.044s] Level 5:colcon.colcon_core.verb:set package 'teleop_keyboard' build argument 'catkin_cmake_args' from command line to 'None'
[1.045s] Level 5:colcon.colcon_core.verb:set package 'teleop_keyboard' build argument 'catkin_skip_building_tests' from command line to 'False'
[1.045s] DEBUG:colcon.colcon_core.verb:Building package 'teleop_keyboard' with the following arguments: {'ament_cmake_args': None, 'build_base': '/home/femi/Mybot2_ws/build/teleop_keyboard', 'catkin_cmake_args': None, 'catkin_skip_building_tests': False, 'cmake_args': None, 'cmake_clean_cache': False, 'cmake_clean_first': False, 'cmake_force_configure': False, 'cmake_target': None, 'cmake_target_skip_unavailable': False, 'install_base': '/home/femi/Mybot2_ws/install/teleop_keyboard', 'merge_install': False, 'path': '/home/femi/Mybot2_ws/src/teleop_keyboard', 'symlink_install': False, 'test_result_base': None}
[1.056s] INFO:colcon.colcon_core.executor:Executing jobs using 'parallel' executor
[1.070s] DEBUG:colcon.colcon_parallel_executor.executor.parallel:run_until_complete
[1.070s] INFO:colcon.colcon_ros.task.ament_cmake.build:Building ROS package in '/home/femi/Mybot2_ws/src/Diff_drive_custom_plugin' with build type 'ament_cmake'
[1.071s] INFO:colcon.colcon_cmake.task.cmake.build:Building CMake package in '/home/femi/Mybot2_ws/src/Diff_drive_custom_plugin'
[1.087s] INFO:colcon.colcon_core.plugin_system:Skipping extension 'colcon_core.shell.bat': Not used on non-Windows systems
[1.088s] INFO:colcon.colcon_core.shell:Skip shell extension 'powershell' for command environment: Not usable outside of PowerShell
[1.088s] DEBUG:colcon.colcon_core.shell:Skip shell extension 'dsv' for command environment
[1.116s] INFO:colcon.colcon_ros.task.ament_python.build:Building ROS package in '/home/femi/Mybot2_ws/src/teleop_keyboard' with build type 'ament_python'
[1.116s] Level 1:colcon.colcon_core.shell:create_environment_hook('teleop_keyboard', 'ament_prefix_path')
[1.132s] INFO:colcon.colcon_core.shell:Creating environment hook '/home/femi/Mybot2_ws/install/teleop_keyboard/share/teleop_keyboard/hook/ament_prefix_path.ps1'
[1.133s] INFO:colcon.colcon_core.shell:Creating environment descriptor '/home/femi/Mybot2_ws/install/teleop_keyboard/share/teleop_keyboard/hook/ament_prefix_path.dsv'
[1.135s] INFO:colcon.colcon_core.shell:Creating environment hook '/home/femi/Mybot2_ws/install/teleop_keyboard/share/teleop_keyboard/hook/ament_prefix_path.sh'
[1.150s] INFO:colcon.colcon_core.shell:Skip shell extension 'powershell' for command environment: Not usable outside of PowerShell
[1.151s] DEBUG:colcon.colcon_core.shell:Skip shell extension 'dsv' for command environment
[1.185s] DEBUG:colcon.colcon_core.event_handler.log_command:Invoking command in '/home/femi/Mybot2_ws/build/Diff_drive_custom_plugin': CMAKE_PREFIX_PATH=${CMAKE_PREFIX_PATH}:/home/femi/Mybot2_ws/install/teleop_keyboard /usr/bin/cmake --build /home/femi/Mybot2_ws/build/Diff_drive_custom_plugin -- -j6 -l6
[1.544s] INFO:colcon.colcon_core.task.python.build:Building Python package in '/home/femi/Mybot2_ws/src/teleop_keyboard'
[1.559s] INFO:colcon.colcon_core.shell:Skip shell extension 'powershell' for command environment: Not usable outside of PowerShell
[1.559s] DEBUG:colcon.colcon_core.shell:Skip shell extension 'dsv' for command environment
[1.594s] DEBUG:colcon.colcon_core.event_handler.log_command:Invoked command in '/home/femi/Mybot2_ws/build/Diff_drive_custom_plugin' returned '0': CMAKE_PREFIX_PATH=${CMAKE_PREFIX_PATH}:/home/femi/Mybot2_ws/install/teleop_keyboard /usr/bin/cmake --build /home/femi/Mybot2_ws/build/Diff_drive_custom_plugin -- -j6 -l6
[1.693s] DEBUG:colcon.colcon_core.event_handler.log_command:Invoking command in '/home/femi/Mybot2_ws/build/Diff_drive_custom_plugin': CMAKE_PREFIX_PATH=${CMAKE_PREFIX_PATH}:/home/femi/Mybot2_ws/install/teleop_keyboard /usr/bin/cmake --install /home/femi/Mybot2_ws/build/Diff_drive_custom_plugin
[1.721s] Level 1:colcon.colcon_core.environment:create_environment_scripts_only(Diff_drive_custom_plugin)
[1.724s] DEBUG:colcon.colcon_core.event_handler.log_command:Invoked command in '/home/femi/Mybot2_ws/build/Diff_drive_custom_plugin' returned '0': CMAKE_PREFIX_PATH=${CMAKE_PREFIX_PATH}:/home/femi/Mybot2_ws/install/teleop_keyboard /usr/bin/cmake --install /home/femi/Mybot2_ws/build/Diff_drive_custom_plugin
[1.749s] Level 1:colcon.colcon_core.environment:checking '/home/femi/Mybot2_ws/install/Diff_drive_custom_plugin' for CMake module files
[1.750s] Level 1:colcon.colcon_core.environment:checking '/home/femi/Mybot2_ws/install/Diff_drive_custom_plugin' for CMake config files
[1.750s] Level 1:colcon.colcon_core.shell:create_environment_hook('Diff_drive_custom_plugin', 'cmake_prefix_path')
[1.767s] INFO:colcon.colcon_core.shell:Creating environment hook '/home/femi/Mybot2_ws/install/Diff_drive_custom_plugin/share/Diff_drive_custom_plugin/hook/cmake_prefix_path.ps1'
[1.768s] INFO:colcon.colcon_core.shell:Creating environment descriptor '/home/femi/Mybot2_ws/install/Diff_drive_custom_plugin/share/Diff_drive_custom_plugin/hook/cmake_prefix_path.dsv'
[1.768s] INFO:colcon.colcon_core.shell:Creating environment hook '/home/femi/Mybot2_ws/install/Diff_drive_custom_plugin/share/Diff_drive_custom_plugin/hook/cmake_prefix_path.sh'
[1.770s] Level 1:colcon.colcon_core.environment:checking '/home/femi/Mybot2_ws/install/Diff_drive_custom_plugin/lib'
[1.770s] Level 1:colcon.colcon_core.environment:checking '/home/femi/Mybot2_ws/install/Diff_drive_custom_plugin/bin'
[1.771s] Level 1:colcon.colcon_core.environment:checking '/home/femi/Mybot2_ws/install/Diff_drive_custom_plugin/lib/pkgconfig/Diff_drive_custom_plugin.pc'
[1.771s] Level 1:colcon.colcon_core.environment:checking '/home/femi/Mybot2_ws/install/Diff_drive_custom_plugin/lib/python3.10/site-packages'
[1.771s] Level 1:colcon.colcon_core.environment:checking '/home/femi/Mybot2_ws/install/Diff_drive_custom_plugin/bin'
[1.786s] INFO:colcon.colcon_core.shell:Creating package script '/home/femi/Mybot2_ws/install/Diff_drive_custom_plugin/share/Diff_drive_custom_plugin/package.ps1'
[1.788s] INFO:colcon.colcon_core.shell:Creating package descriptor '/home/femi/Mybot2_ws/install/Diff_drive_custom_plugin/share/Diff_drive_custom_plugin/package.dsv'
[1.789s] INFO:colcon.colcon_core.shell:Creating package script '/home/femi/Mybot2_ws/install/Diff_drive_custom_plugin/share/Diff_drive_custom_plugin/package.sh'
[1.791s] INFO:colcon.colcon_core.shell:Creating package script '/home/femi/Mybot2_ws/install/Diff_drive_custom_plugin/share/Diff_drive_custom_plugin/package.bash'
[1.792s] INFO:colcon.colcon_core.shell:Creating package script '/home/femi/Mybot2_ws/install/Diff_drive_custom_plugin/share/Diff_drive_custom_plugin/package.zsh'
[1.794s] Level 1:colcon.colcon_core.environment:create_file_with_runtime_dependencies(/home/femi/Mybot2_ws/install/Diff_drive_custom_plugin/share/colcon-core/packages/Diff_drive_custom_plugin)
[1.877s] Level 1:colcon.colcon_core.environment:create_environment_scripts_only(Diff_drive_custom_plugin)
[1.890s] Level 1:colcon.colcon_core.environment:checking '/home/femi/Mybot2_ws/install/Diff_drive_custom_plugin' for CMake module files
[1.890s] Level 1:colcon.colcon_core.environment:checking '/home/femi/Mybot2_ws/install/Diff_drive_custom_plugin' for CMake config files
[1.891s] Level 1:colcon.colcon_core.shell:create_environment_hook('Diff_drive_custom_plugin', 'cmake_prefix_path')
[1.903s] INFO:colcon.colcon_core.shell:Creating environment hook '/home/femi/Mybot2_ws/install/Diff_drive_custom_plugin/share/Diff_drive_custom_plugin/hook/cmake_prefix_path.ps1'
[1.904s] INFO:colcon.colcon_core.shell:Creating environment descriptor '/home/femi/Mybot2_ws/install/Diff_drive_custom_plugin/share/Diff_drive_custom_plugin/hook/cmake_prefix_path.dsv'
[1.905s] INFO:colcon.colcon_core.shell:Creating environment hook '/home/femi/Mybot2_ws/install/Diff_drive_custom_plugin/share/Diff_drive_custom_plugin/hook/cmake_prefix_path.sh'
[1.906s] Level 1:colcon.colcon_core.environment:checking '/home/femi/Mybot2_ws/install/Diff_drive_custom_plugin/lib'
[1.906s] Level 1:colcon.colcon_core.environment:checking '/home/femi/Mybot2_ws/install/Diff_drive_custom_plugin/bin'
[1.907s] Level 1:colcon.colcon_core.environment:checking '/home/femi/Mybot2_ws/install/Diff_drive_custom_plugin/lib/pkgconfig/Diff_drive_custom_plugin.pc'
[1.907s] Level 1:colcon.colcon_core.environment:checking '/home/femi/Mybot2_ws/install/Diff_drive_custom_plugin/lib/python3.10/site-packages'
[1.907s] Level 1:colcon.colcon_core.environment:checking '/home/femi/Mybot2_ws/install/Diff_drive_custom_plugin/bin'
[1.920s] INFO:colcon.colcon_core.shell:Creating package script '/home/femi/Mybot2_ws/install/Diff_drive_custom_plugin/share/Diff_drive_custom_plugin/package.ps1'
[1.921s] INFO:colcon.colcon_core.shell:Creating package descriptor '/home/femi/Mybot2_ws/install/Diff_drive_custom_plugin/share/Diff_drive_custom_plugin/package.dsv'
[1.922s] INFO:colcon.colcon_core.shell:Creating package script '/home/femi/Mybot2_ws/install/Diff_drive_custom_plugin/share/Diff_drive_custom_plugin/package.sh'
[1.924s] INFO:colcon.colcon_core.shell:Creating package script '/home/femi/Mybot2_ws/install/Diff_drive_custom_plugin/share/Diff_drive_custom_plugin/package.bash'
[1.925s] INFO:colcon.colcon_core.shell:Creating package script '/home/femi/Mybot2_ws/install/Diff_drive_custom_plugin/share/Diff_drive_custom_plugin/package.zsh'
[1.927s] Level 1:colcon.colcon_core.environment:create_file_with_runtime_dependencies(/home/femi/Mybot2_ws/install/Diff_drive_custom_plugin/share/colcon-core/packages/Diff_drive_custom_plugin)
[2.058s] DEBUG:colcon.colcon_core.event_handler.log_command:Invoking command in '/home/femi/Mybot2_ws/src/teleop_keyboard': PYTHONPATH=/home/femi/Mybot2_ws/build/teleop_keyboard/prefix_override:/home/femi/Mybot2_ws/install/teleop_keyboard/lib/python3.10/site-packages:${PYTHONPATH} /usr/bin/python3 setup.py egg_info --egg-base ../../build/teleop_keyboard build --build-base /home/femi/Mybot2_ws/build/teleop_keyboard/build install --record /home/femi/Mybot2_ws/build/teleop_keyboard/install.log --single-version-externally-managed
[2.411s] DEBUG:colcon.colcon_core.event_handler.log_command:Invoked command in '/home/femi/Mybot2_ws/src/teleop_keyboard' returned '0': PYTHONPATH=/home/femi/Mybot2_ws/build/teleop_keyboard/prefix_override:/home/femi/Mybot2_ws/install/teleop_keyboard/lib/python3.10/site-packages:${PYTHONPATH} /usr/bin/python3 setup.py egg_info --egg-base ../../build/teleop_keyboard build --build-base /home/femi/Mybot2_ws/build/teleop_keyboard/build install --record /home/femi/Mybot2_ws/build/teleop_keyboard/install.log --single-version-externally-managed
[2.424s] Level 1:colcon.colcon_core.environment:checking '/home/femi/Mybot2_ws/install/teleop_keyboard' for CMake module files
[2.425s] Level 1:colcon.colcon_core.environment:checking '/home/femi/Mybot2_ws/install/teleop_keyboard' for CMake config files
[2.427s] Level 1:colcon.colcon_core.environment:checking '/home/femi/Mybot2_ws/install/teleop_keyboard/lib'
[2.427s] Level 1:colcon.colcon_core.environment:checking '/home/femi/Mybot2_ws/install/teleop_keyboard/bin'
[2.428s] Level 1:colcon.colcon_core.environment:checking '/home/femi/Mybot2_ws/install/teleop_keyboard/lib/pkgconfig/teleop_keyboard.pc'
[2.428s] Level 1:colcon.colcon_core.environment:checking '/home/femi/Mybot2_ws/install/teleop_keyboard/lib/python3.10/site-packages'
[2.428s] Level 1:colcon.colcon_core.shell:create_environment_hook('teleop_keyboard', 'pythonpath')
[2.442s] INFO:colcon.colcon_core.shell:Creating environment hook '/home/femi/Mybot2_ws/install/teleop_keyboard/share/teleop_keyboard/hook/pythonpath.ps1'
[2.444s] INFO:colcon.colcon_core.shell:Creating environment descriptor '/home/femi/Mybot2_ws/install/teleop_keyboard/share/teleop_keyboard/hook/pythonpath.dsv'
[2.445s] INFO:colcon.colcon_core.shell:Creating environment hook '/home/femi/Mybot2_ws/install/teleop_keyboard/share/teleop_keyboard/hook/pythonpath.sh'
[2.447s] Level 1:colcon.colcon_core.environment:checking '/home/femi/Mybot2_ws/install/teleop_keyboard/bin'
[2.447s] Level 1:colcon.colcon_core.environment:create_environment_scripts_only(teleop_keyboard)
[2.460s] INFO:colcon.colcon_core.shell:Creating package script '/home/femi/Mybot2_ws/install/teleop_keyboard/share/teleop_keyboard/package.ps1'
[2.462s] INFO:colcon.colcon_core.shell:Creating package descriptor '/home/femi/Mybot2_ws/install/teleop_keyboard/share/teleop_keyboard/package.dsv'
[2.463s] INFO:colcon.colcon_core.shell:Creating package script '/home/femi/Mybot2_ws/install/teleop_keyboard/share/teleop_keyboard/package.sh'
[2.465s] INFO:colcon.colcon_core.shell:Creating package script '/home/femi/Mybot2_ws/install/teleop_keyboard/share/teleop_keyboard/package.bash'
[2.465s] INFO:colcon.colcon_core.shell:Creating package script '/home/femi/Mybot2_ws/install/teleop_keyboard/share/teleop_keyboard/package.zsh'
[2.466s] Level 1:colcon.colcon_core.environment:create_file_with_runtime_dependencies(/home/femi/Mybot2_ws/install/teleop_keyboard/share/colcon-core/packages/teleop_keyboard)
[2.468s] DEBUG:colcon.colcon_parallel_executor.executor.parallel:closing loop
[2.468s] DEBUG:colcon.colcon_parallel_executor.executor.parallel:loop closed
[2.468s] DEBUG:colcon.colcon_parallel_executor.executor.parallel:run_until_complete finished with '0'
[2.468s] DEBUG:colcon.colcon_core.event_reactor:joining thread
[2.492s] INFO:colcon.colcon_core.plugin_system:Skipping extension 'colcon_notification.desktop_notification.terminal_notifier': Not used on non-Darwin systems
[2.492s] INFO:colcon.colcon_core.plugin_system:Skipping extension 'colcon_notification.desktop_notification.win32': Not used on non-Windows systems
[2.492s] INFO:colcon.colcon_notification.desktop_notification:Sending desktop notification using 'notify2'
[2.511s] DEBUG:colcon.colcon_core.event_reactor:joined thread
[2.530s] INFO:colcon.colcon_core.shell:Creating prefix script '/home/femi/Mybot2_ws/install/local_setup.ps1'
[2.534s] INFO:colcon.colcon_core.shell:Creating prefix util module '/home/femi/Mybot2_ws/install/_local_setup_util_ps1.py'
[2.536s] INFO:colcon.colcon_core.shell:Creating prefix chain script '/home/femi/Mybot2_ws/install/setup.ps1'
[2.553s] INFO:colcon.colcon_core.shell:Creating prefix script '/home/femi/Mybot2_ws/install/local_setup.sh'
[2.555s] INFO:colcon.colcon_core.shell:Creating prefix util module '/home/femi/Mybot2_ws/install/_local_setup_util_sh.py'
[2.556s] INFO:colcon.colcon_core.shell:Creating prefix chain script '/home/femi/Mybot2_ws/install/setup.sh'
[2.574s] INFO:colcon.colcon_core.shell:Creating prefix script '/home/femi/Mybot2_ws/install/local_setup.bash'
[2.576s] INFO:colcon.colcon_core.shell:Creating prefix chain script '/home/femi/Mybot2_ws/install/setup.bash'
[2.598s] INFO:colcon.colcon_core.shell:Creating prefix script '/home/femi/Mybot2_ws/install/local_setup.zsh'
[2.599s] INFO:colcon.colcon_core.shell:Creating prefix chain script '/home/femi/Mybot2_ws/install/setup.zsh'
