[0.209s] Invoking command in '/home/femi/Mybot2_ws/build/Diff_drive_custom_plugin': CMAKE_PREFIX_PATH=/opt/ros/humble /usr/bin/cmake --build /home/femi/Mybot2_ws/build/Diff_drive_custom_plugin -- -j6 -l6
[2.214s] -- Found ament_cmake: 1.3.6 (/opt/ros/humble/share/ament_cmake/cmake)
[2.811s] -- Found rclcpp: 16.0.7 (/opt/ros/humble/share/rclcpp/cmake)
[3.141s] -- Found rosidl_generator_c: 3.1.5 (/opt/ros/humble/share/rosidl_generator_c/cmake)
[3.153s] -- Found rosidl_adapter: 3.1.5 (/opt/ros/humble/share/rosidl_adapter/cmake)
[3.183s] -- Found rosidl_generator_cpp: 3.1.5 (/opt/ros/humble/share/rosidl_generator_cpp/cmake)
[3.240s] -- Using all available rosidl_typesupport_c: rosidl_typesupport_fastrtps_c;rosidl_typesupport_introspection_c
[3.307s] -- Using all available rosidl_typesupport_cpp: rosidl_typesupport_fastrtps_cpp;rosidl_typesupport_introspection_cpp
[3.558s] -- Found rmw_implementation_cmake: 6.1.1 (/opt/ros/humble/share/rmw_implementation_cmake/cmake)
[3.578s] -- Found rmw_fastrtps_cpp: 6.2.5 (/opt/ros/humble/share/rmw_fastrtps_cpp/cmake)
[4.176s] -- Using RMW implementation 'rmw_fastrtps_cpp' as default
[4.992s] -- Found nav_msgs: 4.2.3 (/opt/ros/humble/share/nav_msgs/cmake)
[5.474s] -- Found gazebo_ros: 3.7.0 (/opt/ros/humble/share/gazebo_ros/cmake)
[5.757s] -- Found DART: /usr/include (Required is at least version "6.6") found components: dart 
[6.302s] -- Found Protobuf: /usr/lib/x86_64-linux-gnu/libprotobuf.so (found version "3.12.4") 
[6.327s] -- Looking for ignition-math6 -- found version 6.15.0
[6.407s] -- Searching for dependencies of ignition-math6
[6.431s] -- Looking for OGRE...
[6.491s] -- Found Ogre Ghadamon (1.9.0)
[6.505s] -- Found OGRE: optimized;/usr/lib/x86_64-linux-gnu/libOgreMain.so;debug;/usr/lib/x86_64-linux-gnu/libOgreMain.so
[6.530s] -- Looking for OGRE_Paging...
[6.531s] -- Found OGRE_Paging: optimized;/usr/lib/x86_64-linux-gnu/libOgrePaging.so;debug;/usr/lib/x86_64-linux-gnu/libOgrePaging.so
[6.531s] -- Looking for OGRE_Terrain...
[6.531s] -- Found OGRE_Terrain: optimized;/usr/lib/x86_64-linux-gnu/libOgreTerrain.so;debug;/usr/lib/x86_64-linux-gnu/libOgreTerrain.so
[6.531s] -- Looking for OGRE_Property...
[6.531s] -- Found OGRE_Property: optimized;/usr/lib/x86_64-linux-gnu/libOgreProperty.so;debug;/usr/lib/x86_64-linux-gnu/libOgreProperty.so
[6.532s] -- Looking for OGRE_RTShaderSystem...
[6.532s] -- Found OGRE_RTShaderSystem: optimized;/usr/lib/x86_64-linux-gnu/libOgreRTShaderSystem.so;debug;/usr/lib/x86_64-linux-gnu/libOgreRTShaderSystem.so
[6.532s] -- Looking for OGRE_Volume...
[6.533s] -- Found OGRE_Volume: optimized;/usr/lib/x86_64-linux-gnu/libOgreVolume.so;debug;/usr/lib/x86_64-linux-gnu/libOgreVolume.so
[6.533s] -- Looking for OGRE_Overlay...
[6.533s] -- Found OGRE_Overlay: optimized;/usr/lib/x86_64-linux-gnu/libOgreOverlay.so;debug;/usr/lib/x86_64-linux-gnu/libOgreOverlay.so
[6.893s] -- Looking for ignition-math6 -- found version 6.15.0
[6.929s] -- Looking for ignition-transport8 -- found version 8.2.1
[6.930s] -- Searching for dependencies of ignition-transport8
[6.985s] -- Found Protobuf: /usr/lib/x86_64-linux-gnu/libprotobuf.so (found suitable version "3.12.4", minimum required is "3") 
[7.019s] -- Config-file not installed for ZeroMQ -- checking for pkg-config
[7.032s] -- Checking for module 'libzmq >= 4'
[7.296s] --   Found libzmq , version 4.3.4
[7.477s] -- Checking for module 'uuid'
[7.540s] --   Found uuid, version 2.37.2
[7.679s] -- Looking for ignition-msgs5 -- found version 5.8.1
[7.680s] -- Searching for dependencies of ignition-msgs5
[7.720s] -- Looking for ignition-math6 -- found version 6.15.0
[7.742s] -- Checking for module 'tinyxml2'
[7.814s] --   Found tinyxml2, version 9.0.0
[8.001s] -- Looking for ignition-msgs5 -- found version 5.8.1
[8.006s] -- Looking for ignition-common3 -- found version 3.14.0
[8.009s] -- Searching for dependencies of ignition-common3
[8.022s] -- Looking for dlfcn.h - found
[8.023s] -- Looking for libdl - found
[8.098s] -- Searching for <ignition-common3> component [graphics]
[8.102s] -- Looking for ignition-common3-graphics -- found version 3.14.0
[8.104s] -- Searching for dependencies of ignition-common3-graphics
[8.105s] -- Looking for ignition-math6 -- found version 6.15.0
[8.131s] -- Looking for ignition-fuel_tools4 -- found version 4.4.0
[8.133s] -- Searching for dependencies of ignition-fuel_tools4
[8.309s] -- Checking for module 'jsoncpp'
[8.378s] --   Found jsoncpp, version 1.9.5
[8.552s] -- Checking for module 'libzip'
[8.621s] --   Found libzip, version 1.7.3
[8.752s] -- Looking for ignition-common3 -- found version 3.14.0
[8.754s] -- Looking for ignition-math6 -- found version 6.15.0
[8.754s] -- Looking for ignition-msgs5 -- found version 5.8.1
[8.763s] -- Gazebo version: 11.10
[8.785s] -- Found tf2: 0.25.5 (/opt/ros/humble/share/tf2/cmake)
[8.825s] -- Found tf2_geometry_msgs: 0.25.5 (/opt/ros/humble/share/tf2_geometry_msgs/cmake)
[8.858s] -- Found eigen3_cmake_module: 0.1.1 (/opt/ros/humble/share/eigen3_cmake_module/cmake)
[8.863s] -- Ensuring Eigen3 include directory is part of orocos-kdl CMake target
[9.937s] -- Found pluginlib: 5.1.0 (/opt/ros/humble/share/pluginlib/cmake)
[9.985s] -- Found sensor_msgs: 4.2.3 (/opt/ros/humble/share/sensor_msgs/cmake)
[10.283s] -- Found ament_lint_auto: 0.12.9 (/opt/ros/humble/share/ament_lint_auto/cmake)
[10.418s] WARNING: Package name "Diff_drive_custom_plugin" does not follow the naming conventions. It should start with a lower case letter and only contain lower case letters, digits, underscores, and dashes.
[10.559s] -- Added test 'cppcheck' to perform static code analysis on C / C++ code
[10.559s] -- Configured cppcheck include dirs: /home/femi/Mybot2_ws/src/Diff_drive_custom_plugin/include
[10.559s] -- Configured cppcheck exclude dirs and/or files: 
[10.563s] -- Added test 'flake8' to check Python code syntax and style conventions
[10.566s] -- Added test 'lint_cmake' to check CMake code style
[10.569s] -- Added test 'pep257' to check Python code against some of the docstring style conventions in PEP 257
[10.575s] -- Added test 'uncrustify' to check C / C++ code style
[10.575s] -- Configured uncrustify additional arguments: 
[10.578s] -- Added test 'xmllint' to check XML markup files
[10.584s] -- Configuring done
[11.449s] -- Generating done
[11.453s] -- Build files have been written to: /home/femi/Mybot2_ws/build/Diff_drive_custom_plugin
[11.614s] [35m[1mConsolidate compiler generated dependencies of target Diff_drive_custom_plugin[0m
[12.102s] [ 50%] [32mBuilding CXX object CMakeFiles/Diff_drive_custom_plugin.dir/src/Diff_drive_custom.cpp.o[0m
[22.683s] In file included from [01m[K/home/femi/Mybot2_ws/src/Diff_drive_custom_plugin/src/Diff_drive_custom.cpp:30[m[K:
[22.684s] [01m[K/opt/ros/humble/include/tf2_geometry_msgs/tf2_geometry_msgs/tf2_geometry_msgs.h:35:2:[m[K [01;35m[Kwarning: [m[K#warning This header is obsolete, please include tf2_geometry_msgs/tf2_geometry_msgs.hpp instead [[01;35m[K]8;;https://gcc.gnu.org/onlinedocs/gcc/Warning-Options.html#index-Wcpp-Wcpp]8;;[m[K]
[22.685s]    35 | #[01;35m[Kwarning[m[K This header is obsolete, please include tf2_geometry_msgs/tf2_geometry_msgs.hpp instead
[22.685s]       |  [01;35m[K^~~~~~~[m[K
[45.993s] In file included from [01m[K/usr/include/boost/smart_ptr/detail/sp_thread_sleep.hpp:22[m[K,
[45.994s]                  from [01m[K/usr/include/boost/smart_ptr/detail/yield_k.hpp:23[m[K,
[45.994s]                  from [01m[K/usr/include/boost/smart_ptr/detail/spinlock_gcc_atomic.hpp:14[m[K,
[45.994s]                  from [01m[K/usr/include/boost/smart_ptr/detail/spinlock.hpp:42[m[K,
[45.994s]                  from [01m[K/usr/include/boost/smart_ptr/detail/spinlock_pool.hpp:25[m[K,
[45.995s]                  from [01m[K/usr/include/boost/smart_ptr/shared_ptr.hpp:29[m[K,
[45.995s]                  from [01m[K/usr/include/boost/shared_ptr.hpp:17[m[K,
[45.995s]                  from [01m[K/usr/include/gazebo-11/gazebo/common/CommonTypes.hh:24[m[K,
[45.995s]                  from [01m[K/usr/include/gazebo-11/gazebo/common/Time.hh:26[m[K,
[45.995s]                  from [01m[K/home/femi/Mybot2_ws/src/Diff_drive_custom_plugin/src/Diff_drive_custom.cpp:2[m[K:
[45.995s] [01m[K/usr/include/boost/bind.hpp:36:1:[m[K [01;36m[Knote: [m[K‘[01m[K#pragma message: The practice of declaring the Bind placeholders (_1, _2, ...) in the global namespace is deprecated. Please use <boost/bind/bind.hpp> + using namespace boost::placeholders, or define BOOST_BIND_GLOBAL_PLACEHOLDERS to retain the current behavior.[m[K’
[45.995s]    36 | [01;36m[KBOOST_PRAGMA_MESSAGE[m[K(
[45.995s]       | [01;36m[K^~~~~~~~~~~~~~~~~~~~[m[K
[80.115s] [100%] [32m[1mLinking CXX shared library libDiff_drive_custom_plugin.so[0m
[85.041s] [100%] Built target Diff_drive_custom_plugin
[85.104s] Invoked command in '/home/femi/Mybot2_ws/build/Diff_drive_custom_plugin' returned '0': CMAKE_PREFIX_PATH=/opt/ros/humble /usr/bin/cmake --build /home/femi/Mybot2_ws/build/Diff_drive_custom_plugin -- -j6 -l6
[85.259s] Invoking command in '/home/femi/Mybot2_ws/build/Diff_drive_custom_plugin': CMAKE_PREFIX_PATH=/opt/ros/humble /usr/bin/cmake --install /home/femi/Mybot2_ws/build/Diff_drive_custom_plugin
[85.282s] -- Install configuration: ""
[85.283s] -- Up-to-date: /home/femi/Mybot2_ws/install/Diff_drive_custom_plugin/share/Diff_drive_custom_plugin/environment/library_path.sh
[85.285s] -- Installing: /home/femi/Mybot2_ws/install/Diff_drive_custom_plugin/share/Diff_drive_custom_plugin/environment/library_path.dsv
[85.285s] -- Up-to-date: /home/femi/Mybot2_ws/install/Diff_drive_custom_plugin/share/Diff_drive_custom_plugin/
[85.285s] -- Up-to-date: /home/femi/Mybot2_ws/install/Diff_drive_custom_plugin/share/Diff_drive_custom_plugin/
[85.336s] -- Installing: /home/femi/Mybot2_ws/install/Diff_drive_custom_plugin/lib/Diff_drive_custom_plugin/libDiff_drive_custom_plugin.so
[85.365s] -- Set runtime path of "/home/femi/Mybot2_ws/install/Diff_drive_custom_plugin/lib/Diff_drive_custom_plugin/libDiff_drive_custom_plugin.so" to ""
[85.365s] -- Up-to-date: /home/femi/Mybot2_ws/install/Diff_drive_custom_plugin/share/ament_index/resource_index/package_run_dependencies/Diff_drive_custom_plugin
[85.365s] -- Installing: /home/femi/Mybot2_ws/install/Diff_drive_custom_plugin/share/ament_index/resource_index/parent_prefix_path/Diff_drive_custom_plugin
[85.366s] -- Up-to-date: /home/femi/Mybot2_ws/install/Diff_drive_custom_plugin/share/Diff_drive_custom_plugin/environment/ament_prefix_path.sh
[85.367s] -- Installing: /home/femi/Mybot2_ws/install/Diff_drive_custom_plugin/share/Diff_drive_custom_plugin/environment/ament_prefix_path.dsv
[85.368s] -- Up-to-date: /home/femi/Mybot2_ws/install/Diff_drive_custom_plugin/share/Diff_drive_custom_plugin/environment/path.sh
[85.368s] -- Installing: /home/femi/Mybot2_ws/install/Diff_drive_custom_plugin/share/Diff_drive_custom_plugin/environment/path.dsv
[85.369s] -- Up-to-date: /home/femi/Mybot2_ws/install/Diff_drive_custom_plugin/share/Diff_drive_custom_plugin/local_setup.bash
[85.370s] -- Up-to-date: /home/femi/Mybot2_ws/install/Diff_drive_custom_plugin/share/Diff_drive_custom_plugin/local_setup.sh
[85.370s] -- Up-to-date: /home/femi/Mybot2_ws/install/Diff_drive_custom_plugin/share/Diff_drive_custom_plugin/local_setup.zsh
[85.370s] -- Installing: /home/femi/Mybot2_ws/install/Diff_drive_custom_plugin/share/Diff_drive_custom_plugin/local_setup.dsv
[85.371s] -- Installing: /home/femi/Mybot2_ws/install/Diff_drive_custom_plugin/share/Diff_drive_custom_plugin/package.dsv
[85.373s] -- Up-to-date: /home/femi/Mybot2_ws/install/Diff_drive_custom_plugin/share/ament_index/resource_index/packages/Diff_drive_custom_plugin
[85.373s] -- Up-to-date: /home/femi/Mybot2_ws/install/Diff_drive_custom_plugin/share/Diff_drive_custom_plugin/cmake/ament_cmake_export_libraries-extras.cmake
[85.375s] -- Up-to-date: /home/femi/Mybot2_ws/install/Diff_drive_custom_plugin/share/Diff_drive_custom_plugin/cmake/Diff_drive_custom_pluginConfig.cmake
[85.375s] -- Up-to-date: /home/femi/Mybot2_ws/install/Diff_drive_custom_plugin/share/Diff_drive_custom_plugin/cmake/Diff_drive_custom_pluginConfig-version.cmake
[85.375s] -- Up-to-date: /home/femi/Mybot2_ws/install/Diff_drive_custom_plugin/share/Diff_drive_custom_plugin/package.xml
[85.389s] Invoked command in '/home/femi/Mybot2_ws/build/Diff_drive_custom_plugin' returned '0': CMAKE_PREFIX_PATH=/opt/ros/humble /usr/bin/cmake --install /home/femi/Mybot2_ws/build/Diff_drive_custom_plugin
