[0.231s] Invoking command in '/home/femi/Mybot2_ws/build/Diff_drive_custom_plugin': CMAKE_PREFIX_PATH=/opt/ros/humble /usr/bin/cmake /home/femi/Mybot2_ws/src/Diff_drive_custom_plugin -DCMAKE_INSTALL_PREFIX=/home/femi/Mybot2_ws/install/Diff_drive_custom_plugin
[1.332s] -- The C compiler identification is GNU 11.4.0
[1.881s] -- The CXX compiler identification is GNU 11.4.0
[1.951s] -- Detecting C compiler ABI info
[2.433s] -- Detecting C compiler ABI info - done
[2.445s] -- Check for working C compiler: /usr/bin/cc - skipped
[2.447s] -- Detecting C compile features
[2.460s] -- Detecting C compile features - done
[2.477s] -- Detecting CXX compiler ABI info
[2.884s] -- Detecting CXX compiler ABI info - done
[2.898s] -- Check for working CXX compiler: /usr/bin/c++ - skipped
[2.899s] -- Detecting CXX compile features
[2.900s] -- Detecting CXX compile features - done
[2.999s] -- Found ament_cmake: 1.3.6 (/opt/ros/humble/share/ament_cmake/cmake)
[3.654s] -- Found Python3: /usr/bin/python3.10 (found version "3.10.12") found components: Interpreter 
[4.096s] -- Found rclcpp: 16.0.7 (/opt/ros/humble/share/rclcpp/cmake)
[4.456s] -- Found rosidl_generator_c: 3.1.5 (/opt/ros/humble/share/rosidl_generator_c/cmake)
[4.483s] -- Found rosidl_adapter: 3.1.5 (/opt/ros/humble/share/rosidl_adapter/cmake)
[4.530s] -- Found rosidl_generator_cpp: 3.1.5 (/opt/ros/humble/share/rosidl_generator_cpp/cmake)
[4.627s] -- Using all available rosidl_typesupport_c: rosidl_typesupport_fastrtps_c;rosidl_typesupport_introspection_c
[4.719s] -- Using all available rosidl_typesupport_cpp: rosidl_typesupport_fastrtps_cpp;rosidl_typesupport_introspection_cpp
[5.035s] -- Found rmw_implementation_cmake: 6.1.1 (/opt/ros/humble/share/rmw_implementation_cmake/cmake)
[5.049s] -- Found rmw_fastrtps_cpp: 6.2.5 (/opt/ros/humble/share/rmw_fastrtps_cpp/cmake)
[5.743s] -- Found OpenSSL: /usr/lib/x86_64-linux-gnu/libcrypto.so (found version "3.0.2")  
[5.850s] -- Found FastRTPS: /opt/ros/humble/include  
[5.986s] -- Using RMW implementation 'rmw_fastrtps_cpp' as default
[6.093s] -- Looking for pthread.h
[6.452s] -- Looking for pthread.h - found
[6.456s] -- Performing Test CMAKE_HAVE_LIBC_PTHREAD
[6.825s] -- Performing Test CMAKE_HAVE_LIBC_PTHREAD - Success
[6.830s] -- Found Threads: TRUE  
[7.404s] -- Found nav_msgs: 4.2.3 (/opt/ros/humble/share/nav_msgs/cmake)
[7.904s] -- Found gazebo_ros: 3.7.0 (/opt/ros/humble/share/gazebo_ros/cmake)
[7.975s] -- Found PkgConfig: /usr/bin/pkg-config (found version "0.29.2") 
[7.979s] -- Checking for module 'bullet>=2.82'
[8.099s] --   Found bullet, version 3.05
[8.836s] -- Found fcl: /usr/include (found suitable version "0.7.0", minimum required is "0.5.0") 
[9.119s] -- Found assimp: /usr/include (found version "5.2.0") 
[9.363s] -- Found DART: /usr/include (Required is at least version "6.6") found components: dart 
[9.571s] -- Found Boost: /usr/lib/x86_64-linux-gnu/cmake/Boost-1.74.0/BoostConfig.cmake (found suitable version "1.74.0", minimum required is "1.40.0") found components: thread system filesystem program_options regex iostreams date_time 
[9.723s] -- Found Protobuf: /usr/lib/x86_64-linux-gnu/libprotobuf.so (found version "3.12.4") 
[9.794s] -- Looking for ignition-math6 -- found version 6.15.0
[9.896s] -- Searching for dependencies of ignition-math6
[9.916s] -- Looking for OGRE...
[9.917s] -- OGRE_PREFIX_WATCH changed.
[9.941s] -- Checking for module 'OGRE'
[10.007s] --   Found OGRE, version 1.9.0
[10.217s] -- Found Ogre Ghadamon (1.9.0)
[10.251s] -- Found OGRE: optimized;/usr/lib/x86_64-linux-gnu/libOgreMain.so;debug;/usr/lib/x86_64-linux-gnu/libOgreMain.so
[10.274s] -- Looking for OGRE_Paging...
[10.286s] -- Found OGRE_Paging: optimized;/usr/lib/x86_64-linux-gnu/libOgrePaging.so;debug;/usr/lib/x86_64-linux-gnu/libOgrePaging.so
[10.286s] -- Looking for OGRE_Terrain...
[10.301s] -- Found OGRE_Terrain: optimized;/usr/lib/x86_64-linux-gnu/libOgreTerrain.so;debug;/usr/lib/x86_64-linux-gnu/libOgreTerrain.so
[10.301s] -- Looking for OGRE_Property...
[10.312s] -- Found OGRE_Property: optimized;/usr/lib/x86_64-linux-gnu/libOgreProperty.so;debug;/usr/lib/x86_64-linux-gnu/libOgreProperty.so
[10.312s] -- Looking for OGRE_RTShaderSystem...
[10.324s] -- Found OGRE_RTShaderSystem: optimized;/usr/lib/x86_64-linux-gnu/libOgreRTShaderSystem.so;debug;/usr/lib/x86_64-linux-gnu/libOgreRTShaderSystem.so
[10.324s] -- Looking for OGRE_Volume...
[10.335s] -- Found OGRE_Volume: optimized;/usr/lib/x86_64-linux-gnu/libOgreVolume.so;debug;/usr/lib/x86_64-linux-gnu/libOgreVolume.so
[10.336s] -- Looking for OGRE_Overlay...
[10.347s] -- Found OGRE_Overlay: optimized;/usr/lib/x86_64-linux-gnu/libOgreOverlay.so;debug;/usr/lib/x86_64-linux-gnu/libOgreOverlay.so
[10.762s] -- Looking for ignition-math6 -- found version 6.15.0
[10.790s] -- Looking for ignition-transport8 -- found version 8.2.1
[10.791s] -- Searching for dependencies of ignition-transport8
[10.847s] -- Found Protobuf: /usr/lib/x86_64-linux-gnu/libprotobuf.so (found suitable version "3.12.4", minimum required is "3") 
[10.877s] -- Config-file not installed for ZeroMQ -- checking for pkg-config
[10.899s] -- Checking for module 'libzmq >= 4'
[11.044s] --   Found libzmq , version 4.3.4
[11.254s] -- Found ZeroMQ: TRUE (Required is at least version "4") 
[11.284s] -- Checking for module 'uuid'
[11.473s] --   Found uuid, version 2.37.2
[11.682s] -- Found UUID: TRUE  
[11.728s] -- Looking for ignition-msgs5 -- found version 5.8.1
[11.730s] -- Searching for dependencies of ignition-msgs5
[11.793s] -- Looking for ignition-math6 -- found version 6.15.0
[11.820s] -- Checking for module 'tinyxml2'
[11.907s] --   Found tinyxml2, version 9.0.0
[12.120s] -- Looking for ignition-msgs5 -- found version 5.8.1
[12.131s] -- Looking for ignition-common3 -- found version 3.14.0
[12.135s] -- Searching for dependencies of ignition-common3
[12.137s] -- Looking for dlfcn.h - found
[12.140s] -- Looking for libdl - found
[12.146s] -- Found DL: TRUE  
[12.281s] -- Found tinyobjloader: /usr/lib/x86_64-linux-gnu/cmake/tinyobjloader/tinyobjloader-config.cmake (found version "2.0.0") 
[12.285s] -- Searching for <ignition-common3> component [graphics]
[12.304s] -- Looking for ignition-common3-graphics -- found version 3.14.0
[12.306s] -- Searching for dependencies of ignition-common3-graphics
[12.307s] -- Looking for ignition-math6 -- found version 6.15.0
[12.324s] -- Looking for ignition-fuel_tools4 -- found version 4.4.0
[12.326s] -- Searching for dependencies of ignition-fuel_tools4
[12.719s] -- Found CURL: /usr/lib/x86_64-linux-gnu/libcurl.so (found version "7.81.0")  
[12.795s] -- Checking for module 'jsoncpp'
[12.865s] --   Found jsoncpp, version 1.9.5
[13.054s] -- Found JSONCPP: TRUE  
[13.084s] -- Checking for module 'libzip'
[13.156s] --   Found libzip, version 1.7.3
[13.347s] -- Found ZIP: TRUE  
[13.349s] -- Looking for ignition-common3 -- found version 3.14.0
[13.350s] -- Looking for ignition-math6 -- found version 6.15.0
[13.351s] -- Looking for ignition-msgs5 -- found version 5.8.1
[13.381s] -- Gazebo version: 11.10
[13.382s] -- Checking for module 'tbb'
[13.454s] --   Found tbb, version 2021.5.0
[13.714s] -- Found tf2: 0.25.5 (/opt/ros/humble/share/tf2/cmake)
[13.816s] -- Found tf2_geometry_msgs: 0.25.5 (/opt/ros/humble/share/tf2_geometry_msgs/cmake)
[13.894s] -- Found eigen3_cmake_module: 0.1.1 (/opt/ros/humble/share/eigen3_cmake_module/cmake)
[13.901s] -- Found Eigen3: TRUE (found version "3.4.0") 
[13.901s] -- Ensuring Eigen3 include directory is part of orocos-kdl CMake target
[15.124s] -- Found pluginlib: 5.1.0 (/opt/ros/humble/share/pluginlib/cmake)
[15.198s] -- Found sensor_msgs: 4.2.3 (/opt/ros/humble/share/sensor_msgs/cmake)
[15.442s] -- Found ament_lint_auto: 0.12.9 (/opt/ros/humble/share/ament_lint_auto/cmake)
[15.612s] WARNING: Package name "Diff_drive_custom_plugin" does not follow the naming conventions. It should start with a lower case letter and only contain lower case letters, digits, underscores, and dashes.
[15.871s] -- Added test 'lint_cmake' to check CMake code style
[15.881s] -- Added test 'xmllint' to check XML markup files
[15.888s] -- Configuring done
[15.933s] -- Generating done
[15.940s] -- Build files have been written to: /home/femi/Mybot2_ws/build/Diff_drive_custom_plugin
[15.986s] Invoked command in '/home/femi/Mybot2_ws/build/Diff_drive_custom_plugin' returned '0': CMAKE_PREFIX_PATH=/opt/ros/humble /usr/bin/cmake /home/femi/Mybot2_ws/src/Diff_drive_custom_plugin -DCMAKE_INSTALL_PREFIX=/home/femi/Mybot2_ws/install/Diff_drive_custom_plugin
[15.994s] Invoking command in '/home/femi/Mybot2_ws/build/Diff_drive_custom_plugin': CMAKE_PREFIX_PATH=/opt/ros/humble /usr/bin/cmake --build /home/femi/Mybot2_ws/build/Diff_drive_custom_plugin -- -j6 -l6
[16.193s] Invoked command in '/home/femi/Mybot2_ws/build/Diff_drive_custom_plugin' returned '0': CMAKE_PREFIX_PATH=/opt/ros/humble /usr/bin/cmake --build /home/femi/Mybot2_ws/build/Diff_drive_custom_plugin -- -j6 -l6
[16.394s] Invoking command in '/home/femi/Mybot2_ws/build/Diff_drive_custom_plugin': CMAKE_PREFIX_PATH=/opt/ros/humble /usr/bin/cmake --install /home/femi/Mybot2_ws/build/Diff_drive_custom_plugin
[16.428s] -- Install configuration: ""
[16.429s] -- Installing: /home/femi/Mybot2_ws/install/Diff_drive_custom_plugin/share/ament_index/resource_index/package_run_dependencies/Diff_drive_custom_plugin
[16.430s] -- Installing: /home/femi/Mybot2_ws/install/Diff_drive_custom_plugin/share/ament_index/resource_index/parent_prefix_path/Diff_drive_custom_plugin
[16.432s] -- Installing: /home/femi/Mybot2_ws/install/Diff_drive_custom_plugin/share/Diff_drive_custom_plugin/environment/ament_prefix_path.sh
[16.432s] -- Installing: /home/femi/Mybot2_ws/install/Diff_drive_custom_plugin/share/Diff_drive_custom_plugin/environment/ament_prefix_path.dsv
[16.433s] -- Installing: /home/femi/Mybot2_ws/install/Diff_drive_custom_plugin/share/Diff_drive_custom_plugin/environment/path.sh
[16.434s] -- Installing: /home/femi/Mybot2_ws/install/Diff_drive_custom_plugin/share/Diff_drive_custom_plugin/environment/path.dsv
[16.435s] -- Installing: /home/femi/Mybot2_ws/install/Diff_drive_custom_plugin/share/Diff_drive_custom_plugin/local_setup.bash
[16.436s] -- Installing: /home/femi/Mybot2_ws/install/Diff_drive_custom_plugin/share/Diff_drive_custom_plugin/local_setup.sh
[16.437s] -- Installing: /home/femi/Mybot2_ws/install/Diff_drive_custom_plugin/share/Diff_drive_custom_plugin/local_setup.zsh
[16.438s] -- Installing: /home/femi/Mybot2_ws/install/Diff_drive_custom_plugin/share/Diff_drive_custom_plugin/local_setup.dsv
[16.439s] -- Installing: /home/femi/Mybot2_ws/install/Diff_drive_custom_plugin/share/Diff_drive_custom_plugin/package.dsv
[16.441s] -- Installing: /home/femi/Mybot2_ws/install/Diff_drive_custom_plugin/share/ament_index/resource_index/packages/Diff_drive_custom_plugin
[16.442s] -- Installing: /home/femi/Mybot2_ws/install/Diff_drive_custom_plugin/share/Diff_drive_custom_plugin/cmake/Diff_drive_custom_pluginConfig.cmake
[16.443s] -- Installing: /home/femi/Mybot2_ws/install/Diff_drive_custom_plugin/share/Diff_drive_custom_plugin/cmake/Diff_drive_custom_pluginConfig-version.cmake
[16.444s] -- Installing: /home/femi/Mybot2_ws/install/Diff_drive_custom_plugin/share/Diff_drive_custom_plugin/package.xml
[16.449s] Invoked command in '/home/femi/Mybot2_ws/build/Diff_drive_custom_plugin' returned '0': CMAKE_PREFIX_PATH=/opt/ros/humble /usr/bin/cmake --install /home/femi/Mybot2_ws/build/Diff_drive_custom_plugin
