[0.355s] Invoking command in '/home/femi/Mybot2_ws/build/Diff_drive_custom_plugin': CMAKE_PREFIX_PATH=${CMAKE_PREFIX_PATH}:/opt/ros/humble /usr/bin/cmake --build /home/femi/Mybot2_ws/build/Diff_drive_custom_plugin -- -j6 -l6
[1.550s] [100%] Built target Diff_drive_custom_plugin
[1.573s] Invoked command in '/home/femi/Mybot2_ws/build/Diff_drive_custom_plugin' returned '0': CMAKE_PREFIX_PATH=${CMAKE_PREFIX_PATH}:/opt/ros/humble /usr/bin/cmake --build /home/femi/Mybot2_ws/build/Diff_drive_custom_plugin -- -j6 -l6
[1.682s] Invoking command in '/home/femi/Mybot2_ws/build/Diff_drive_custom_plugin': CMAKE_PREFIX_PATH=${CMAKE_PREFIX_PATH}:/opt/ros/humble /usr/bin/cmake --install /home/femi/Mybot2_ws/build/Diff_drive_custom_plugin
[1.746s] -- Install configuration: ""
[1.748s] -- Up-to-date: /home/femi/Mybot2_ws/install/Diff_drive_custom_plugin/share/Diff_drive_custom_plugin/environment/library_path.sh
[1.749s] -- Up-to-date: /home/femi/Mybot2_ws/install/Diff_drive_custom_plugin/share/Diff_drive_custom_plugin/environment/library_path.dsv
[1.750s] -- Up-to-date: /home/femi/Mybot2_ws/install/Diff_drive_custom_plugin/share/Diff_drive_custom_plugin//gazeboModel
[1.750s] -- Up-to-date: /home/femi/Mybot2_ws/install/Diff_drive_custom_plugin/share/Diff_drive_custom_plugin//gazeboModel/modelByAnkitha
[1.752s] -- Up-to-date: /home/femi/Mybot2_ws/install/Diff_drive_custom_plugin/share/Diff_drive_custom_plugin//gazeboModel/modelByAnkitha/thumbnails
[1.753s] -- Up-to-date: /home/femi/Mybot2_ws/install/Diff_drive_custom_plugin/share/Diff_drive_custom_plugin//gazeboModel/modelByAnkitha/thumbnails/3.png
[1.753s] -- Up-to-date: /home/femi/Mybot2_ws/install/Diff_drive_custom_plugin/share/Diff_drive_custom_plugin//gazeboModel/modelByAnkitha/thumbnails/4.png
[1.753s] -- Up-to-date: /home/femi/Mybot2_ws/install/Diff_drive_custom_plugin/share/Diff_drive_custom_plugin//gazeboModel/modelByAnkitha/thumbnails/2.png
[1.753s] -- Up-to-date: /home/femi/Mybot2_ws/install/Diff_drive_custom_plugin/share/Diff_drive_custom_plugin//gazeboModel/modelByAnkitha/thumbnails/1.png
[1.753s] -- Up-to-date: /home/femi/Mybot2_ws/install/Diff_drive_custom_plugin/share/Diff_drive_custom_plugin//gazeboModel/modelByAnkitha/thumbnails/5.png
[1.753s] -- Up-to-date: /home/femi/Mybot2_ws/install/Diff_drive_custom_plugin/share/Diff_drive_custom_plugin//gazeboModel/modelByAnkitha/model-1_4.sdf
[1.753s] -- Up-to-date: /home/femi/Mybot2_ws/install/Diff_drive_custom_plugin/share/Diff_drive_custom_plugin//gazeboModel/modelByAnkitha/model-1_2.sdf
[1.754s] -- Up-to-date: /home/femi/Mybot2_ws/install/Diff_drive_custom_plugin/share/Diff_drive_custom_plugin//gazeboModel/modelByAnkitha/model.config
[1.754s] -- Up-to-date: /home/femi/Mybot2_ws/install/Diff_drive_custom_plugin/share/Diff_drive_custom_plugin//gazeboModel/modelByAnkitha/model.sdf
[1.754s] -- Up-to-date: /home/femi/Mybot2_ws/install/Diff_drive_custom_plugin/share/Diff_drive_custom_plugin//gazeboModel/modelByAnkitha/materials
[1.754s] -- Up-to-date: /home/femi/Mybot2_ws/install/Diff_drive_custom_plugin/share/Diff_drive_custom_plugin//gazeboModel/modelByAnkitha/materials/textures
[1.754s] -- Up-to-date: /home/femi/Mybot2_ws/install/Diff_drive_custom_plugin/share/Diff_drive_custom_plugin//gazeboModel/modelByAnkitha/materials/textures/68-04552-2000-RA_Turtlebot_M-F_Standoff_color.png
[1.754s] -- Up-to-date: /home/femi/Mybot2_ws/install/Diff_drive_custom_plugin/share/Diff_drive_custom_plugin//gazeboModel/modelByAnkitha/materials/textures/plate_0_logo.png
[1.754s] -- Up-to-date: /home/femi/Mybot2_ws/install/Diff_drive_custom_plugin/share/Diff_drive_custom_plugin//gazeboModel/modelByAnkitha/materials/textures/plate_2_logo.png
[1.754s] -- Up-to-date: /home/femi/Mybot2_ws/install/Diff_drive_custom_plugin/share/Diff_drive_custom_plugin//gazeboModel/modelByAnkitha/materials/textures/create_body.png
[1.754s] -- Up-to-date: /home/femi/Mybot2_ws/install/Diff_drive_custom_plugin/share/Diff_drive_custom_plugin//gazeboModel/modelByAnkitha/materials/textures/68-02421-8000-RA_Turtlebot_F-F_Standoff_color.png
[1.754s] -- Up-to-date: /home/femi/Mybot2_ws/install/Diff_drive_custom_plugin/share/Diff_drive_custom_plugin//gazeboModel/modelByAnkitha/materials/textures/68-04552-1000-RA_Turtlebot_M-F_Standoff_color.png
[1.754s] -- Up-to-date: /home/femi/Mybot2_ws/install/Diff_drive_custom_plugin/share/Diff_drive_custom_plugin//gazeboModel/modelByAnkitha/materials/textures/plate_1_logo.png
[1.754s] -- Up-to-date: /home/femi/Mybot2_ws/install/Diff_drive_custom_plugin/share/Diff_drive_custom_plugin//gazeboModel/modelByAnkitha/meshes
[1.754s] -- Up-to-date: /home/femi/Mybot2_ws/install/Diff_drive_custom_plugin/share/Diff_drive_custom_plugin//gazeboModel/modelByAnkitha/meshes/wheel.dae
[1.755s] -- Up-to-date: /home/femi/Mybot2_ws/install/Diff_drive_custom_plugin/share/Diff_drive_custom_plugin//gazeboModel/modelByAnkitha/meshes/chassis.dae
[1.755s] -- Up-to-date: /home/femi/Mybot2_ws/install/Diff_drive_custom_plugin/share/Diff_drive_custom_plugin//gazeboModel/modelByAnkitha/model-1_3.sdf
[1.755s] -- Up-to-date: /home/femi/Mybot2_ws/install/Diff_drive_custom_plugin/share/Diff_drive_custom_plugin//launch
[1.755s] -- Up-to-date: /home/femi/Mybot2_ws/install/Diff_drive_custom_plugin/share/Diff_drive_custom_plugin//launch/gazebo_model.launch.py
[1.755s] -- Up-to-date: /home/femi/Mybot2_ws/install/Diff_drive_custom_plugin/share/Diff_drive_custom_plugin//launch/robot.launch.py
[1.755s] -- Up-to-date: /home/femi/Mybot2_ws/install/Diff_drive_custom_plugin/share/Diff_drive_custom_plugin//launch/__pycache__
[1.755s] -- Up-to-date: /home/femi/Mybot2_ws/install/Diff_drive_custom_plugin/share/Diff_drive_custom_plugin//launch/__pycache__/robot.launch.cpython-310.pyc
[1.755s] -- Up-to-date: /home/femi/Mybot2_ws/install/Diff_drive_custom_plugin/share/Diff_drive_custom_plugin//launch/__pycache__/gazebo_model.launch.cpython-310.pyc
[1.756s] -- Up-to-date: /home/femi/Mybot2_ws/install/Diff_drive_custom_plugin/share/Diff_drive_custom_plugin//urdf
[1.756s] -- Up-to-date: /home/femi/Mybot2_ws/install/Diff_drive_custom_plugin/share/Diff_drive_custom_plugin//urdf/mybot.xacro
[1.756s] -- Up-to-date: /home/femi/Mybot2_ws/install/Diff_drive_custom_plugin/share/Diff_drive_custom_plugin//urdf/materials.xacro
[1.756s] -- Up-to-date: /home/femi/Mybot2_ws/install/Diff_drive_custom_plugin/share/Diff_drive_custom_plugin//urdf/empty_world.world
[1.756s] -- Up-to-date: /home/femi/Mybot2_ws/install/Diff_drive_custom_plugin/share/Diff_drive_custom_plugin//urdf/mybot.gazebo
[1.808s] -- Up-to-date: /home/femi/Mybot2_ws/install/Diff_drive_custom_plugin/lib/Diff_drive_custom_plugin/libDiff_drive_custom_plugin.so
[1.808s] -- Up-to-date: /home/femi/Mybot2_ws/install/Diff_drive_custom_plugin/share/ament_index/resource_index/package_run_dependencies/Diff_drive_custom_plugin
[1.809s] -- Up-to-date: /home/femi/Mybot2_ws/install/Diff_drive_custom_plugin/share/ament_index/resource_index/parent_prefix_path/Diff_drive_custom_plugin
[1.809s] -- Up-to-date: /home/femi/Mybot2_ws/install/Diff_drive_custom_plugin/share/Diff_drive_custom_plugin/environment/ament_prefix_path.sh
[1.809s] -- Up-to-date: /home/femi/Mybot2_ws/install/Diff_drive_custom_plugin/share/Diff_drive_custom_plugin/environment/ament_prefix_path.dsv
[1.810s] -- Up-to-date: /home/femi/Mybot2_ws/install/Diff_drive_custom_plugin/share/Diff_drive_custom_plugin/environment/path.sh
[1.810s] -- Up-to-date: /home/femi/Mybot2_ws/install/Diff_drive_custom_plugin/share/Diff_drive_custom_plugin/environment/path.dsv
[1.810s] -- Up-to-date: /home/femi/Mybot2_ws/install/Diff_drive_custom_plugin/share/Diff_drive_custom_plugin/local_setup.bash
[1.810s] -- Up-to-date: /home/femi/Mybot2_ws/install/Diff_drive_custom_plugin/share/Diff_drive_custom_plugin/local_setup.sh
[1.810s] -- Up-to-date: /home/femi/Mybot2_ws/install/Diff_drive_custom_plugin/share/Diff_drive_custom_plugin/local_setup.zsh
[1.811s] -- Up-to-date: /home/femi/Mybot2_ws/install/Diff_drive_custom_plugin/share/Diff_drive_custom_plugin/local_setup.dsv
[1.811s] -- Installing: /home/femi/Mybot2_ws/install/Diff_drive_custom_plugin/share/Diff_drive_custom_plugin/package.dsv
[1.811s] -- Up-to-date: /home/femi/Mybot2_ws/install/Diff_drive_custom_plugin/share/ament_index/resource_index/packages/Diff_drive_custom_plugin
[1.811s] -- Up-to-date: /home/femi/Mybot2_ws/install/Diff_drive_custom_plugin/share/Diff_drive_custom_plugin/cmake/ament_cmake_export_libraries-extras.cmake
[1.811s] -- Up-to-date: /home/femi/Mybot2_ws/install/Diff_drive_custom_plugin/share/Diff_drive_custom_plugin/cmake/Diff_drive_custom_pluginConfig.cmake
[1.811s] -- Up-to-date: /home/femi/Mybot2_ws/install/Diff_drive_custom_plugin/share/Diff_drive_custom_plugin/cmake/Diff_drive_custom_pluginConfig-version.cmake
[1.812s] -- Up-to-date: /home/femi/Mybot2_ws/install/Diff_drive_custom_plugin/share/Diff_drive_custom_plugin/package.xml
[1.816s] Invoked command in '/home/femi/Mybot2_ws/build/Diff_drive_custom_plugin' returned '0': CMAKE_PREFIX_PATH=${CMAKE_PREFIX_PATH}:/opt/ros/humble /usr/bin/cmake --install /home/femi/Mybot2_ws/build/Diff_drive_custom_plugin
