running egg_info
writing ../../build/teleop_keyboard/teleop_keyboard.egg-info/PKG-INFO
writing dependency_links to ../../build/teleop_keyboard/teleop_keyboard.egg-info/dependency_links.txt
writing entry points to ../../build/teleop_keyboard/teleop_keyboard.egg-info/entry_points.txt
writing requirements to ../../build/teleop_keyboard/teleop_keyboard.egg-info/requires.txt
writing top-level names to ../../build/teleop_keyboard/teleop_keyboard.egg-info/top_level.txt
reading manifest file '../../build/teleop_keyboard/teleop_keyboard.egg-info/SOURCES.txt'
writing manifest file '../../build/teleop_keyboard/teleop_keyboard.egg-info/SOURCES.txt'
running build
running build_py
copying teleop_keyboard/teleop_keyboard.py -> /home/femi/Mybot2_ws/build/teleop_keyboard/build/lib/teleop_keyboard
running install
running install_lib
copying /home/femi/Mybot2_ws/build/teleop_keyboard/build/lib/teleop_keyboard/teleop_keyboard.py -> /home/femi/Mybot2_ws/install/teleop_keyboard/lib/python3.10/site-packages/teleop_keyboard
byte-compiling /home/femi/Mybot2_ws/install/teleop_keyboard/lib/python3.10/site-packages/teleop_keyboard/teleop_keyboard.py to teleop_keyboard.cpython-310.pyc
running install_data
running install_egg_info
removing '/home/femi/Mybot2_ws/install/teleop_keyboard/lib/python3.10/site-packages/teleop_keyboard-0.0.0-py3.10.egg-info' (and everything under it)
Copying ../../build/teleop_keyboard/teleop_keyboard.egg-info to /home/femi/Mybot2_ws/install/teleop_keyboard/lib/python3.10/site-packages/teleop_keyboard-0.0.0-py3.10.egg-info
running install_scripts
Installing teleopNode script to /home/femi/Mybot2_ws/install/teleop_keyboard/lib/teleop_keyboard
writing list of installed files to '/home/femi/Mybot2_ws/build/teleop_keyboard/install.log'
