[0.942s] Invoking command in '/home/femi/Mybot2_ws/src/teleop_keyboard': PYTHONPATH=/home/femi/Mybot2_ws/build/teleop_keyboard/prefix_override:/home/femi/Mybot2_ws/install/teleop_keyboard/lib/python3.10/site-packages:${PYTHONPATH} /usr/bin/python3 setup.py egg_info --egg-base ../../build/teleop_keyboard build --build-base /home/femi/Mybot2_ws/build/teleop_keyboard/build install --record /home/femi/Mybot2_ws/build/teleop_keyboard/install.log --single-version-externally-managed
[1.203s] running egg_info
[1.205s] writing ../../build/teleop_keyboard/teleop_keyboard.egg-info/PKG-INFO
[1.206s] writing dependency_links to ../../build/teleop_keyboard/teleop_keyboard.egg-info/dependency_links.txt
[1.206s] writing entry points to ../../build/teleop_keyboard/teleop_keyboard.egg-info/entry_points.txt
[1.207s] writing requirements to ../../build/teleop_keyboard/teleop_keyboard.egg-info/requires.txt
[1.207s] writing top-level names to ../../build/teleop_keyboard/teleop_keyboard.egg-info/top_level.txt
[1.212s] reading manifest file '../../build/teleop_keyboard/teleop_keyboard.egg-info/SOURCES.txt'
[1.213s] writing manifest file '../../build/teleop_keyboard/teleop_keyboard.egg-info/SOURCES.txt'
[1.214s] running build
[1.214s] running build_py
[1.214s] copying teleop_keyboard/teleop_keyboard.py -> /home/femi/Mybot2_ws/build/teleop_keyboard/build/lib/teleop_keyboard
[1.215s] running install
[1.215s] /usr/lib/python3/dist-packages/setuptools/command/install.py:34: SetuptoolsDeprecationWarning: setup.py install is deprecated. Use build and pip and other standards-based tools.
[1.215s]   warnings.warn(
[1.216s] running install_lib
[1.218s] copying /home/femi/Mybot2_ws/build/teleop_keyboard/build/lib/teleop_keyboard/teleop_keyboard.py -> /home/femi/Mybot2_ws/install/teleop_keyboard/lib/python3.10/site-packages/teleop_keyboard
[1.219s] byte-compiling /home/femi/Mybot2_ws/install/teleop_keyboard/lib/python3.10/site-packages/teleop_keyboard/teleop_keyboard.py to teleop_keyboard.cpython-310.pyc
[1.221s] running install_data
[1.222s] running install_egg_info
[1.226s] removing '/home/femi/Mybot2_ws/install/teleop_keyboard/lib/python3.10/site-packages/teleop_keyboard-0.0.0-py3.10.egg-info' (and everything under it)
[1.227s] Copying ../../build/teleop_keyboard/teleop_keyboard.egg-info to /home/femi/Mybot2_ws/install/teleop_keyboard/lib/python3.10/site-packages/teleop_keyboard-0.0.0-py3.10.egg-info
[1.229s] running install_scripts
[1.258s] Installing teleopNode script to /home/femi/Mybot2_ws/install/teleop_keyboard/lib/teleop_keyboard
[1.260s] writing list of installed files to '/home/femi/Mybot2_ws/build/teleop_keyboard/install.log'
[1.295s] Invoked command in '/home/femi/Mybot2_ws/src/teleop_keyboard' returned '0': PYTHONPATH=/home/femi/Mybot2_ws/build/teleop_keyboard/prefix_override:/home/femi/Mybot2_ws/install/teleop_keyboard/lib/python3.10/site-packages:${PYTHONPATH} /usr/bin/python3 setup.py egg_info --egg-base ../../build/teleop_keyboard build --build-base /home/femi/Mybot2_ws/build/teleop_keyboard/build install --record /home/femi/Mybot2_ws/build/teleop_keyboard/install.log --single-version-externally-managed
