[0.324s] Invoking command in '/home/femi/Mybot2_ws/build/Diff_drive_custom_plugin': CMAKE_PREFIX_PATH=${CMAKE_PREFIX_PATH}:/opt/ros/humble /usr/bin/cmake --build /home/femi/Mybot2_ws/build/Diff_drive_custom_plugin -- -j6 -l6
[0.637s] -- Found ament_cmake: 1.3.6 (/opt/ros/humble/share/ament_cmake/cmake)
[1.539s] -- Found rclcpp: 16.0.7 (/opt/ros/humble/share/rclcpp/cmake)
[1.848s] -- Found rosidl_generator_c: 3.1.5 (/opt/ros/humble/share/rosidl_generator_c/cmake)
[1.865s] -- Found rosidl_adapter: 3.1.5 (/opt/ros/humble/share/rosidl_adapter/cmake)
[1.912s] -- Found rosidl_generator_cpp: 3.1.5 (/opt/ros/humble/share/rosidl_generator_cpp/cmake)
[1.979s] -- Using all available rosidl_typesupport_c: rosidl_typesupport_fastrtps_c;rosidl_typesupport_introspection_c
[2.081s] -- Using all available rosidl_typesupport_cpp: rosidl_typesupport_fastrtps_cpp;rosidl_typesupport_introspection_cpp
[2.452s] -- Found rmw_implementation_cmake: 6.1.1 (/opt/ros/humble/share/rmw_implementation_cmake/cmake)
[2.479s] -- Found rmw_fastrtps_cpp: 6.2.5 (/opt/ros/humble/share/rmw_fastrtps_cpp/cmake)
[3.085s] -- Using RMW implementation 'rmw_fastrtps_cpp' as default
[3.758s] -- Found nav_msgs: 4.2.3 (/opt/ros/humble/share/nav_msgs/cmake)
[4.264s] -- Found gazebo_ros: 3.7.0 (/opt/ros/humble/share/gazebo_ros/cmake)
[4.565s] -- Found DART: /usr/include (Required is at least version "6.6") found components: dart 
[4.894s] -- Found Protobuf: /usr/lib/x86_64-linux-gnu/libprotobuf.so (found version "3.12.4") 
[4.935s] -- Looking for ignition-math6 -- found version 6.15.0
[4.992s] -- Searching for dependencies of ignition-math6
[5.011s] -- Looking for OGRE...
[5.043s] -- Found Ogre Ghadamon (1.9.0)
[5.067s] -- Found OGRE: optimized;/usr/lib/x86_64-linux-gnu/libOgreMain.so;debug;/usr/lib/x86_64-linux-gnu/libOgreMain.so
[5.097s] -- Looking for OGRE_Paging...
[5.098s] -- Found OGRE_Paging: optimized;/usr/lib/x86_64-linux-gnu/libOgrePaging.so;debug;/usr/lib/x86_64-linux-gnu/libOgrePaging.so
[5.100s] -- Looking for OGRE_Terrain...
[5.100s] -- Found OGRE_Terrain: optimized;/usr/lib/x86_64-linux-gnu/libOgreTerrain.so;debug;/usr/lib/x86_64-linux-gnu/libOgreTerrain.so
[5.101s] -- Looking for OGRE_Property...
[5.101s] -- Found OGRE_Property: optimized;/usr/lib/x86_64-linux-gnu/libOgreProperty.so;debug;/usr/lib/x86_64-linux-gnu/libOgreProperty.so
[5.101s] -- Looking for OGRE_RTShaderSystem...
[5.102s] -- Found OGRE_RTShaderSystem: optimized;/usr/lib/x86_64-linux-gnu/libOgreRTShaderSystem.so;debug;/usr/lib/x86_64-linux-gnu/libOgreRTShaderSystem.so
[5.102s] -- Looking for OGRE_Volume...
[5.102s] -- Found OGRE_Volume: optimized;/usr/lib/x86_64-linux-gnu/libOgreVolume.so;debug;/usr/lib/x86_64-linux-gnu/libOgreVolume.so
[5.103s] -- Looking for OGRE_Overlay...
[5.103s] -- Found OGRE_Overlay: optimized;/usr/lib/x86_64-linux-gnu/libOgreOverlay.so;debug;/usr/lib/x86_64-linux-gnu/libOgreOverlay.so
[5.632s] -- Looking for ignition-math6 -- found version 6.15.0
[5.649s] -- Looking for ignition-transport8 -- found version 8.2.1
[5.651s] -- Searching for dependencies of ignition-transport8
[5.717s] -- Found Protobuf: /usr/lib/x86_64-linux-gnu/libprotobuf.so (found suitable version "3.12.4", minimum required is "3") 
[5.746s] -- Config-file not installed for ZeroMQ -- checking for pkg-config
[5.768s] -- Checking for module 'libzmq >= 4'
[6.030s] --   Found libzmq , version 4.3.4
[6.300s] -- Checking for module 'uuid'
[6.390s] --   Found uuid, version 2.37.2
[6.624s] -- Looking for ignition-msgs5 -- found version 5.8.1
[6.627s] -- Searching for dependencies of ignition-msgs5
[6.687s] -- Looking for ignition-math6 -- found version 6.15.0
[6.720s] -- Checking for module 'tinyxml2'
[6.811s] --   Found tinyxml2, version 9.0.0
[7.025s] -- Looking for ignition-msgs5 -- found version 5.8.1
[7.029s] -- Looking for ignition-common3 -- found version 3.14.0
[7.032s] -- Searching for dependencies of ignition-common3
[7.034s] -- Looking for dlfcn.h - found
[7.034s] -- Looking for libdl - found
[7.124s] -- Searching for <ignition-common3> component [graphics]
[7.138s] -- Looking for ignition-common3-graphics -- found version 3.14.0
[7.140s] -- Searching for dependencies of ignition-common3-graphics
[7.142s] -- Looking for ignition-math6 -- found version 6.15.0
[7.159s] -- Looking for ignition-fuel_tools4 -- found version 4.4.0
[7.160s] -- Searching for dependencies of ignition-fuel_tools4
[7.380s] -- Checking for module 'jsoncpp'
[7.464s] --   Found jsoncpp, version 1.9.5
[7.743s] -- Checking for module 'libzip'
[7.823s] --   Found libzip, version 1.7.3
[8.028s] -- Looking for ignition-common3 -- found version 3.14.0
[8.029s] -- Looking for ignition-math6 -- found version 6.15.0
[8.031s] -- Looking for ignition-msgs5 -- found version 5.8.1
[8.052s] -- Gazebo version: 11.10
[8.078s] -- Found tf2: 0.25.5 (/opt/ros/humble/share/tf2/cmake)
[8.124s] -- Found tf2_geometry_msgs: 0.25.5 (/opt/ros/humble/share/tf2_geometry_msgs/cmake)
[8.154s] -- Found eigen3_cmake_module: 0.1.1 (/opt/ros/humble/share/eigen3_cmake_module/cmake)
[8.159s] -- Ensuring Eigen3 include directory is part of orocos-kdl CMake target
[9.575s] -- Found pluginlib: 5.1.0 (/opt/ros/humble/share/pluginlib/cmake)
[9.640s] -- Found sensor_msgs: 4.2.3 (/opt/ros/humble/share/sensor_msgs/cmake)
[10.018s] -- Found ament_lint_auto: 0.12.9 (/opt/ros/humble/share/ament_lint_auto/cmake)
[10.210s] WARNING: Package name "Diff_drive_custom_plugin" does not follow the naming conventions. It should start with a lower case letter and only contain lower case letters, digits, underscores, and dashes.
[10.366s] -- Added test 'cppcheck' to perform static code analysis on C / C++ code
[10.367s] -- Configured cppcheck include dirs: /home/femi/Mybot2_ws/src/Diff_drive_custom_plugin/include
[10.368s] -- Configured cppcheck exclude dirs and/or files: 
[10.372s] -- Added test 'lint_cmake' to check CMake code style
[10.382s] -- Added test 'uncrustify' to check C / C++ code style
[10.383s] -- Configured uncrustify additional arguments: 
[10.386s] -- Added test 'xmllint' to check XML markup files
[10.396s] -- Configuring done
[10.908s] -- Generating done
[10.921s] -- Build files have been written to: /home/femi/Mybot2_ws/build/Diff_drive_custom_plugin
[11.090s] [35m[1mConsolidate compiler generated dependencies of target Diff_drive_custom_plugin[0m
[11.385s] [100%] Built target Diff_drive_custom_plugin
[11.448s] Invoked command in '/home/femi/Mybot2_ws/build/Diff_drive_custom_plugin' returned '0': CMAKE_PREFIX_PATH=${CMAKE_PREFIX_PATH}:/opt/ros/humble /usr/bin/cmake --build /home/femi/Mybot2_ws/build/Diff_drive_custom_plugin -- -j6 -l6
[11.771s] Invoking command in '/home/femi/Mybot2_ws/build/Diff_drive_custom_plugin': CMAKE_PREFIX_PATH=${CMAKE_PREFIX_PATH}:/opt/ros/humble /usr/bin/cmake --install /home/femi/Mybot2_ws/build/Diff_drive_custom_plugin
[11.811s] -- Install configuration: ""
[11.812s] -- Up-to-date: /home/femi/Mybot2_ws/install/Diff_drive_custom_plugin/share/Diff_drive_custom_plugin/environment/library_path.sh
[11.812s] -- Installing: /home/femi/Mybot2_ws/install/Diff_drive_custom_plugin/share/Diff_drive_custom_plugin/environment/library_path.dsv
[11.813s] -- Up-to-date: /home/femi/Mybot2_ws/install/Diff_drive_custom_plugin/share/Diff_drive_custom_plugin/
[11.813s] -- Up-to-date: /home/femi/Mybot2_ws/install/Diff_drive_custom_plugin/share/Diff_drive_custom_plugin/
[11.813s] -- Installing: /home/femi/Mybot2_ws/install/Diff_drive_custom_plugin/lib/Diff_drive_custom_plugin/libDiff_drive_custom_plugin.so
[11.890s] -- Set runtime path of "/home/femi/Mybot2_ws/install/Diff_drive_custom_plugin/lib/Diff_drive_custom_plugin/libDiff_drive_custom_plugin.so" to ""
[11.890s] -- Up-to-date: /home/femi/Mybot2_ws/install/Diff_drive_custom_plugin/share/ament_index/resource_index/package_run_dependencies/Diff_drive_custom_plugin
[11.891s] -- Installing: /home/femi/Mybot2_ws/install/Diff_drive_custom_plugin/share/ament_index/resource_index/parent_prefix_path/Diff_drive_custom_plugin
[11.893s] -- Up-to-date: /home/femi/Mybot2_ws/install/Diff_drive_custom_plugin/share/Diff_drive_custom_plugin/environment/ament_prefix_path.sh
[11.893s] -- Installing: /home/femi/Mybot2_ws/install/Diff_drive_custom_plugin/share/Diff_drive_custom_plugin/environment/ament_prefix_path.dsv
[11.894s] -- Up-to-date: /home/femi/Mybot2_ws/install/Diff_drive_custom_plugin/share/Diff_drive_custom_plugin/environment/path.sh
[11.894s] -- Installing: /home/femi/Mybot2_ws/install/Diff_drive_custom_plugin/share/Diff_drive_custom_plugin/environment/path.dsv
[11.896s] -- Up-to-date: /home/femi/Mybot2_ws/install/Diff_drive_custom_plugin/share/Diff_drive_custom_plugin/local_setup.bash
[11.896s] -- Installing: /home/femi/Mybot2_ws/install/Diff_drive_custom_plugin/share/Diff_drive_custom_plugin/local_setup.sh
[11.897s] -- Up-to-date: /home/femi/Mybot2_ws/install/Diff_drive_custom_plugin/share/Diff_drive_custom_plugin/local_setup.zsh
[11.898s] -- Installing: /home/femi/Mybot2_ws/install/Diff_drive_custom_plugin/share/Diff_drive_custom_plugin/local_setup.dsv
[11.898s] -- Installing: /home/femi/Mybot2_ws/install/Diff_drive_custom_plugin/share/Diff_drive_custom_plugin/package.dsv
[11.899s] -- Up-to-date: /home/femi/Mybot2_ws/install/Diff_drive_custom_plugin/share/ament_index/resource_index/packages/Diff_drive_custom_plugin
[11.900s] -- Installing: /home/femi/Mybot2_ws/install/Diff_drive_custom_plugin/share/Diff_drive_custom_plugin/cmake/ament_cmake_export_libraries-extras.cmake
[11.900s] -- Installing: /home/femi/Mybot2_ws/install/Diff_drive_custom_plugin/share/Diff_drive_custom_plugin/cmake/Diff_drive_custom_pluginConfig.cmake
[11.902s] -- Up-to-date: /home/femi/Mybot2_ws/install/Diff_drive_custom_plugin/share/Diff_drive_custom_plugin/cmake/Diff_drive_custom_pluginConfig-version.cmake
[11.902s] -- Up-to-date: /home/femi/Mybot2_ws/install/Diff_drive_custom_plugin/share/Diff_drive_custom_plugin/package.xml
[11.908s] Invoked command in '/home/femi/Mybot2_ws/build/Diff_drive_custom_plugin' returned '0': CMAKE_PREFIX_PATH=${CMAKE_PREFIX_PATH}:/opt/ros/humble /usr/bin/cmake --install /home/femi/Mybot2_ws/build/Diff_drive_custom_plugin
