[0.849s] DEBUG:colcon:Command line arguments: ['/usr/bin/colcon', 'build']
[0.849s] DEBUG:colcon:Parsed command line arguments: Namespace(log_base=None, log_level=None, verb_name='build', build_base='build', install_base='install', merge_install=False, symlink_install=False, test_result_base=None, continue_on_error=False, executor='parallel', parallel_workers=6, event_handlers=None, ignore_user_meta=False, metas=['./colcon.meta'], base_paths=['.'], packages_ignore=None, packages_ignore_regex=None, paths=None, packages_up_to=None, packages_up_to_regex=None, packages_above=None, packages_above_and_dependencies=None, packages_above_depth=None, packages_select_by_dep=None, packages_skip_by_dep=None, packages_skip_up_to=None, packages_select_build_failed=False, packages_skip_build_finished=False, packages_select_test_failures=False, packages_skip_test_passed=False, packages_select=None, packages_skip=None, packages_select_regex=None, packages_skip_regex=None, packages_start=None, packages_end=None, allow_overriding=[], cmake_args=None, cmake_target=None, cmake_target_skip_unavailable=False, cmake_clean_cache=False, cmake_clean_first=False, cmake_force_configure=False, ament_cmake_args=None, catkin_cmake_args=None, catkin_skip_building_tests=False, verb_parser=<colcon_defaults.argument_parser.defaults.DefaultArgumentsDecorator object at 0x7f9fd63b3130>, verb_extension=<colcon_core.verb.build.BuildVerb object at 0x7f9fd67b3520>, main=<bound method BuildVerb.main of <colcon_core.verb.build.BuildVerb object at 0x7f9fd67b3520>>)
[0.894s] Level 1:colcon.colcon_core.package_discovery:discover_packages(colcon_meta) check parameters
[0.894s] Level 1:colcon.colcon_core.package_discovery:discover_packages(recursive) check parameters
[0.894s] Level 1:colcon.colcon_core.package_discovery:discover_packages(ignore) check parameters
[0.894s] Level 1:colcon.colcon_core.package_discovery:discover_packages(path) check parameters
[0.894s] Level 1:colcon.colcon_core.package_discovery:discover_packages(colcon_meta) discover
[0.894s] Level 1:colcon.colcon_core.package_discovery:discover_packages(recursive) discover
[0.894s] INFO:colcon.colcon_core.package_discovery:Crawling recursively for packages in '/home/femi/Mybot2_ws'
[0.894s] Level 1:colcon.colcon_core.package_identification:_identify(.) by extensions ['ignore', 'ignore_ament_install']
[0.894s] Level 1:colcon.colcon_core.package_identification:_identify(.) by extension 'ignore'
[0.895s] Level 1:colcon.colcon_core.package_identification:_identify(.) by extension 'ignore_ament_install'
[0.895s] Level 1:colcon.colcon_core.package_identification:_identify(.) by extensions ['colcon_pkg']
[0.895s] Level 1:colcon.colcon_core.package_identification:_identify(.) by extension 'colcon_pkg'
[0.895s] Level 1:colcon.colcon_core.package_identification:_identify(.) by extensions ['colcon_meta']
[0.895s] Level 1:colcon.colcon_core.package_identification:_identify(.) by extension 'colcon_meta'
[0.895s] Level 1:colcon.colcon_core.package_identification:_identify(.) by extensions ['ros']
[0.895s] Level 1:colcon.colcon_core.package_identification:_identify(.) by extension 'ros'
[0.909s] Level 1:colcon.colcon_core.package_identification:_identify(.) by extensions ['cmake', 'python']
[0.909s] Level 1:colcon.colcon_core.package_identification:_identify(.) by extension 'cmake'
[0.909s] Level 1:colcon.colcon_core.package_identification:_identify(.) by extension 'python'
[0.909s] Level 1:colcon.colcon_core.package_identification:_identify(.) by extensions ['python_setup_py']
[0.909s] Level 1:colcon.colcon_core.package_identification:_identify(.) by extension 'python_setup_py'
[0.910s] Level 1:colcon.colcon_core.package_identification:_identify(build) by extensions ['ignore', 'ignore_ament_install']
[0.910s] Level 1:colcon.colcon_core.package_identification:_identify(build) by extension 'ignore'
[0.910s] Level 1:colcon.colcon_core.package_identification:_identify(build) ignored
[0.910s] Level 1:colcon.colcon_core.package_identification:_identify(install) by extensions ['ignore', 'ignore_ament_install']
[0.910s] Level 1:colcon.colcon_core.package_identification:_identify(install) by extension 'ignore'
[0.910s] Level 1:colcon.colcon_core.package_identification:_identify(install) ignored
[0.910s] Level 1:colcon.colcon_core.package_identification:_identify(log) by extensions ['ignore', 'ignore_ament_install']
[0.911s] Level 1:colcon.colcon_core.package_identification:_identify(log) by extension 'ignore'
[0.911s] Level 1:colcon.colcon_core.package_identification:_identify(log) ignored
[0.911s] Level 1:colcon.colcon_core.package_identification:_identify(src) by extensions ['ignore', 'ignore_ament_install']
[0.911s] Level 1:colcon.colcon_core.package_identification:_identify(src) by extension 'ignore'
[0.911s] Level 1:colcon.colcon_core.package_identification:_identify(src) by extension 'ignore_ament_install'
[0.911s] Level 1:colcon.colcon_core.package_identification:_identify(src) by extensions ['colcon_pkg']
[0.911s] Level 1:colcon.colcon_core.package_identification:_identify(src) by extension 'colcon_pkg'
[0.911s] Level 1:colcon.colcon_core.package_identification:_identify(src) by extensions ['colcon_meta']
[0.911s] Level 1:colcon.colcon_core.package_identification:_identify(src) by extension 'colcon_meta'
[0.911s] Level 1:colcon.colcon_core.package_identification:_identify(src) by extensions ['ros']
[0.911s] Level 1:colcon.colcon_core.package_identification:_identify(src) by extension 'ros'
[0.911s] Level 1:colcon.colcon_core.package_identification:_identify(src) by extensions ['cmake', 'python']
[0.911s] Level 1:colcon.colcon_core.package_identification:_identify(src) by extension 'cmake'
[0.911s] Level 1:colcon.colcon_core.package_identification:_identify(src) by extension 'python'
[0.911s] Level 1:colcon.colcon_core.package_identification:_identify(src) by extensions ['python_setup_py']
[0.912s] Level 1:colcon.colcon_core.package_identification:_identify(src) by extension 'python_setup_py'
[0.912s] Level 1:colcon.colcon_core.package_identification:_identify(src/Diff_drive_custom_plugin) by extensions ['ignore', 'ignore_ament_install']
[0.912s] Level 1:colcon.colcon_core.package_identification:_identify(src/Diff_drive_custom_plugin) by extension 'ignore'
[0.912s] Level 1:colcon.colcon_core.package_identification:_identify(src/Diff_drive_custom_plugin) by extension 'ignore_ament_install'
[0.912s] Level 1:colcon.colcon_core.package_identification:_identify(src/Diff_drive_custom_plugin) by extensions ['colcon_pkg']
[0.912s] Level 1:colcon.colcon_core.package_identification:_identify(src/Diff_drive_custom_plugin) by extension 'colcon_pkg'
[0.912s] Level 1:colcon.colcon_core.package_identification:_identify(src/Diff_drive_custom_plugin) by extensions ['colcon_meta']
[0.912s] Level 1:colcon.colcon_core.package_identification:_identify(src/Diff_drive_custom_plugin) by extension 'colcon_meta'
[0.912s] Level 1:colcon.colcon_core.package_identification:_identify(src/Diff_drive_custom_plugin) by extensions ['ros']
[0.912s] Level 1:colcon.colcon_core.package_identification:_identify(src/Diff_drive_custom_plugin) by extension 'ros'
[0.916s] DEBUG:colcon.colcon_core.package_identification:Package 'src/Diff_drive_custom_plugin' with type 'ros.ament_cmake' and name 'Diff_drive_custom_plugin'
[0.916s] Level 1:colcon.colcon_core.package_identification:_identify(src/teleop_keyboard) by extensions ['ignore', 'ignore_ament_install']
[0.916s] Level 1:colcon.colcon_core.package_identification:_identify(src/teleop_keyboard) by extension 'ignore'
[0.916s] Level 1:colcon.colcon_core.package_identification:_identify(src/teleop_keyboard) by extension 'ignore_ament_install'
[0.917s] Level 1:colcon.colcon_core.package_identification:_identify(src/teleop_keyboard) by extensions ['colcon_pkg']
[0.917s] Level 1:colcon.colcon_core.package_identification:_identify(src/teleop_keyboard) by extension 'colcon_pkg'
[0.917s] Level 1:colcon.colcon_core.package_identification:_identify(src/teleop_keyboard) by extensions ['colcon_meta']
[0.917s] Level 1:colcon.colcon_core.package_identification:_identify(src/teleop_keyboard) by extension 'colcon_meta'
[0.917s] Level 1:colcon.colcon_core.package_identification:_identify(src/teleop_keyboard) by extensions ['ros']
[0.917s] Level 1:colcon.colcon_core.package_identification:_identify(src/teleop_keyboard) by extension 'ros'
[0.918s] DEBUG:colcon.colcon_core.package_identification:Package 'src/teleop_keyboard' with type 'ros.ament_python' and name 'teleop_keyboard'
[0.918s] Level 1:colcon.colcon_core.package_discovery:discover_packages(recursive) using defaults
[0.918s] Level 1:colcon.colcon_core.package_discovery:discover_packages(ignore) discover
[0.918s] Level 1:colcon.colcon_core.package_discovery:discover_packages(ignore) using defaults
[0.918s] Level 1:colcon.colcon_core.package_discovery:discover_packages(path) discover
[0.918s] Level 1:colcon.colcon_core.package_discovery:discover_packages(path) using defaults
[1.004s] Level 1:colcon.colcon_core.package_discovery:discover_packages(prefix_path) check parameters
[1.004s] Level 1:colcon.colcon_core.package_discovery:discover_packages(prefix_path) discover
[1.028s] DEBUG:colcon.colcon_installed_package_information.package_discovery:Found 2 installed packages in /home/femi/Mybot2_ws/install
[1.028s] Level 1:colcon.colcon_core.package_discovery:discover_packages(prefix_path) using defaults
[1.053s] Level 5:colcon.colcon_core.verb:set package 'Diff_drive_custom_plugin' build argument 'cmake_args' from command line to 'None'
[1.053s] Level 5:colcon.colcon_core.verb:set package 'Diff_drive_custom_plugin' build argument 'cmake_target' from command line to 'None'
[1.053s] Level 5:colcon.colcon_core.verb:set package 'Diff_drive_custom_plugin' build argument 'cmake_target_skip_unavailable' from command line to 'False'
[1.053s] Level 5:colcon.colcon_core.verb:set package 'Diff_drive_custom_plugin' build argument 'cmake_clean_cache' from command line to 'False'
[1.053s] Level 5:colcon.colcon_core.verb:set package 'Diff_drive_custom_plugin' build argument 'cmake_clean_first' from command line to 'False'
[1.053s] Level 5:colcon.colcon_core.verb:set package 'Diff_drive_custom_plugin' build argument 'cmake_force_configure' from command line to 'False'
[1.053s] Level 5:colcon.colcon_core.verb:set package 'Diff_drive_custom_plugin' build argument 'ament_cmake_args' from command line to 'None'
[1.053s] Level 5:colcon.colcon_core.verb:set package 'Diff_drive_custom_plugin' build argument 'catkin_cmake_args' from command line to 'None'
[1.053s] Level 5:colcon.colcon_core.verb:set package 'Diff_drive_custom_plugin' build argument 'catkin_skip_building_tests' from command line to 'False'
[1.053s] DEBUG:colcon.colcon_core.verb:Building package 'Diff_drive_custom_plugin' with the following arguments: {'ament_cmake_args': None, 'build_base': '/home/femi/Mybot2_ws/build/Diff_drive_custom_plugin', 'catkin_cmake_args': None, 'catkin_skip_building_tests': False, 'cmake_args': None, 'cmake_clean_cache': False, 'cmake_clean_first': False, 'cmake_force_configure': False, 'cmake_target': None, 'cmake_target_skip_unavailable': False, 'install_base': '/home/femi/Mybot2_ws/install/Diff_drive_custom_plugin', 'merge_install': False, 'path': '/home/femi/Mybot2_ws/src/Diff_drive_custom_plugin', 'symlink_install': False, 'test_result_base': None}
[1.065s] Level 5:colcon.colcon_core.verb:set package 'teleop_keyboard' build argument 'cmake_args' from command line to 'None'
[1.065s] Level 5:colcon.colcon_core.verb:set package 'teleop_keyboard' build argument 'cmake_target' from command line to 'None'
[1.065s] Level 5:colcon.colcon_core.verb:set package 'teleop_keyboard' build argument 'cmake_target_skip_unavailable' from command line to 'False'
[1.065s] Level 5:colcon.colcon_core.verb:set package 'teleop_keyboard' build argument 'cmake_clean_cache' from command line to 'False'
[1.065s] Level 5:colcon.colcon_core.verb:set package 'teleop_keyboard' build argument 'cmake_clean_first' from command line to 'False'
[1.065s] Level 5:colcon.colcon_core.verb:set package 'teleop_keyboard' build argument 'cmake_force_configure' from command line to 'False'
[1.065s] Level 5:colcon.colcon_core.verb:set package 'teleop_keyboard' build argument 'ament_cmake_args' from command line to 'None'
[1.065s] Level 5:colcon.colcon_core.verb:set package 'teleop_keyboard' build argument 'catkin_cmake_args' from command line to 'None'
[1.065s] Level 5:colcon.colcon_core.verb:set package 'teleop_keyboard' build argument 'catkin_skip_building_tests' from command line to 'False'
[1.065s] DEBUG:colcon.colcon_core.verb:Building package 'teleop_keyboard' with the following arguments: {'ament_cmake_args': None, 'build_base': '/home/femi/Mybot2_ws/build/teleop_keyboard', 'catkin_cmake_args': None, 'catkin_skip_building_tests': False, 'cmake_args': None, 'cmake_clean_cache': False, 'cmake_clean_first': False, 'cmake_force_configure': False, 'cmake_target': None, 'cmake_target_skip_unavailable': False, 'install_base': '/home/femi/Mybot2_ws/install/teleop_keyboard', 'merge_install': False, 'path': '/home/femi/Mybot2_ws/src/teleop_keyboard', 'symlink_install': False, 'test_result_base': None}
[1.076s] INFO:colcon.colcon_core.executor:Executing jobs using 'parallel' executor
[1.088s] DEBUG:colcon.colcon_parallel_executor.executor.parallel:run_until_complete
[1.089s] INFO:colcon.colcon_ros.task.ament_cmake.build:Building ROS package in '/home/femi/Mybot2_ws/src/Diff_drive_custom_plugin' with build type 'ament_cmake'
[1.089s] INFO:colcon.colcon_cmake.task.cmake.build:Building CMake package in '/home/femi/Mybot2_ws/src/Diff_drive_custom_plugin'
[1.103s] INFO:colcon.colcon_core.plugin_system:Skipping extension 'colcon_core.shell.bat': Not used on non-Windows systems
[1.103s] INFO:colcon.colcon_core.shell:Skip shell extension 'powershell' for command environment: Not usable outside of PowerShell
[1.104s] DEBUG:colcon.colcon_core.shell:Skip shell extension 'dsv' for command environment
[1.133s] INFO:colcon.colcon_ros.task.ament_python.build:Building ROS package in '/home/femi/Mybot2_ws/src/teleop_keyboard' with build type 'ament_python'
[1.133s] Level 1:colcon.colcon_core.shell:create_environment_hook('teleop_keyboard', 'ament_prefix_path')
[1.146s] INFO:colcon.colcon_core.shell:Creating environment hook '/home/femi/Mybot2_ws/install/teleop_keyboard/share/teleop_keyboard/hook/ament_prefix_path.ps1'
[1.147s] INFO:colcon.colcon_core.shell:Creating environment descriptor '/home/femi/Mybot2_ws/install/teleop_keyboard/share/teleop_keyboard/hook/ament_prefix_path.dsv'
[1.148s] INFO:colcon.colcon_core.shell:Creating environment hook '/home/femi/Mybot2_ws/install/teleop_keyboard/share/teleop_keyboard/hook/ament_prefix_path.sh'
[1.162s] INFO:colcon.colcon_core.shell:Skip shell extension 'powershell' for command environment: Not usable outside of PowerShell
[1.162s] DEBUG:colcon.colcon_core.shell:Skip shell extension 'dsv' for command environment
[1.199s] DEBUG:colcon.colcon_core.event_handler.log_command:Invoking command in '/home/femi/Mybot2_ws/build/Diff_drive_custom_plugin': CMAKE_PREFIX_PATH=${CMAKE_PREFIX_PATH}:/home/femi/Mybot2_ws/install/teleop_keyboard /usr/bin/cmake --build /home/femi/Mybot2_ws/build/Diff_drive_custom_plugin -- -j6 -l6
[1.502s] INFO:colcon.colcon_core.task.python.build:Building Python package in '/home/femi/Mybot2_ws/src/teleop_keyboard'
[1.517s] INFO:colcon.colcon_core.shell:Skip shell extension 'powershell' for command environment: Not usable outside of PowerShell
[1.517s] DEBUG:colcon.colcon_core.shell:Skip shell extension 'dsv' for command environment
[1.551s] DEBUG:colcon.colcon_core.event_handler.log_command:Invoked command in '/home/femi/Mybot2_ws/build/Diff_drive_custom_plugin' returned '0': CMAKE_PREFIX_PATH=${CMAKE_PREFIX_PATH}:/home/femi/Mybot2_ws/install/teleop_keyboard /usr/bin/cmake --build /home/femi/Mybot2_ws/build/Diff_drive_custom_plugin -- -j6 -l6
[1.641s] DEBUG:colcon.colcon_core.event_handler.log_command:Invoking command in '/home/femi/Mybot2_ws/build/Diff_drive_custom_plugin': CMAKE_PREFIX_PATH=${CMAKE_PREFIX_PATH}:/home/femi/Mybot2_ws/install/teleop_keyboard /usr/bin/cmake --install /home/femi/Mybot2_ws/build/Diff_drive_custom_plugin
[1.664s] Level 1:colcon.colcon_core.environment:create_environment_scripts_only(Diff_drive_custom_plugin)
[1.666s] DEBUG:colcon.colcon_core.event_handler.log_command:Invoked command in '/home/femi/Mybot2_ws/build/Diff_drive_custom_plugin' returned '0': CMAKE_PREFIX_PATH=${CMAKE_PREFIX_PATH}:/home/femi/Mybot2_ws/install/teleop_keyboard /usr/bin/cmake --install /home/femi/Mybot2_ws/build/Diff_drive_custom_plugin
[1.681s] Level 1:colcon.colcon_core.environment:checking '/home/femi/Mybot2_ws/install/Diff_drive_custom_plugin' for CMake module files
[1.682s] Level 1:colcon.colcon_core.environment:checking '/home/femi/Mybot2_ws/install/Diff_drive_custom_plugin' for CMake config files
[1.682s] Level 1:colcon.colcon_core.shell:create_environment_hook('Diff_drive_custom_plugin', 'cmake_prefix_path')
[1.696s] INFO:colcon.colcon_core.shell:Creating environment hook '/home/femi/Mybot2_ws/install/Diff_drive_custom_plugin/share/Diff_drive_custom_plugin/hook/cmake_prefix_path.ps1'
[1.697s] INFO:colcon.colcon_core.shell:Creating environment descriptor '/home/femi/Mybot2_ws/install/Diff_drive_custom_plugin/share/Diff_drive_custom_plugin/hook/cmake_prefix_path.dsv'
[1.698s] INFO:colcon.colcon_core.shell:Creating environment hook '/home/femi/Mybot2_ws/install/Diff_drive_custom_plugin/share/Diff_drive_custom_plugin/hook/cmake_prefix_path.sh'
[1.699s] Level 1:colcon.colcon_core.environment:checking '/home/femi/Mybot2_ws/install/Diff_drive_custom_plugin/lib'
[1.700s] Level 1:colcon.colcon_core.environment:checking '/home/femi/Mybot2_ws/install/Diff_drive_custom_plugin/bin'
[1.700s] Level 1:colcon.colcon_core.environment:checking '/home/femi/Mybot2_ws/install/Diff_drive_custom_plugin/lib/pkgconfig/Diff_drive_custom_plugin.pc'
[1.700s] Level 1:colcon.colcon_core.environment:checking '/home/femi/Mybot2_ws/install/Diff_drive_custom_plugin/lib/python3.10/site-packages'
[1.700s] Level 1:colcon.colcon_core.environment:checking '/home/femi/Mybot2_ws/install/Diff_drive_custom_plugin/bin'
[1.714s] INFO:colcon.colcon_core.shell:Creating package script '/home/femi/Mybot2_ws/install/Diff_drive_custom_plugin/share/Diff_drive_custom_plugin/package.ps1'
[1.716s] INFO:colcon.colcon_core.shell:Creating package descriptor '/home/femi/Mybot2_ws/install/Diff_drive_custom_plugin/share/Diff_drive_custom_plugin/package.dsv'
[1.717s] INFO:colcon.colcon_core.shell:Creating package script '/home/femi/Mybot2_ws/install/Diff_drive_custom_plugin/share/Diff_drive_custom_plugin/package.sh'
[1.718s] INFO:colcon.colcon_core.shell:Creating package script '/home/femi/Mybot2_ws/install/Diff_drive_custom_plugin/share/Diff_drive_custom_plugin/package.bash'
[1.719s] INFO:colcon.colcon_core.shell:Creating package script '/home/femi/Mybot2_ws/install/Diff_drive_custom_plugin/share/Diff_drive_custom_plugin/package.zsh'
[1.721s] Level 1:colcon.colcon_core.environment:create_file_with_runtime_dependencies(/home/femi/Mybot2_ws/install/Diff_drive_custom_plugin/share/colcon-core/packages/Diff_drive_custom_plugin)
[1.802s] Level 1:colcon.colcon_core.environment:create_environment_scripts_only(Diff_drive_custom_plugin)
[1.814s] Level 1:colcon.colcon_core.environment:checking '/home/femi/Mybot2_ws/install/Diff_drive_custom_plugin' for CMake module files
[1.815s] Level 1:colcon.colcon_core.environment:checking '/home/femi/Mybot2_ws/install/Diff_drive_custom_plugin' for CMake config files
[1.816s] Level 1:colcon.colcon_core.shell:create_environment_hook('Diff_drive_custom_plugin', 'cmake_prefix_path')
[1.828s] INFO:colcon.colcon_core.shell:Creating environment hook '/home/femi/Mybot2_ws/install/Diff_drive_custom_plugin/share/Diff_drive_custom_plugin/hook/cmake_prefix_path.ps1'
[1.828s] INFO:colcon.colcon_core.shell:Creating environment descriptor '/home/femi/Mybot2_ws/install/Diff_drive_custom_plugin/share/Diff_drive_custom_plugin/hook/cmake_prefix_path.dsv'
[1.830s] INFO:colcon.colcon_core.shell:Creating environment hook '/home/femi/Mybot2_ws/install/Diff_drive_custom_plugin/share/Diff_drive_custom_plugin/hook/cmake_prefix_path.sh'
[1.832s] Level 1:colcon.colcon_core.environment:checking '/home/femi/Mybot2_ws/install/Diff_drive_custom_plugin/lib'
[1.832s] Level 1:colcon.colcon_core.environment:checking '/home/femi/Mybot2_ws/install/Diff_drive_custom_plugin/bin'
[1.833s] Level 1:colcon.colcon_core.environment:checking '/home/femi/Mybot2_ws/install/Diff_drive_custom_plugin/lib/pkgconfig/Diff_drive_custom_plugin.pc'
[1.833s] Level 1:colcon.colcon_core.environment:checking '/home/femi/Mybot2_ws/install/Diff_drive_custom_plugin/lib/python3.10/site-packages'
[1.833s] Level 1:colcon.colcon_core.environment:checking '/home/femi/Mybot2_ws/install/Diff_drive_custom_plugin/bin'
[1.846s] INFO:colcon.colcon_core.shell:Creating package script '/home/femi/Mybot2_ws/install/Diff_drive_custom_plugin/share/Diff_drive_custom_plugin/package.ps1'
[1.847s] INFO:colcon.colcon_core.shell:Creating package descriptor '/home/femi/Mybot2_ws/install/Diff_drive_custom_plugin/share/Diff_drive_custom_plugin/package.dsv'
[1.848s] INFO:colcon.colcon_core.shell:Creating package script '/home/femi/Mybot2_ws/install/Diff_drive_custom_plugin/share/Diff_drive_custom_plugin/package.sh'
[1.849s] INFO:colcon.colcon_core.shell:Creating package script '/home/femi/Mybot2_ws/install/Diff_drive_custom_plugin/share/Diff_drive_custom_plugin/package.bash'
[1.850s] INFO:colcon.colcon_core.shell:Creating package script '/home/femi/Mybot2_ws/install/Diff_drive_custom_plugin/share/Diff_drive_custom_plugin/package.zsh'
[1.851s] Level 1:colcon.colcon_core.environment:create_file_with_runtime_dependencies(/home/femi/Mybot2_ws/install/Diff_drive_custom_plugin/share/colcon-core/packages/Diff_drive_custom_plugin)
[1.993s] DEBUG:colcon.colcon_core.event_handler.log_command:Invoking command in '/home/femi/Mybot2_ws/src/teleop_keyboard': PYTHONPATH=/home/femi/Mybot2_ws/build/teleop_keyboard/prefix_override:/home/femi/Mybot2_ws/install/teleop_keyboard/lib/python3.10/site-packages:${PYTHONPATH} /usr/bin/python3 setup.py egg_info --egg-base ../../build/teleop_keyboard build --build-base /home/femi/Mybot2_ws/build/teleop_keyboard/build install --record /home/femi/Mybot2_ws/build/teleop_keyboard/install.log --single-version-externally-managed
[2.303s] DEBUG:colcon.colcon_core.event_handler.log_command:Invoked command in '/home/femi/Mybot2_ws/src/teleop_keyboard' returned '0': PYTHONPATH=/home/femi/Mybot2_ws/build/teleop_keyboard/prefix_override:/home/femi/Mybot2_ws/install/teleop_keyboard/lib/python3.10/site-packages:${PYTHONPATH} /usr/bin/python3 setup.py egg_info --egg-base ../../build/teleop_keyboard build --build-base /home/femi/Mybot2_ws/build/teleop_keyboard/build install --record /home/femi/Mybot2_ws/build/teleop_keyboard/install.log --single-version-externally-managed
[2.315s] Level 1:colcon.colcon_core.environment:checking '/home/femi/Mybot2_ws/install/teleop_keyboard' for CMake module files
[2.315s] Level 1:colcon.colcon_core.environment:checking '/home/femi/Mybot2_ws/install/teleop_keyboard' for CMake config files
[2.316s] Level 1:colcon.colcon_core.environment:checking '/home/femi/Mybot2_ws/install/teleop_keyboard/lib'
[2.316s] Level 1:colcon.colcon_core.environment:checking '/home/femi/Mybot2_ws/install/teleop_keyboard/bin'
[2.316s] Level 1:colcon.colcon_core.environment:checking '/home/femi/Mybot2_ws/install/teleop_keyboard/lib/pkgconfig/teleop_keyboard.pc'
[2.317s] Level 1:colcon.colcon_core.environment:checking '/home/femi/Mybot2_ws/install/teleop_keyboard/lib/python3.10/site-packages'
[2.317s] Level 1:colcon.colcon_core.shell:create_environment_hook('teleop_keyboard', 'pythonpath')
[2.328s] INFO:colcon.colcon_core.shell:Creating environment hook '/home/femi/Mybot2_ws/install/teleop_keyboard/share/teleop_keyboard/hook/pythonpath.ps1'
[2.329s] INFO:colcon.colcon_core.shell:Creating environment descriptor '/home/femi/Mybot2_ws/install/teleop_keyboard/share/teleop_keyboard/hook/pythonpath.dsv'
[2.330s] INFO:colcon.colcon_core.shell:Creating environment hook '/home/femi/Mybot2_ws/install/teleop_keyboard/share/teleop_keyboard/hook/pythonpath.sh'
[2.332s] Level 1:colcon.colcon_core.environment:checking '/home/femi/Mybot2_ws/install/teleop_keyboard/bin'
[2.332s] Level 1:colcon.colcon_core.environment:create_environment_scripts_only(teleop_keyboard)
[2.345s] INFO:colcon.colcon_core.shell:Creating package script '/home/femi/Mybot2_ws/install/teleop_keyboard/share/teleop_keyboard/package.ps1'
[2.346s] INFO:colcon.colcon_core.shell:Creating package descriptor '/home/femi/Mybot2_ws/install/teleop_keyboard/share/teleop_keyboard/package.dsv'
[2.346s] INFO:colcon.colcon_core.shell:Creating package script '/home/femi/Mybot2_ws/install/teleop_keyboard/share/teleop_keyboard/package.sh'
[2.348s] INFO:colcon.colcon_core.shell:Creating package script '/home/femi/Mybot2_ws/install/teleop_keyboard/share/teleop_keyboard/package.bash'
[2.348s] INFO:colcon.colcon_core.shell:Creating package script '/home/femi/Mybot2_ws/install/teleop_keyboard/share/teleop_keyboard/package.zsh'
[2.349s] Level 1:colcon.colcon_core.environment:create_file_with_runtime_dependencies(/home/femi/Mybot2_ws/install/teleop_keyboard/share/colcon-core/packages/teleop_keyboard)
[2.350s] DEBUG:colcon.colcon_parallel_executor.executor.parallel:closing loop
[2.351s] DEBUG:colcon.colcon_parallel_executor.executor.parallel:loop closed
[2.351s] DEBUG:colcon.colcon_parallel_executor.executor.parallel:run_until_complete finished with '0'
[2.351s] DEBUG:colcon.colcon_core.event_reactor:joining thread
[2.371s] INFO:colcon.colcon_core.plugin_system:Skipping extension 'colcon_notification.desktop_notification.terminal_notifier': Not used on non-Darwin systems
[2.372s] INFO:colcon.colcon_core.plugin_system:Skipping extension 'colcon_notification.desktop_notification.win32': Not used on non-Windows systems
[2.372s] INFO:colcon.colcon_notification.desktop_notification:Sending desktop notification using 'notify2'
[2.390s] DEBUG:colcon.colcon_core.event_reactor:joined thread
[2.406s] INFO:colcon.colcon_core.shell:Creating prefix script '/home/femi/Mybot2_ws/install/local_setup.ps1'
[2.407s] INFO:colcon.colcon_core.shell:Creating prefix util module '/home/femi/Mybot2_ws/install/_local_setup_util_ps1.py'
[2.409s] INFO:colcon.colcon_core.shell:Creating prefix chain script '/home/femi/Mybot2_ws/install/setup.ps1'
[2.427s] INFO:colcon.colcon_core.shell:Creating prefix script '/home/femi/Mybot2_ws/install/local_setup.sh'
[2.428s] INFO:colcon.colcon_core.shell:Creating prefix util module '/home/femi/Mybot2_ws/install/_local_setup_util_sh.py'
[2.430s] INFO:colcon.colcon_core.shell:Creating prefix chain script '/home/femi/Mybot2_ws/install/setup.sh'
[2.445s] INFO:colcon.colcon_core.shell:Creating prefix script '/home/femi/Mybot2_ws/install/local_setup.bash'
[2.446s] INFO:colcon.colcon_core.shell:Creating prefix chain script '/home/femi/Mybot2_ws/install/setup.bash'
[2.460s] INFO:colcon.colcon_core.shell:Creating prefix script '/home/femi/Mybot2_ws/install/local_setup.zsh'
[2.462s] INFO:colcon.colcon_core.shell:Creating prefix chain script '/home/femi/Mybot2_ws/install/setup.zsh'
